ARM GAS  C:\Users\3130\AppData\Local\Temp\ccHQyBB4.s 			page 1


   1              		.cpu cortex-m0
   2              		.fpu softvfp
   3              		.eabi_attribute 20, 1
   4              		.eabi_attribute 21, 1
   5              		.eabi_attribute 23, 3
   6              		.eabi_attribute 24, 1
   7              		.eabi_attribute 25, 1
   8              		.eabi_attribute 26, 1
   9              		.eabi_attribute 30, 2
  10              		.eabi_attribute 34, 0
  11              		.eabi_attribute 18, 4
  12              		.code	16
  13              		.file	"chcore_v6m.c"
  14              		.text
  15              	.Ltext0:
  16              		.cfi_sections	.debug_frame
  17              		.section	.text._port_switch_from_isr,"ax",%progbits
  18              		.align	2
  19              		.p2align 4,,15
  20              		.global	_port_switch_from_isr
  21              		.code	16
  22              		.thumb_func
  23              		.type	_port_switch_from_isr, %function
  24              	_port_switch_from_isr:
  25              	.LFB10:
  26              		.file 1 "../../ChibiOS_2.6.1/os/ports/GCC/ARMCMx/chcore_v6m.c"
  27              		.loc 1 141 0
  28              		.cfi_startproc
  29              		.loc 1 144 0
  30 0000 FFF7FEFF 		bl	chSchDoReschedule
  31              	.LVL0:
  32              		.loc 1 146 0
  33              	@ 146 "../../ChibiOS_2.6.1/os/ports/GCC/ARMCMx/chcore_v6m.c" 1
  34              		_port_exit_from_isr:
  35              	@ 0 "" 2
  36              		.loc 1 151 0
  37              		.code	16
  38 0004 8022     		mov	r2, #128
  39 0006 024B     		ldr	r3, .L4
  40 0008 1006     		lsl	r0, r2, #24
  41 000a 5860     		str	r0, [r3, #4]
  42              	.L2:
  43 000c FEE7     		b	.L2
  44              	.L5:
  45 000e C046     		.align	2
  46              	.L4:
  47 0010 00ED00E0 		.word	-536810240
  48              		.cfi_endproc
  49              	.LFE10:
  50              		.size	_port_switch_from_isr, .-_port_switch_from_isr
  51 0014 C046C046 		.section	.text.NMIVector,"ax",%progbits
  51      C046C046 
  51      C046C046 
  52              		.align	2
  53              		.p2align 4,,15
  54              		.global	NMIVector
  55              		.code	16
ARM GAS  C:\Users\3130\AppData\Local\Temp\ccHQyBB4.s 			page 2


  56              		.thumb_func
  57              		.type	NMIVector, %function
  58              	NMIVector:
  59              	.LFB8:
  60              		.loc 1 64 0
  61              		.cfi_startproc
  62              		.loc 1 69 0
  63              	@ 69 "../../ChibiOS_2.6.1/os/ports/GCC/ARMCMx/chcore_v6m.c" 1
  64 0000 EFF30983 		mrs     r3, PSP
  65              	@ 0 "" 2
  66              	.LVL1:
  67              		.loc 1 70 0
  68              		.code	16
  69 0004 2033     		add	r3, r3, #32
  70              	.LVL2:
  71              		.loc 1 71 0
  72              	@ 71 "../../ChibiOS_2.6.1/os/ports/GCC/ARMCMx/chcore_v6m.c" 1
  73 0006 83F30988 		msr     PSP, r3
  74              	@ 0 "" 2
  75              		.loc 1 72 0
  76              	@ 72 "../../ChibiOS_2.6.1/os/ports/GCC/ARMCMx/chcore_v6m.c" 1
  77 000a 62B6     		cpsie   i
  78              	@ 0 "" 2
  79              		.loc 1 73 0
  80              		.code	16
  81              		@ sp needed for prologue
  82 000c 7047     		bx	lr
  83              		.cfi_endproc
  84              	.LFE8:
  85              		.size	NMIVector, .-NMIVector
  86 000e C046     		.section	.text._port_irq_epilogue,"ax",%progbits
  87              		.align	2
  88              		.p2align 4,,15
  89              		.global	_port_irq_epilogue
  90              		.code	16
  91              		.thumb_func
  92              		.type	_port_irq_epilogue, %function
  93              	_port_irq_epilogue:
  94              	.LFB9:
  95              		.loc 1 102 0
  96              		.cfi_startproc
  97              	.LVL3:
  98              		.loc 1 104 0
  99 0000 0F30     		add	r0, r0, #15
 100 0002 17D0     		beq	.L7
 101              	.LVL4:
 102              	.LBB2:
 103              		.loc 1 107 0
 104              	@ 107 "../../ChibiOS_2.6.1/os/ports/GCC/ARMCMx/chcore_v6m.c" 1
 105 0004 72B6     		cpsid   i
 106              	@ 0 "" 2
 107              		.loc 1 110 0
 108              	@ 110 "../../ChibiOS_2.6.1/os/ports/GCC/ARMCMx/chcore_v6m.c" 1
 109 0006 EFF30983 		mrs     r3, PSP
 110              	@ 0 "" 2
 111              	.LVL5:
 112              		.loc 1 111 0
ARM GAS  C:\Users\3130\AppData\Local\Temp\ccHQyBB4.s 			page 3


 113              		.code	16
 114 000a 203B     		sub	r3, r3, #32
 115              	.LVL6:
 116              		.loc 1 112 0
 117              	@ 112 "../../ChibiOS_2.6.1/os/ports/GCC/ARMCMx/chcore_v6m.c" 1
 118 000c 83F30988 		msr     PSP, r3
 119              	@ 0 "" 2
 120              		.loc 1 113 0
 121              		.code	16
 122 0010 8022     		mov	r2, #128
 123 0012 5004     		lsl	r0, r2, #17
 124 0014 D861     		str	r0, [r3, #28]
 125              		.loc 1 117 0
 126 0016 0D48     		ldr	r0, .L17
 127 0018 8169     		ldr	r1, [r0, #24]
 128 001a CA7F     		ldrb	r2, [r1, #31]
 129 001c 002A     		cmp	r2, #0
 130 001e 0AD1     		bne	.L15
 131              		.loc 1 117 0 is_stmt 0 discriminator 2
 132 0020 0068     		ldr	r0, [r0]
 133 0022 8968     		ldr	r1, [r1, #8]
 134 0024 8068     		ldr	r0, [r0, #8]
 135 0026 8842     		cmp	r0, r1
 136 0028 5241     		adc	r2, r2, r2
 137 002a D2B2     		uxtb	r2, r2
 138 002c 002A     		cmp	r2, #0
 139 002e 0AD1     		bne	.L16
 140              	.L11:
 141              		.loc 1 124 0 is_stmt 1
 142 0030 074A     		ldr	r2, .L17+4
 143 0032 9A61     		str	r2, [r3, #24]
 144              	.LVL7:
 145              	.L7:
 146              	.LBE2:
 147              		.loc 1 130 0
 148              		@ sp needed for prologue
 149 0034 7047     		bx	lr
 150              	.LVL8:
 151              	.L15:
 152              	.LBB3:
 153              		.loc 1 117 0 discriminator 1
 154 0036 0068     		ldr	r0, [r0]
 155 0038 8968     		ldr	r1, [r1, #8]
 156 003a 8268     		ldr	r2, [r0, #8]
 157 003c 9142     		cmp	r1, r2
 158 003e 8041     		sbc	r0, r0, r0
 159 0040 4242     		neg	r2, r0
 160 0042 002A     		cmp	r2, #0
 161 0044 F4D0     		beq	.L11
 162              	.L16:
 163              		.loc 1 119 0
 164 0046 0349     		ldr	r1, .L17+8
 165 0048 9961     		str	r1, [r3, #24]
 166 004a F3E7     		b	.L7
 167              	.L18:
 168              		.align	2
 169              	.L17:
ARM GAS  C:\Users\3130\AppData\Local\Temp\ccHQyBB4.s 			page 4


 170 004c 00000000 		.word	rlist
 171 0050 04000000 		.word	_port_exit_from_isr
 172 0054 00000000 		.word	_port_switch_from_isr
 173              	.LBE3:
 174              		.cfi_endproc
 175              	.LFE9:
 176              		.size	_port_irq_epilogue, .-_port_irq_epilogue
 177 0058 C046C046 		.section	.text.SysTickVector,"ax",%progbits
 177      C046C046 
 178              		.align	2
 179              		.p2align 4,,15
 180              		.global	SysTickVector
 181              		.code	16
 182              		.thumb_func
 183              		.type	SysTickVector, %function
 184              	SysTickVector:
 185              	.LFB7:
 186              		.loc 1 47 0
 187              		.cfi_startproc
 188 0000 10B5     		push	{r4, lr}
 189              	.LCFI0:
 190              		.cfi_def_cfa_offset 8
 191              		.cfi_offset 4, -8
 192              		.cfi_offset 14, -4
 193              		.loc 1 49 0
 194              	@ 49 "../../ChibiOS_2.6.1/os/ports/GCC/ARMCMx/chcore_v6m.c" 1
 195 0002 7446     		mov     r4, lr
 196              	@ 0 "" 2
 197              	.LVL9:
 198              		.loc 1 51 0
 199              	@ 51 "../../ChibiOS_2.6.1/os/ports/GCC/ARMCMx/chcore_v6m.c" 1
 200 0004 72B6     		cpsid   i
 201              	@ 0 "" 2
 202              		.loc 1 52 0
 203              		.code	16
 204 0006 FFF7FEFF 		bl	chSysTimerHandlerI
 205              	.LVL10:
 206              		.loc 1 53 0
 207              	@ 53 "../../ChibiOS_2.6.1/os/ports/GCC/ARMCMx/chcore_v6m.c" 1
 208 000a 62B6     		cpsie   i
 209              	@ 0 "" 2
 210              		.loc 1 55 0
 211              		.code	16
 212 000c 201C     		mov	r0, r4
 213 000e FFF7FEFF 		bl	_port_irq_epilogue
 214              	.LVL11:
 215              		.loc 1 56 0
 216              		@ sp needed for prologue
 217              	.LVL12:
 218 0012 10BD     		pop	{r4, pc}
 219              		.cfi_endproc
 220              	.LFE7:
 221              		.size	SysTickVector, .-SysTickVector
 222 0014 C046C046 		.section	.text._port_switch,"ax",%progbits
 222      C046C046 
 222      C046C046 
 223              		.align	2
ARM GAS  C:\Users\3130\AppData\Local\Temp\ccHQyBB4.s 			page 5


 224              		.p2align 4,,15
 225              		.global	_port_switch
 226              		.code	16
 227              		.thumb_func
 228              		.type	_port_switch, %function
 229              	_port_switch:
 230              	.LFB11:
 231              		.loc 1 172 0
 232              		.cfi_startproc
 233              	.LVL13:
 234              		.loc 1 175 0
 235              	@ 175 "../../ChibiOS_2.6.1/os/ports/GCC/ARMCMx/chcore_v6m.c" 1
 236 0000 F0B5     		push    {r4, r5, r6, r7, lr}                   
 237 0002 4446     		mov     r4, r8                                 
 238 0004 4D46     		mov     r5, r9                                 
 239 0006 5646     		mov     r6, r10                                
 240 0008 5F46     		mov     r7, r11                                
 241 000a F0B4     		push    {r4, r5, r6, r7}
 242              	@ 0 "" 2
 243              		.loc 1 182 0
 244              		.code	16
 245 000c 6B46     		mov	r3, sp
 246 000e CB60     		str	r3, [r1, #12]
 247              		.loc 1 183 0
 248 0010 C368     		ldr	r3, [r0, #12]
 249 0012 9D46     		mov	sp, r3
 250              	.LVL14:
 251              		.loc 1 185 0
 252              	@ 185 "../../ChibiOS_2.6.1/os/ports/GCC/ARMCMx/chcore_v6m.c" 1
 253 0014 F0BC     		pop     {r4, r5, r6, r7}                       
 254 0016 A046     		mov     r8, r4                                 
 255 0018 A946     		mov     r9, r5                                 
 256 001a B246     		mov     r10, r6                                
 257 001c BB46     		mov     r11, r7                                
 258 001e F0BD     		pop     {r4, r5, r6, r7, pc}
 259              	@ 0 "" 2
 260              		.loc 1 191 0
 261              		.code	16
 262              		.cfi_endproc
 263              	.LFE11:
 264              		.size	_port_switch, .-_port_switch
 265              		.section	.text._port_thread_start,"ax",%progbits
 266              		.align	2
 267              		.p2align 4,,15
 268              		.global	_port_thread_start
 269              		.code	16
 270              		.thumb_func
 271              		.type	_port_thread_start, %function
 272              	_port_thread_start:
 273              	.LFB12:
 274              		.loc 1 198 0
 275              		.cfi_startproc
 276              		.loc 1 200 0
 277              	@ 200 "../../ChibiOS_2.6.1/os/ports/GCC/ARMCMx/chcore_v6m.c" 1
 278 0000 62B6     		cpsie   i
 279              	@ 0 "" 2
 280              		.loc 1 201 0
ARM GAS  C:\Users\3130\AppData\Local\Temp\ccHQyBB4.s 			page 6


 281              	@ 201 "../../ChibiOS_2.6.1/os/ports/GCC/ARMCMx/chcore_v6m.c" 1
 282 0002 281C     		mov     r0, r5                                 
 283 0004 A047     		blx     r4                                     
 284 0006 FFF7FEFF 		bl      chThdExit
 285              	@ 0 "" 2
 286              		.loc 1 204 0
 287              		.code	16
 288              		@ sp needed for prologue
 289 000a 7047     		bx	lr
 290              		.cfi_endproc
 291              	.LFE12:
 292              		.size	_port_thread_start, .-_port_thread_start
 293 000c C046C046 		.text
 294              	.Letext0:
 295              		.file 2 "c:\\stm32f0-discovery_tools\\gcc-arm-none-eabi\\bin\\../lib/gcc/arm-none-eabi/4.7.4/../..
 296              		.file 3 "../../ChibiOS_2.6.1/os/ports/GCC/ARMCMx/chtypes.h"
 297              		.file 4 "../../ChibiOS_2.6.1/os/kernel/include/chlists.h"
 298              		.file 5 "../../ChibiOS_2.6.1/os/kernel/include/chthreads.h"
 299              		.file 6 "../../ChibiOS_2.6.1/os/ports/GCC/ARMCMx/chcore_v6m.h"
 300              		.file 7 "../../ChibiOS_2.6.1/os/ports/common/ARMCMx/nvic.h"
 301              		.file 8 "../../ChibiOS_2.6.1/os/kernel/include/chschd.h"
 302              		.file 9 "../../ChibiOS_2.6.1/os/kernel/include/chmtx.h"
 303              		.file 10 "../../ChibiOS_2.6.1/os/kernel/include/chsys.h"
 304              		.section	.debug_info,"",%progbits
 305              	.Ldebug_info0:
 306 0000 92070000 		.4byte	0x792
 307 0004 0200     		.2byte	0x2
 308 0006 00000000 		.4byte	.Ldebug_abbrev0
 309 000a 04       		.byte	0x4
 310 000b 01       		.uleb128 0x1
 311 000c 8B030000 		.4byte	.LASF92
 312 0010 01       		.byte	0x1
 313 0011 7E020000 		.4byte	.LASF93
 314 0015 20030000 		.4byte	.LASF94
 315 0019 18000000 		.4byte	.Ldebug_ranges0+0x18
 316 001d 00000000 		.4byte	0
 317 0021 00000000 		.4byte	0
 318 0025 00000000 		.4byte	.Ldebug_line0
 319 0029 02       		.uleb128 0x2
 320 002a 04       		.byte	0x4
 321 002b 05       		.byte	0x5
 322 002c 696E7400 		.ascii	"int\000"
 323 0030 03       		.uleb128 0x3
 324 0031 04       		.byte	0x4
 325 0032 07       		.byte	0x7
 326 0033 F6000000 		.4byte	.LASF0
 327 0037 03       		.uleb128 0x3
 328 0038 01       		.byte	0x1
 329 0039 06       		.byte	0x6
 330 003a 7B000000 		.4byte	.LASF1
 331 003e 04       		.uleb128 0x4
 332 003f 83030000 		.4byte	.LASF5
 333 0043 02       		.byte	0x2
 334 0044 2A       		.byte	0x2a
 335 0045 49000000 		.4byte	0x49
 336 0049 03       		.uleb128 0x3
 337 004a 01       		.byte	0x1
ARM GAS  C:\Users\3130\AppData\Local\Temp\ccHQyBB4.s 			page 7


 338 004b 08       		.byte	0x8
 339 004c 2A020000 		.4byte	.LASF2
 340 0050 03       		.uleb128 0x3
 341 0051 02       		.byte	0x2
 342 0052 05       		.byte	0x5
 343 0053 48020000 		.4byte	.LASF3
 344 0057 03       		.uleb128 0x3
 345 0058 02       		.byte	0x2
 346 0059 07       		.byte	0x7
 347 005a 53010000 		.4byte	.LASF4
 348 005e 04       		.uleb128 0x4
 349 005f 22020000 		.4byte	.LASF6
 350 0063 02       		.byte	0x2
 351 0064 4F       		.byte	0x4f
 352 0065 69000000 		.4byte	0x69
 353 0069 03       		.uleb128 0x3
 354 006a 04       		.byte	0x4
 355 006b 05       		.byte	0x5
 356 006c A1000000 		.4byte	.LASF7
 357 0070 04       		.uleb128 0x4
 358 0071 CD020000 		.4byte	.LASF8
 359 0075 02       		.byte	0x2
 360 0076 50       		.byte	0x50
 361 0077 7B000000 		.4byte	0x7b
 362 007b 03       		.uleb128 0x3
 363 007c 04       		.byte	0x4
 364 007d 07       		.byte	0x7
 365 007e 1E010000 		.4byte	.LASF9
 366 0082 03       		.uleb128 0x3
 367 0083 08       		.byte	0x8
 368 0084 05       		.byte	0x5
 369 0085 6D000000 		.4byte	.LASF10
 370 0089 03       		.uleb128 0x3
 371 008a 08       		.byte	0x8
 372 008b 07       		.byte	0x7
 373 008c 36000000 		.4byte	.LASF11
 374 0090 03       		.uleb128 0x3
 375 0091 01       		.byte	0x1
 376 0092 02       		.byte	0x2
 377 0093 1C020000 		.4byte	.LASF12
 378 0097 04       		.uleb128 0x4
 379 0098 95010000 		.4byte	.LASF13
 380 009c 03       		.byte	0x3
 381 009d 2C       		.byte	0x2c
 382 009e 3E000000 		.4byte	0x3e
 383 00a2 04       		.uleb128 0x4
 384 00a3 AA000000 		.4byte	.LASF14
 385 00a7 03       		.byte	0x3
 386 00a8 2D       		.byte	0x2d
 387 00a9 3E000000 		.4byte	0x3e
 388 00ad 04       		.uleb128 0x4
 389 00ae 00020000 		.4byte	.LASF15
 390 00b2 03       		.byte	0x3
 391 00b3 2E       		.byte	0x2e
 392 00b4 3E000000 		.4byte	0x3e
 393 00b8 04       		.uleb128 0x4
 394 00b9 97000000 		.4byte	.LASF16
ARM GAS  C:\Users\3130\AppData\Local\Temp\ccHQyBB4.s 			page 8


 395 00bd 03       		.byte	0x3
 396 00be 2F       		.byte	0x2f
 397 00bf 3E000000 		.4byte	0x3e
 398 00c3 04       		.uleb128 0x4
 399 00c4 14020000 		.4byte	.LASF17
 400 00c8 03       		.byte	0x3
 401 00c9 30       		.byte	0x30
 402 00ca 70000000 		.4byte	0x70
 403 00ce 04       		.uleb128 0x4
 404 00cf 6B010000 		.4byte	.LASF18
 405 00d3 03       		.byte	0x3
 406 00d4 31       		.byte	0x31
 407 00d5 5E000000 		.4byte	0x5e
 408 00d9 04       		.uleb128 0x4
 409 00da A9010000 		.4byte	.LASF19
 410 00de 03       		.byte	0x3
 411 00df 33       		.byte	0x33
 412 00e0 70000000 		.4byte	0x70
 413 00e4 04       		.uleb128 0x4
 414 00e5 FF020000 		.4byte	.LASF20
 415 00e9 03       		.byte	0x3
 416 00ea 35       		.byte	0x35
 417 00eb 70000000 		.4byte	0x70
 418 00ef 04       		.uleb128 0x4
 419 00f0 BB020000 		.4byte	.LASF21
 420 00f4 04       		.byte	0x4
 421 00f5 2A       		.byte	0x2a
 422 00f6 FA000000 		.4byte	0xfa
 423 00fa 05       		.uleb128 0x5
 424 00fb BB020000 		.4byte	.LASF21
 425 00ff 48       		.byte	0x48
 426 0100 05       		.byte	0x5
 427 0101 5E       		.byte	0x5e
 428 0102 1F020000 		.4byte	0x21f
 429 0106 06       		.uleb128 0x6
 430 0107 77020000 		.4byte	.LASF22
 431 010b 05       		.byte	0x5
 432 010c 5F       		.byte	0x5f
 433 010d 44020000 		.4byte	0x244
 434 0111 02       		.byte	0x2
 435 0112 23       		.byte	0x23
 436 0113 00       		.uleb128 0
 437 0114 06       		.uleb128 0x6
 438 0115 0D020000 		.4byte	.LASF23
 439 0119 05       		.byte	0x5
 440 011a 61       		.byte	0x61
 441 011b 44020000 		.4byte	0x244
 442 011f 02       		.byte	0x2
 443 0120 23       		.byte	0x23
 444 0121 04       		.uleb128 0x4
 445 0122 06       		.uleb128 0x6
 446 0123 5C000000 		.4byte	.LASF24
 447 0127 05       		.byte	0x5
 448 0128 63       		.byte	0x63
 449 0129 C3000000 		.4byte	0xc3
 450 012d 02       		.byte	0x2
 451 012e 23       		.byte	0x23
ARM GAS  C:\Users\3130\AppData\Local\Temp\ccHQyBB4.s 			page 9


 452 012f 08       		.uleb128 0x8
 453 0130 06       		.uleb128 0x6
 454 0131 CE030000 		.4byte	.LASF25
 455 0135 05       		.byte	0x5
 456 0136 64       		.byte	0x64
 457 0137 80030000 		.4byte	0x380
 458 013b 02       		.byte	0x2
 459 013c 23       		.byte	0x23
 460 013d 0C       		.uleb128 0xc
 461 013e 06       		.uleb128 0x6
 462 013f C6000000 		.4byte	.LASF26
 463 0143 05       		.byte	0x5
 464 0144 66       		.byte	0x66
 465 0145 44020000 		.4byte	0x244
 466 0149 02       		.byte	0x2
 467 014a 23       		.byte	0x23
 468 014b 10       		.uleb128 0x10
 469 014c 06       		.uleb128 0x6
 470 014d C9010000 		.4byte	.LASF27
 471 0151 05       		.byte	0x5
 472 0152 67       		.byte	0x67
 473 0153 44020000 		.4byte	0x244
 474 0157 02       		.byte	0x2
 475 0158 23       		.byte	0x23
 476 0159 14       		.uleb128 0x14
 477 015a 06       		.uleb128 0x6
 478 015b B4030000 		.4byte	.LASF28
 479 015f 05       		.byte	0x5
 480 0160 6E       		.byte	0x6e
 481 0161 36060000 		.4byte	0x636
 482 0165 02       		.byte	0x2
 483 0166 23       		.byte	0x23
 484 0167 18       		.uleb128 0x18
 485 0168 06       		.uleb128 0x6
 486 0169 52020000 		.4byte	.LASF29
 487 016d 05       		.byte	0x5
 488 016e 79       		.byte	0x79
 489 016f A2000000 		.4byte	0xa2
 490 0173 02       		.byte	0x2
 491 0174 23       		.byte	0x23
 492 0175 1C       		.uleb128 0x1c
 493 0176 06       		.uleb128 0x6
 494 0177 B3020000 		.4byte	.LASF30
 495 017b 05       		.byte	0x5
 496 017c 7D       		.byte	0x7d
 497 017d 97000000 		.4byte	0x97
 498 0181 02       		.byte	0x2
 499 0182 23       		.byte	0x23
 500 0183 1D       		.uleb128 0x1d
 501 0184 06       		.uleb128 0x6
 502 0185 67030000 		.4byte	.LASF31
 503 0189 05       		.byte	0x5
 504 018a 82       		.byte	0x82
 505 018b AD000000 		.4byte	0xad
 506 018f 02       		.byte	0x2
 507 0190 23       		.byte	0x23
 508 0191 1E       		.uleb128 0x1e
ARM GAS  C:\Users\3130\AppData\Local\Temp\ccHQyBB4.s 			page 10


 509 0192 06       		.uleb128 0x6
 510 0193 5A020000 		.4byte	.LASF32
 511 0197 05       		.byte	0x5
 512 0198 88       		.byte	0x88
 513 0199 B8000000 		.4byte	0xb8
 514 019d 02       		.byte	0x2
 515 019e 23       		.byte	0x23
 516 019f 1F       		.uleb128 0x1f
 517 01a0 06       		.uleb128 0x6
 518 01a1 14030000 		.4byte	.LASF33
 519 01a5 05       		.byte	0x5
 520 01a6 8F       		.byte	0x8f
 521 01a7 4C050000 		.4byte	0x54c
 522 01ab 02       		.byte	0x2
 523 01ac 23       		.byte	0x23
 524 01ad 20       		.uleb128 0x20
 525 01ae 07       		.uleb128 0x7
 526 01af 705F7500 		.ascii	"p_u\000"
 527 01b3 05       		.byte	0x5
 528 01b4 B4       		.byte	0xb4
 529 01b5 01060000 		.4byte	0x601
 530 01b9 02       		.byte	0x2
 531 01ba 23       		.byte	0x23
 532 01bb 24       		.uleb128 0x24
 533 01bc 06       		.uleb128 0x6
 534 01bd D4030000 		.4byte	.LASF34
 535 01c1 05       		.byte	0x5
 536 01c2 B9       		.byte	0xb9
 537 01c3 6C020000 		.4byte	0x26c
 538 01c7 02       		.byte	0x2
 539 01c8 23       		.byte	0x23
 540 01c9 28       		.uleb128 0x28
 541 01ca 06       		.uleb128 0x6
 542 01cb 5C030000 		.4byte	.LASF35
 543 01cf 05       		.byte	0x5
 544 01d0 BF       		.byte	0xbf
 545 01d1 4A020000 		.4byte	0x24a
 546 01d5 02       		.byte	0x2
 547 01d6 23       		.byte	0x23
 548 01d7 2C       		.uleb128 0x2c
 549 01d8 06       		.uleb128 0x6
 550 01d9 00000000 		.4byte	.LASF36
 551 01dd 05       		.byte	0x5
 552 01de C3       		.byte	0xc3
 553 01df CE000000 		.4byte	0xce
 554 01e3 02       		.byte	0x2
 555 01e4 23       		.byte	0x23
 556 01e5 34       		.uleb128 0x34
 557 01e6 06       		.uleb128 0x6
 558 01e7 C2020000 		.4byte	.LASF37
 559 01eb 05       		.byte	0x5
 560 01ec C9       		.byte	0xc9
 561 01ed D9000000 		.4byte	0xd9
 562 01f1 02       		.byte	0x2
 563 01f2 23       		.byte	0x23
 564 01f3 38       		.uleb128 0x38
 565 01f4 06       		.uleb128 0x6
ARM GAS  C:\Users\3130\AppData\Local\Temp\ccHQyBB4.s 			page 11


 566 01f5 3E020000 		.4byte	.LASF38
 567 01f9 05       		.byte	0x5
 568 01fa D0       		.byte	0xd0
 569 01fb 48060000 		.4byte	0x648
 570 01ff 02       		.byte	0x2
 571 0200 23       		.byte	0x23
 572 0201 3C       		.uleb128 0x3c
 573 0202 06       		.uleb128 0x6
 574 0203 09030000 		.4byte	.LASF39
 575 0207 05       		.byte	0x5
 576 0208 D4       		.byte	0xd4
 577 0209 C3000000 		.4byte	0xc3
 578 020d 02       		.byte	0x2
 579 020e 23       		.byte	0x23
 580 020f 40       		.uleb128 0x40
 581 0210 06       		.uleb128 0x6
 582 0211 87000000 		.4byte	.LASF40
 583 0215 05       		.byte	0x5
 584 0216 DA       		.byte	0xda
 585 0217 82020000 		.4byte	0x282
 586 021b 02       		.byte	0x2
 587 021c 23       		.byte	0x23
 588 021d 44       		.uleb128 0x44
 589 021e 00       		.byte	0
 590 021f 08       		.uleb128 0x8
 591 0220 08       		.byte	0x8
 592 0221 04       		.byte	0x4
 593 0222 61       		.byte	0x61
 594 0223 44020000 		.4byte	0x244
 595 0227 06       		.uleb128 0x6
 596 0228 77020000 		.4byte	.LASF22
 597 022c 04       		.byte	0x4
 598 022d 62       		.byte	0x62
 599 022e 44020000 		.4byte	0x244
 600 0232 02       		.byte	0x2
 601 0233 23       		.byte	0x23
 602 0234 00       		.uleb128 0
 603 0235 06       		.uleb128 0x6
 604 0236 0D020000 		.4byte	.LASF23
 605 023a 04       		.byte	0x4
 606 023b 64       		.byte	0x64
 607 023c 44020000 		.4byte	0x244
 608 0240 02       		.byte	0x2
 609 0241 23       		.byte	0x23
 610 0242 04       		.uleb128 0x4
 611 0243 00       		.byte	0
 612 0244 09       		.uleb128 0x9
 613 0245 04       		.byte	0x4
 614 0246 EF000000 		.4byte	0xef
 615 024a 04       		.uleb128 0x4
 616 024b D7010000 		.4byte	.LASF41
 617 024f 04       		.byte	0x4
 618 0250 66       		.byte	0x66
 619 0251 1F020000 		.4byte	0x21f
 620 0255 08       		.uleb128 0x8
 621 0256 04       		.byte	0x4
 622 0257 04       		.byte	0x4
ARM GAS  C:\Users\3130\AppData\Local\Temp\ccHQyBB4.s 			page 12


 623 0258 6B       		.byte	0x6b
 624 0259 6C020000 		.4byte	0x26c
 625 025d 06       		.uleb128 0x6
 626 025e 77020000 		.4byte	.LASF22
 627 0262 04       		.byte	0x4
 628 0263 6D       		.byte	0x6d
 629 0264 44020000 		.4byte	0x244
 630 0268 02       		.byte	0x2
 631 0269 23       		.byte	0x23
 632 026a 00       		.uleb128 0
 633 026b 00       		.byte	0
 634 026c 04       		.uleb128 0x4
 635 026d 9D010000 		.4byte	.LASF42
 636 0271 04       		.byte	0x4
 637 0272 70       		.byte	0x70
 638 0273 55020000 		.4byte	0x255
 639 0277 04       		.uleb128 0x4
 640 0278 DB000000 		.4byte	.LASF43
 641 027c 06       		.byte	0x6
 642 027d A7       		.byte	0xa7
 643 027e 82020000 		.4byte	0x282
 644 0282 0A       		.uleb128 0xa
 645 0283 04       		.byte	0x4
 646 0284 05       		.uleb128 0x5
 647 0285 0A010000 		.4byte	.LASF44
 648 0289 20       		.byte	0x20
 649 028a 06       		.byte	0x6
 650 028b AF       		.byte	0xaf
 651 028c FC020000 		.4byte	0x2fc
 652 0290 07       		.uleb128 0x7
 653 0291 723000   		.ascii	"r0\000"
 654 0294 06       		.byte	0x6
 655 0295 B0       		.byte	0xb0
 656 0296 77020000 		.4byte	0x277
 657 029a 02       		.byte	0x2
 658 029b 23       		.byte	0x23
 659 029c 00       		.uleb128 0
 660 029d 07       		.uleb128 0x7
 661 029e 723100   		.ascii	"r1\000"
 662 02a1 06       		.byte	0x6
 663 02a2 B1       		.byte	0xb1
 664 02a3 77020000 		.4byte	0x277
 665 02a7 02       		.byte	0x2
 666 02a8 23       		.byte	0x23
 667 02a9 04       		.uleb128 0x4
 668 02aa 07       		.uleb128 0x7
 669 02ab 723200   		.ascii	"r2\000"
 670 02ae 06       		.byte	0x6
 671 02af B2       		.byte	0xb2
 672 02b0 77020000 		.4byte	0x277
 673 02b4 02       		.byte	0x2
 674 02b5 23       		.byte	0x23
 675 02b6 08       		.uleb128 0x8
 676 02b7 07       		.uleb128 0x7
 677 02b8 723300   		.ascii	"r3\000"
 678 02bb 06       		.byte	0x6
 679 02bc B3       		.byte	0xb3
ARM GAS  C:\Users\3130\AppData\Local\Temp\ccHQyBB4.s 			page 13


 680 02bd 77020000 		.4byte	0x277
 681 02c1 02       		.byte	0x2
 682 02c2 23       		.byte	0x23
 683 02c3 0C       		.uleb128 0xc
 684 02c4 07       		.uleb128 0x7
 685 02c5 72313200 		.ascii	"r12\000"
 686 02c9 06       		.byte	0x6
 687 02ca B4       		.byte	0xb4
 688 02cb 77020000 		.4byte	0x277
 689 02cf 02       		.byte	0x2
 690 02d0 23       		.byte	0x23
 691 02d1 10       		.uleb128 0x10
 692 02d2 06       		.uleb128 0x6
 693 02d3 03010000 		.4byte	.LASF45
 694 02d7 06       		.byte	0x6
 695 02d8 B5       		.byte	0xb5
 696 02d9 77020000 		.4byte	0x277
 697 02dd 02       		.byte	0x2
 698 02de 23       		.byte	0x23
 699 02df 14       		.uleb128 0x14
 700 02e0 07       		.uleb128 0x7
 701 02e1 706300   		.ascii	"pc\000"
 702 02e4 06       		.byte	0x6
 703 02e5 B6       		.byte	0xb6
 704 02e6 77020000 		.4byte	0x277
 705 02ea 02       		.byte	0x2
 706 02eb 23       		.byte	0x23
 707 02ec 18       		.uleb128 0x18
 708 02ed 06       		.uleb128 0x6
 709 02ee 64020000 		.4byte	.LASF46
 710 02f2 06       		.byte	0x6
 711 02f3 B7       		.byte	0xb7
 712 02f4 77020000 		.4byte	0x277
 713 02f8 02       		.byte	0x2
 714 02f9 23       		.byte	0x23
 715 02fa 1C       		.uleb128 0x1c
 716 02fb 00       		.byte	0
 717 02fc 05       		.uleb128 0x5
 718 02fd 55030000 		.4byte	.LASF47
 719 0301 24       		.byte	0x24
 720 0302 06       		.byte	0x6
 721 0303 BA       		.byte	0xba
 722 0304 80030000 		.4byte	0x380
 723 0308 07       		.uleb128 0x7
 724 0309 723800   		.ascii	"r8\000"
 725 030c 06       		.byte	0x6
 726 030d BB       		.byte	0xbb
 727 030e 77020000 		.4byte	0x277
 728 0312 02       		.byte	0x2
 729 0313 23       		.byte	0x23
 730 0314 00       		.uleb128 0
 731 0315 07       		.uleb128 0x7
 732 0316 723900   		.ascii	"r9\000"
 733 0319 06       		.byte	0x6
 734 031a BC       		.byte	0xbc
 735 031b 77020000 		.4byte	0x277
 736 031f 02       		.byte	0x2
ARM GAS  C:\Users\3130\AppData\Local\Temp\ccHQyBB4.s 			page 14


 737 0320 23       		.byte	0x23
 738 0321 04       		.uleb128 0x4
 739 0322 07       		.uleb128 0x7
 740 0323 72313000 		.ascii	"r10\000"
 741 0327 06       		.byte	0x6
 742 0328 BD       		.byte	0xbd
 743 0329 77020000 		.4byte	0x277
 744 032d 02       		.byte	0x2
 745 032e 23       		.byte	0x23
 746 032f 08       		.uleb128 0x8
 747 0330 07       		.uleb128 0x7
 748 0331 72313100 		.ascii	"r11\000"
 749 0335 06       		.byte	0x6
 750 0336 BE       		.byte	0xbe
 751 0337 77020000 		.4byte	0x277
 752 033b 02       		.byte	0x2
 753 033c 23       		.byte	0x23
 754 033d 0C       		.uleb128 0xc
 755 033e 07       		.uleb128 0x7
 756 033f 723400   		.ascii	"r4\000"
 757 0342 06       		.byte	0x6
 758 0343 BF       		.byte	0xbf
 759 0344 77020000 		.4byte	0x277
 760 0348 02       		.byte	0x2
 761 0349 23       		.byte	0x23
 762 034a 10       		.uleb128 0x10
 763 034b 07       		.uleb128 0x7
 764 034c 723500   		.ascii	"r5\000"
 765 034f 06       		.byte	0x6
 766 0350 C0       		.byte	0xc0
 767 0351 77020000 		.4byte	0x277
 768 0355 02       		.byte	0x2
 769 0356 23       		.byte	0x23
 770 0357 14       		.uleb128 0x14
 771 0358 07       		.uleb128 0x7
 772 0359 723600   		.ascii	"r6\000"
 773 035c 06       		.byte	0x6
 774 035d C1       		.byte	0xc1
 775 035e 77020000 		.4byte	0x277
 776 0362 02       		.byte	0x2
 777 0363 23       		.byte	0x23
 778 0364 18       		.uleb128 0x18
 779 0365 07       		.uleb128 0x7
 780 0366 723700   		.ascii	"r7\000"
 781 0369 06       		.byte	0x6
 782 036a C2       		.byte	0xc2
 783 036b 77020000 		.4byte	0x277
 784 036f 02       		.byte	0x2
 785 0370 23       		.byte	0x23
 786 0371 1C       		.uleb128 0x1c
 787 0372 07       		.uleb128 0x7
 788 0373 6C7200   		.ascii	"lr\000"
 789 0376 06       		.byte	0x6
 790 0377 C3       		.byte	0xc3
 791 0378 77020000 		.4byte	0x277
 792 037c 02       		.byte	0x2
 793 037d 23       		.byte	0x23
ARM GAS  C:\Users\3130\AppData\Local\Temp\ccHQyBB4.s 			page 15


 794 037e 20       		.uleb128 0x20
 795 037f 00       		.byte	0
 796 0380 05       		.uleb128 0x5
 797 0381 4B010000 		.4byte	.LASF48
 798 0385 04       		.byte	0x4
 799 0386 06       		.byte	0x6
 800 0387 CD       		.byte	0xcd
 801 0388 9B030000 		.4byte	0x39b
 802 038c 07       		.uleb128 0x7
 803 038d 72313300 		.ascii	"r13\000"
 804 0391 06       		.byte	0x6
 805 0392 CE       		.byte	0xce
 806 0393 9B030000 		.4byte	0x39b
 807 0397 02       		.byte	0x2
 808 0398 23       		.byte	0x23
 809 0399 00       		.uleb128 0
 810 039a 00       		.byte	0
 811 039b 09       		.uleb128 0x9
 812 039c 04       		.byte	0x4
 813 039d FC020000 		.4byte	0x2fc
 814 03a1 04       		.uleb128 0x4
 815 03a2 F0020000 		.4byte	.LASF49
 816 03a6 07       		.byte	0x7
 817 03a7 3A       		.byte	0x3a
 818 03a8 AC030000 		.4byte	0x3ac
 819 03ac 0B       		.uleb128 0xb
 820 03ad 70000000 		.4byte	0x70
 821 03b1 03       		.uleb128 0x3
 822 03b2 04       		.byte	0x4
 823 03b3 07       		.byte	0x7
 824 03b4 BB010000 		.4byte	.LASF50
 825 03b8 08       		.uleb128 0x8
 826 03b9 8C       		.byte	0x8c
 827 03ba 07       		.byte	0x7
 828 03bb 89       		.byte	0x89
 829 03bc E8040000 		.4byte	0x4e8
 830 03c0 06       		.uleb128 0x6
 831 03c1 56000000 		.4byte	.LASF51
 832 03c5 07       		.byte	0x7
 833 03c6 8A       		.byte	0x8a
 834 03c7 A1030000 		.4byte	0x3a1
 835 03cb 02       		.byte	0x2
 836 03cc 23       		.byte	0x23
 837 03cd 00       		.uleb128 0
 838 03ce 06       		.uleb128 0x6
 839 03cf 66010000 		.4byte	.LASF52
 840 03d3 07       		.byte	0x7
 841 03d4 8B       		.byte	0x8b
 842 03d5 A1030000 		.4byte	0x3a1
 843 03d9 02       		.byte	0x2
 844 03da 23       		.byte	0x23
 845 03db 04       		.uleb128 0x4
 846 03dc 06       		.uleb128 0x6
 847 03dd 30010000 		.4byte	.LASF53
 848 03e1 07       		.byte	0x7
 849 03e2 8C       		.byte	0x8c
 850 03e3 A1030000 		.4byte	0x3a1
ARM GAS  C:\Users\3130\AppData\Local\Temp\ccHQyBB4.s 			page 16


 851 03e7 02       		.byte	0x2
 852 03e8 23       		.byte	0x23
 853 03e9 08       		.uleb128 0x8
 854 03ea 06       		.uleb128 0x6
 855 03eb 71010000 		.4byte	.LASF54
 856 03ef 07       		.byte	0x7
 857 03f0 8D       		.byte	0x8d
 858 03f1 A1030000 		.4byte	0x3a1
 859 03f5 02       		.byte	0x2
 860 03f6 23       		.byte	0x23
 861 03f7 0C       		.uleb128 0xc
 862 03f8 07       		.uleb128 0x7
 863 03f9 53435200 		.ascii	"SCR\000"
 864 03fd 07       		.byte	0x7
 865 03fe 8E       		.byte	0x8e
 866 03ff A1030000 		.4byte	0x3a1
 867 0403 02       		.byte	0x2
 868 0404 23       		.byte	0x23
 869 0405 10       		.uleb128 0x10
 870 0406 07       		.uleb128 0x7
 871 0407 43435200 		.ascii	"CCR\000"
 872 040b 07       		.byte	0x7
 873 040c 8F       		.byte	0x8f
 874 040d A1030000 		.4byte	0x3a1
 875 0411 02       		.byte	0x2
 876 0412 23       		.byte	0x23
 877 0413 14       		.uleb128 0x14
 878 0414 06       		.uleb128 0x6
 879 0415 1B030000 		.4byte	.LASF55
 880 0419 07       		.byte	0x7
 881 041a 90       		.byte	0x90
 882 041b F8040000 		.4byte	0x4f8
 883 041f 02       		.byte	0x2
 884 0420 23       		.byte	0x23
 885 0421 18       		.uleb128 0x18
 886 0422 06       		.uleb128 0x6
 887 0423 38020000 		.4byte	.LASF56
 888 0427 07       		.byte	0x7
 889 0428 91       		.byte	0x91
 890 0429 A1030000 		.4byte	0x3a1
 891 042d 02       		.byte	0x2
 892 042e 23       		.byte	0x23
 893 042f 24       		.uleb128 0x24
 894 0430 06       		.uleb128 0x6
 895 0431 C4010000 		.4byte	.LASF57
 896 0435 07       		.byte	0x7
 897 0436 92       		.byte	0x92
 898 0437 A1030000 		.4byte	0x3a1
 899 043b 02       		.byte	0x2
 900 043c 23       		.byte	0x23
 901 043d 28       		.uleb128 0x28
 902 043e 06       		.uleb128 0x6
 903 043f C1030000 		.4byte	.LASF58
 904 0443 07       		.byte	0x7
 905 0444 93       		.byte	0x93
 906 0445 A1030000 		.4byte	0x3a1
 907 0449 02       		.byte	0x2
ARM GAS  C:\Users\3130\AppData\Local\Temp\ccHQyBB4.s 			page 17


 908 044a 23       		.byte	0x23
 909 044b 2C       		.uleb128 0x2c
 910 044c 06       		.uleb128 0x6
 911 044d 77010000 		.4byte	.LASF59
 912 0451 07       		.byte	0x7
 913 0452 94       		.byte	0x94
 914 0453 A1030000 		.4byte	0x3a1
 915 0457 02       		.byte	0x2
 916 0458 23       		.byte	0x23
 917 0459 30       		.uleb128 0x30
 918 045a 06       		.uleb128 0x6
 919 045b 7C010000 		.4byte	.LASF60
 920 045f 07       		.byte	0x7
 921 0460 95       		.byte	0x95
 922 0461 A1030000 		.4byte	0x3a1
 923 0465 02       		.byte	0x2
 924 0466 23       		.byte	0x23
 925 0467 34       		.uleb128 0x34
 926 0468 06       		.uleb128 0x6
 927 0469 CE000000 		.4byte	.LASF61
 928 046d 07       		.byte	0x7
 929 046e 96       		.byte	0x96
 930 046f A1030000 		.4byte	0x3a1
 931 0473 02       		.byte	0x2
 932 0474 23       		.byte	0x23
 933 0475 38       		.uleb128 0x38
 934 0476 06       		.uleb128 0x6
 935 0477 DE020000 		.4byte	.LASF62
 936 047b 07       		.byte	0x7
 937 047c 97       		.byte	0x97
 938 047d A1030000 		.4byte	0x3a1
 939 0481 02       		.byte	0x2
 940 0482 23       		.byte	0x23
 941 0483 3C       		.uleb128 0x3c
 942 0484 07       		.uleb128 0x7
 943 0485 50465200 		.ascii	"PFR\000"
 944 0489 07       		.byte	0x7
 945 048a 98       		.byte	0x98
 946 048b 0D050000 		.4byte	0x50d
 947 048f 02       		.byte	0x2
 948 0490 23       		.byte	0x23
 949 0491 40       		.uleb128 0x40
 950 0492 07       		.uleb128 0x7
 951 0493 44465200 		.ascii	"DFR\000"
 952 0497 07       		.byte	0x7
 953 0498 99       		.byte	0x99
 954 0499 A1030000 		.4byte	0x3a1
 955 049d 02       		.byte	0x2
 956 049e 23       		.byte	0x23
 957 049f 48       		.uleb128 0x48
 958 04a0 07       		.uleb128 0x7
 959 04a1 41445200 		.ascii	"ADR\000"
 960 04a5 07       		.byte	0x7
 961 04a6 9A       		.byte	0x9a
 962 04a7 A1030000 		.4byte	0x3a1
 963 04ab 02       		.byte	0x2
 964 04ac 23       		.byte	0x23
ARM GAS  C:\Users\3130\AppData\Local\Temp\ccHQyBB4.s 			page 18


 965 04ad 4C       		.uleb128 0x4c
 966 04ae 06       		.uleb128 0x6
 967 04af 78030000 		.4byte	.LASF63
 968 04b3 07       		.byte	0x7
 969 04b4 9B       		.byte	0x9b
 970 04b5 22050000 		.4byte	0x522
 971 04b9 02       		.byte	0x2
 972 04ba 23       		.byte	0x23
 973 04bb 50       		.uleb128 0x50
 974 04bc 07       		.uleb128 0x7
 975 04bd 53415200 		.ascii	"SAR\000"
 976 04c1 07       		.byte	0x7
 977 04c2 9C       		.byte	0x9c
 978 04c3 37050000 		.4byte	0x537
 979 04c7 02       		.byte	0x2
 980 04c8 23       		.byte	0x23
 981 04c9 60       		.uleb128 0x60
 982 04ca 06       		.uleb128 0x6
 983 04cb E3020000 		.4byte	.LASF64
 984 04cf 07       		.byte	0x7
 985 04d0 9D       		.byte	0x9d
 986 04d1 3C050000 		.4byte	0x53c
 987 04d5 02       		.byte	0x2
 988 04d6 23       		.byte	0x23
 989 04d7 74       		.uleb128 0x74
 990 04d8 06       		.uleb128 0x6
 991 04d9 BB030000 		.4byte	.LASF65
 992 04dd 07       		.byte	0x7
 993 04de 9E       		.byte	0x9e
 994 04df A1030000 		.4byte	0x3a1
 995 04e3 03       		.byte	0x3
 996 04e4 23       		.byte	0x23
 997 04e5 8801     		.uleb128 0x88
 998 04e7 00       		.byte	0
 999 04e8 0C       		.uleb128 0xc
 1000 04e9 A1030000 		.4byte	0x3a1
 1001 04ed F8040000 		.4byte	0x4f8
 1002 04f1 0D       		.uleb128 0xd
 1003 04f2 B1030000 		.4byte	0x3b1
 1004 04f6 02       		.byte	0x2
 1005 04f7 00       		.byte	0
 1006 04f8 0B       		.uleb128 0xb
 1007 04f9 E8040000 		.4byte	0x4e8
 1008 04fd 0C       		.uleb128 0xc
 1009 04fe A1030000 		.4byte	0x3a1
 1010 0502 0D050000 		.4byte	0x50d
 1011 0506 0D       		.uleb128 0xd
 1012 0507 B1030000 		.4byte	0x3b1
 1013 050b 01       		.byte	0x1
 1014 050c 00       		.byte	0
 1015 050d 0B       		.uleb128 0xb
 1016 050e FD040000 		.4byte	0x4fd
 1017 0512 0C       		.uleb128 0xc
 1018 0513 A1030000 		.4byte	0x3a1
 1019 0517 22050000 		.4byte	0x522
 1020 051b 0D       		.uleb128 0xd
 1021 051c B1030000 		.4byte	0x3b1
ARM GAS  C:\Users\3130\AppData\Local\Temp\ccHQyBB4.s 			page 19


 1022 0520 03       		.byte	0x3
 1023 0521 00       		.byte	0
 1024 0522 0B       		.uleb128 0xb
 1025 0523 12050000 		.4byte	0x512
 1026 0527 0C       		.uleb128 0xc
 1027 0528 A1030000 		.4byte	0x3a1
 1028 052c 37050000 		.4byte	0x537
 1029 0530 0D       		.uleb128 0xd
 1030 0531 B1030000 		.4byte	0x3b1
 1031 0535 04       		.byte	0x4
 1032 0536 00       		.byte	0
 1033 0537 0B       		.uleb128 0xb
 1034 0538 27050000 		.4byte	0x527
 1035 053c 0B       		.uleb128 0xb
 1036 053d 27050000 		.4byte	0x527
 1037 0541 04       		.uleb128 0x4
 1038 0542 0D000000 		.4byte	.LASF66
 1039 0546 07       		.byte	0x7
 1040 0547 9F       		.byte	0x9f
 1041 0548 B8030000 		.4byte	0x3b8
 1042 054c 0B       		.uleb128 0xb
 1043 054d E4000000 		.4byte	0xe4
 1044 0551 08       		.uleb128 0x8
 1045 0552 1C       		.byte	0x1c
 1046 0553 08       		.byte	0x8
 1047 0554 5E       		.byte	0x5e
 1048 0555 AE050000 		.4byte	0x5ae
 1049 0559 06       		.uleb128 0x6
 1050 055a D6020000 		.4byte	.LASF67
 1051 055e 08       		.byte	0x8
 1052 055f 5F       		.byte	0x5f
 1053 0560 4A020000 		.4byte	0x24a
 1054 0564 02       		.byte	0x2
 1055 0565 23       		.byte	0x23
 1056 0566 00       		.uleb128 0
 1057 0567 06       		.uleb128 0x6
 1058 0568 69020000 		.4byte	.LASF68
 1059 056c 08       		.byte	0x8
 1060 056d 60       		.byte	0x60
 1061 056e C3000000 		.4byte	0xc3
 1062 0572 02       		.byte	0x2
 1063 0573 23       		.byte	0x23
 1064 0574 08       		.uleb128 0x8
 1065 0575 06       		.uleb128 0x6
 1066 0576 D1010000 		.4byte	.LASF69
 1067 057a 08       		.byte	0x8
 1068 057b 62       		.byte	0x62
 1069 057c 80030000 		.4byte	0x380
 1070 0580 02       		.byte	0x2
 1071 0581 23       		.byte	0x23
 1072 0582 0C       		.uleb128 0xc
 1073 0583 06       		.uleb128 0x6
 1074 0584 D3000000 		.4byte	.LASF70
 1075 0588 08       		.byte	0x8
 1076 0589 65       		.byte	0x65
 1077 058a 44020000 		.4byte	0x244
 1078 058e 02       		.byte	0x2
ARM GAS  C:\Users\3130\AppData\Local\Temp\ccHQyBB4.s 			page 20


 1079 058f 23       		.byte	0x23
 1080 0590 10       		.uleb128 0x10
 1081 0591 06       		.uleb128 0x6
 1082 0592 F8010000 		.4byte	.LASF71
 1083 0596 08       		.byte	0x8
 1084 0597 66       		.byte	0x66
 1085 0598 44020000 		.4byte	0x244
 1086 059c 02       		.byte	0x2
 1087 059d 23       		.byte	0x23
 1088 059e 14       		.uleb128 0x14
 1089 059f 06       		.uleb128 0x6
 1090 05a0 EE010000 		.4byte	.LASF72
 1091 05a4 08       		.byte	0x8
 1092 05a5 69       		.byte	0x69
 1093 05a6 44020000 		.4byte	0x244
 1094 05aa 02       		.byte	0x2
 1095 05ab 23       		.byte	0x23
 1096 05ac 18       		.uleb128 0x18
 1097 05ad 00       		.byte	0
 1098 05ae 04       		.uleb128 0x4
 1099 05af 6E030000 		.4byte	.LASF73
 1100 05b3 08       		.byte	0x8
 1101 05b4 6B       		.byte	0x6b
 1102 05b5 51050000 		.4byte	0x551
 1103 05b9 05       		.uleb128 0x5
 1104 05ba B5010000 		.4byte	.LASF74
 1105 05be 10       		.byte	0x10
 1106 05bf 09       		.byte	0x9
 1107 05c0 2C       		.byte	0x2c
 1108 05c1 F0050000 		.4byte	0x5f0
 1109 05c5 06       		.uleb128 0x6
 1110 05c6 8F000000 		.4byte	.LASF75
 1111 05ca 09       		.byte	0x9
 1112 05cb 2D       		.byte	0x2d
 1113 05cc 4A020000 		.4byte	0x24a
 1114 05d0 02       		.byte	0x2
 1115 05d1 23       		.byte	0x23
 1116 05d2 00       		.uleb128 0
 1117 05d3 06       		.uleb128 0x6
 1118 05d4 C6030000 		.4byte	.LASF76
 1119 05d8 09       		.byte	0x9
 1120 05d9 2F       		.byte	0x2f
 1121 05da 44020000 		.4byte	0x244
 1122 05de 02       		.byte	0x2
 1123 05df 23       		.byte	0x23
 1124 05e0 08       		.uleb128 0x8
 1125 05e1 06       		.uleb128 0x6
 1126 05e2 F8020000 		.4byte	.LASF77
 1127 05e6 09       		.byte	0x9
 1128 05e7 31       		.byte	0x31
 1129 05e8 F0050000 		.4byte	0x5f0
 1130 05ec 02       		.byte	0x2
 1131 05ed 23       		.byte	0x23
 1132 05ee 0C       		.uleb128 0xc
 1133 05ef 00       		.byte	0
 1134 05f0 09       		.uleb128 0x9
 1135 05f1 04       		.byte	0x4
ARM GAS  C:\Users\3130\AppData\Local\Temp\ccHQyBB4.s 			page 21


 1136 05f2 B9050000 		.4byte	0x5b9
 1137 05f6 04       		.uleb128 0x4
 1138 05f7 B5010000 		.4byte	.LASF74
 1139 05fb 09       		.byte	0x9
 1140 05fc 33       		.byte	0x33
 1141 05fd B9050000 		.4byte	0x5b9
 1142 0601 0E       		.uleb128 0xe
 1143 0602 04       		.byte	0x4
 1144 0603 05       		.byte	0x5
 1145 0604 96       		.byte	0x96
 1146 0605 36060000 		.4byte	0x636
 1147 0609 0F       		.uleb128 0xf
 1148 060a 06000000 		.4byte	.LASF78
 1149 060e 05       		.byte	0x5
 1150 060f 9D       		.byte	0x9d
 1151 0610 CE000000 		.4byte	0xce
 1152 0614 0F       		.uleb128 0xf
 1153 0615 4D000000 		.4byte	.LASF79
 1154 0619 05       		.byte	0x5
 1155 061a A4       		.byte	0xa4
 1156 061b CE000000 		.4byte	0xce
 1157 061f 0F       		.uleb128 0xf
 1158 0620 AD030000 		.4byte	.LASF80
 1159 0624 05       		.byte	0x5
 1160 0625 AB       		.byte	0xab
 1161 0626 82020000 		.4byte	0x282
 1162 062a 0F       		.uleb128 0xf
 1163 062b 70020000 		.4byte	.LASF81
 1164 062f 05       		.byte	0x5
 1165 0630 B2       		.byte	0xb2
 1166 0631 D9000000 		.4byte	0xd9
 1167 0635 00       		.byte	0
 1168 0636 09       		.uleb128 0x9
 1169 0637 04       		.byte	0x4
 1170 0638 3C060000 		.4byte	0x63c
 1171 063c 10       		.uleb128 0x10
 1172 063d 41060000 		.4byte	0x641
 1173 0641 03       		.uleb128 0x3
 1174 0642 01       		.byte	0x1
 1175 0643 08       		.byte	0x8
 1176 0644 EB020000 		.4byte	.LASF82
 1177 0648 09       		.uleb128 0x9
 1178 0649 04       		.byte	0x4
 1179 064a F6050000 		.4byte	0x5f6
 1180 064e 11       		.uleb128 0x11
 1181 064f 01       		.byte	0x1
 1182 0650 35010000 		.4byte	.LASF83
 1183 0654 01       		.byte	0x1
 1184 0655 8D       		.byte	0x8d
 1185 0656 01       		.byte	0x1
 1186 0657 00000000 		.4byte	.LFB10
 1187 065b 14000000 		.4byte	.LFE10
 1188 065f 02       		.byte	0x2
 1189 0660 7D       		.byte	0x7d
 1190 0661 00       		.sleb128 0
 1191 0662 01       		.byte	0x1
 1192 0663 71060000 		.4byte	0x671
ARM GAS  C:\Users\3130\AppData\Local\Temp\ccHQyBB4.s 			page 22


 1193 0667 12       		.uleb128 0x12
 1194 0668 04000000 		.4byte	.LVL0
 1195 066c 81070000 		.4byte	0x781
 1196 0670 00       		.byte	0
 1197 0671 11       		.uleb128 0x11
 1198 0672 01       		.byte	0x1
 1199 0673 63000000 		.4byte	.LASF84
 1200 0677 01       		.byte	0x1
 1201 0678 40       		.byte	0x40
 1202 0679 01       		.byte	0x1
 1203 067a 00000000 		.4byte	.LFB8
 1204 067e 0E000000 		.4byte	.LFE8
 1205 0682 02       		.byte	0x2
 1206 0683 7D       		.byte	0x7d
 1207 0684 00       		.sleb128 0
 1208 0685 01       		.byte	0x1
 1209 0686 9A060000 		.4byte	0x69a
 1210 068a 13       		.uleb128 0x13
 1211 068b 08020000 		.4byte	.LASF86
 1212 068f 01       		.byte	0x1
 1213 0690 41       		.byte	0x41
 1214 0691 9A060000 		.4byte	0x69a
 1215 0695 00000000 		.4byte	.LLST0
 1216 0699 00       		.byte	0
 1217 069a 09       		.uleb128 0x9
 1218 069b 04       		.byte	0x4
 1219 069c 84020000 		.4byte	0x284
 1220 06a0 11       		.uleb128 0x11
 1221 06a1 01       		.byte	0x1
 1222 06a2 82010000 		.4byte	.LASF85
 1223 06a6 01       		.byte	0x1
 1224 06a7 66       		.byte	0x66
 1225 06a8 01       		.byte	0x1
 1226 06a9 00000000 		.4byte	.LFB9
 1227 06ad 58000000 		.4byte	.LFE9
 1228 06b1 02       		.byte	0x2
 1229 06b2 7D       		.byte	0x7d
 1230 06b3 00       		.sleb128 0
 1231 06b4 01       		.byte	0x1
 1232 06b5 DD060000 		.4byte	0x6dd
 1233 06b9 14       		.uleb128 0x14
 1234 06ba 6C7200   		.ascii	"lr\000"
 1235 06bd 01       		.byte	0x1
 1236 06be 66       		.byte	0x66
 1237 06bf 77020000 		.4byte	0x277
 1238 06c3 20000000 		.4byte	.LLST1
 1239 06c7 15       		.uleb128 0x15
 1240 06c8 00000000 		.4byte	.Ldebug_ranges0+0
 1241 06cc 13       		.uleb128 0x13
 1242 06cd 08020000 		.4byte	.LASF86
 1243 06d1 01       		.byte	0x1
 1244 06d2 69       		.byte	0x69
 1245 06d3 9A060000 		.4byte	0x69a
 1246 06d7 33000000 		.4byte	.LLST2
 1247 06db 00       		.byte	0
 1248 06dc 00       		.byte	0
 1249 06dd 16       		.uleb128 0x16
ARM GAS  C:\Users\3130\AppData\Local\Temp\ccHQyBB4.s 			page 23


 1250 06de 01       		.byte	0x1
 1251 06df 28000000 		.4byte	.LASF87
 1252 06e3 01       		.byte	0x1
 1253 06e4 2F       		.byte	0x2f
 1254 06e5 01       		.byte	0x1
 1255 06e6 00000000 		.4byte	.LFB7
 1256 06ea 14000000 		.4byte	.LFE7
 1257 06ee 5E000000 		.4byte	.LLST3
 1258 06f2 01       		.byte	0x1
 1259 06f3 20070000 		.4byte	0x720
 1260 06f7 13       		.uleb128 0x13
 1261 06f8 E4010000 		.4byte	.LASF88
 1262 06fc 01       		.byte	0x1
 1263 06fd 31       		.byte	0x31
 1264 06fe 77020000 		.4byte	0x277
 1265 0702 7E000000 		.4byte	.LLST4
 1266 0706 12       		.uleb128 0x12
 1267 0707 0A000000 		.4byte	.LVL10
 1268 070b 8B070000 		.4byte	0x78b
 1269 070f 17       		.uleb128 0x17
 1270 0710 12000000 		.4byte	.LVL11
 1271 0714 A0060000 		.4byte	0x6a0
 1272 0718 18       		.uleb128 0x18
 1273 0719 01       		.byte	0x1
 1274 071a 50       		.byte	0x50
 1275 071b 02       		.byte	0x2
 1276 071c 74       		.byte	0x74
 1277 071d 00       		.sleb128 0
 1278 071e 00       		.byte	0
 1279 071f 00       		.byte	0
 1280 0720 11       		.uleb128 0x11
 1281 0721 01       		.byte	0x1
 1282 0722 11010000 		.4byte	.LASF89
 1283 0726 01       		.byte	0x1
 1284 0727 AC       		.byte	0xac
 1285 0728 01       		.byte	0x1
 1286 0729 00000000 		.4byte	.LFB11
 1287 072d 20000000 		.4byte	.LFE11
 1288 0731 02       		.byte	0x2
 1289 0732 7D       		.byte	0x7d
 1290 0733 00       		.sleb128 0
 1291 0734 01       		.byte	0x1
 1292 0735 5F070000 		.4byte	0x75f
 1293 0739 19       		.uleb128 0x19
 1294 073a 6E747000 		.ascii	"ntp\000"
 1295 073e 01       		.byte	0x1
 1296 073f AC       		.byte	0xac
 1297 0740 44020000 		.4byte	0x244
 1298 0744 01       		.byte	0x1
 1299 0745 50       		.byte	0x50
 1300 0746 19       		.uleb128 0x19
 1301 0747 6F747000 		.ascii	"otp\000"
 1302 074b 01       		.byte	0x1
 1303 074c AC       		.byte	0xac
 1304 074d 44020000 		.4byte	0x244
 1305 0751 01       		.byte	0x1
 1306 0752 51       		.byte	0x51
ARM GAS  C:\Users\3130\AppData\Local\Temp\ccHQyBB4.s 			page 24


 1307 0753 1A       		.uleb128 0x1a
 1308 0754 72313300 		.ascii	"r13\000"
 1309 0758 01       		.byte	0x1
 1310 0759 AD       		.byte	0xad
 1311 075a 9B030000 		.4byte	0x39b
 1312 075e 00       		.byte	0
 1313 075f 1B       		.uleb128 0x1b
 1314 0760 01       		.byte	0x1
 1315 0761 B3000000 		.4byte	.LASF95
 1316 0765 01       		.byte	0x1
 1317 0766 C6       		.byte	0xc6
 1318 0767 01       		.byte	0x1
 1319 0768 00000000 		.4byte	.LFB12
 1320 076c 0C000000 		.4byte	.LFE12
 1321 0770 02       		.byte	0x2
 1322 0771 7D       		.byte	0x7d
 1323 0772 00       		.sleb128 0
 1324 0773 01       		.byte	0x1
 1325 0774 1C       		.uleb128 0x1c
 1326 0775 7D030000 		.4byte	.LASF96
 1327 0779 08       		.byte	0x8
 1328 077a 6F       		.byte	0x6f
 1329 077b AE050000 		.4byte	0x5ae
 1330 077f 01       		.byte	0x1
 1331 0780 01       		.byte	0x1
 1332 0781 1D       		.uleb128 0x1d
 1333 0782 01       		.byte	0x1
 1334 0783 E4000000 		.4byte	.LASF90
 1335 0787 08       		.byte	0x8
 1336 0788 A8       		.byte	0xa8
 1337 0789 01       		.byte	0x1
 1338 078a 01       		.byte	0x1
 1339 078b 1D       		.uleb128 0x1d
 1340 078c 01       		.byte	0x1
 1341 078d 15000000 		.4byte	.LASF91
 1342 0791 0A       		.byte	0xa
 1343 0792 F7       		.byte	0xf7
 1344 0793 01       		.byte	0x1
 1345 0794 01       		.byte	0x1
 1346 0795 00       		.byte	0
 1347              		.section	.debug_abbrev,"",%progbits
 1348              	.Ldebug_abbrev0:
 1349 0000 01       		.uleb128 0x1
 1350 0001 11       		.uleb128 0x11
 1351 0002 01       		.byte	0x1
 1352 0003 25       		.uleb128 0x25
 1353 0004 0E       		.uleb128 0xe
 1354 0005 13       		.uleb128 0x13
 1355 0006 0B       		.uleb128 0xb
 1356 0007 03       		.uleb128 0x3
 1357 0008 0E       		.uleb128 0xe
 1358 0009 1B       		.uleb128 0x1b
 1359 000a 0E       		.uleb128 0xe
 1360 000b 55       		.uleb128 0x55
 1361 000c 06       		.uleb128 0x6
 1362 000d 11       		.uleb128 0x11
 1363 000e 01       		.uleb128 0x1
ARM GAS  C:\Users\3130\AppData\Local\Temp\ccHQyBB4.s 			page 25


 1364 000f 52       		.uleb128 0x52
 1365 0010 01       		.uleb128 0x1
 1366 0011 10       		.uleb128 0x10
 1367 0012 06       		.uleb128 0x6
 1368 0013 00       		.byte	0
 1369 0014 00       		.byte	0
 1370 0015 02       		.uleb128 0x2
 1371 0016 24       		.uleb128 0x24
 1372 0017 00       		.byte	0
 1373 0018 0B       		.uleb128 0xb
 1374 0019 0B       		.uleb128 0xb
 1375 001a 3E       		.uleb128 0x3e
 1376 001b 0B       		.uleb128 0xb
 1377 001c 03       		.uleb128 0x3
 1378 001d 08       		.uleb128 0x8
 1379 001e 00       		.byte	0
 1380 001f 00       		.byte	0
 1381 0020 03       		.uleb128 0x3
 1382 0021 24       		.uleb128 0x24
 1383 0022 00       		.byte	0
 1384 0023 0B       		.uleb128 0xb
 1385 0024 0B       		.uleb128 0xb
 1386 0025 3E       		.uleb128 0x3e
 1387 0026 0B       		.uleb128 0xb
 1388 0027 03       		.uleb128 0x3
 1389 0028 0E       		.uleb128 0xe
 1390 0029 00       		.byte	0
 1391 002a 00       		.byte	0
 1392 002b 04       		.uleb128 0x4
 1393 002c 16       		.uleb128 0x16
 1394 002d 00       		.byte	0
 1395 002e 03       		.uleb128 0x3
 1396 002f 0E       		.uleb128 0xe
 1397 0030 3A       		.uleb128 0x3a
 1398 0031 0B       		.uleb128 0xb
 1399 0032 3B       		.uleb128 0x3b
 1400 0033 0B       		.uleb128 0xb
 1401 0034 49       		.uleb128 0x49
 1402 0035 13       		.uleb128 0x13
 1403 0036 00       		.byte	0
 1404 0037 00       		.byte	0
 1405 0038 05       		.uleb128 0x5
 1406 0039 13       		.uleb128 0x13
 1407 003a 01       		.byte	0x1
 1408 003b 03       		.uleb128 0x3
 1409 003c 0E       		.uleb128 0xe
 1410 003d 0B       		.uleb128 0xb
 1411 003e 0B       		.uleb128 0xb
 1412 003f 3A       		.uleb128 0x3a
 1413 0040 0B       		.uleb128 0xb
 1414 0041 3B       		.uleb128 0x3b
 1415 0042 0B       		.uleb128 0xb
 1416 0043 01       		.uleb128 0x1
 1417 0044 13       		.uleb128 0x13
 1418 0045 00       		.byte	0
 1419 0046 00       		.byte	0
 1420 0047 06       		.uleb128 0x6
ARM GAS  C:\Users\3130\AppData\Local\Temp\ccHQyBB4.s 			page 26


 1421 0048 0D       		.uleb128 0xd
 1422 0049 00       		.byte	0
 1423 004a 03       		.uleb128 0x3
 1424 004b 0E       		.uleb128 0xe
 1425 004c 3A       		.uleb128 0x3a
 1426 004d 0B       		.uleb128 0xb
 1427 004e 3B       		.uleb128 0x3b
 1428 004f 0B       		.uleb128 0xb
 1429 0050 49       		.uleb128 0x49
 1430 0051 13       		.uleb128 0x13
 1431 0052 38       		.uleb128 0x38
 1432 0053 0A       		.uleb128 0xa
 1433 0054 00       		.byte	0
 1434 0055 00       		.byte	0
 1435 0056 07       		.uleb128 0x7
 1436 0057 0D       		.uleb128 0xd
 1437 0058 00       		.byte	0
 1438 0059 03       		.uleb128 0x3
 1439 005a 08       		.uleb128 0x8
 1440 005b 3A       		.uleb128 0x3a
 1441 005c 0B       		.uleb128 0xb
 1442 005d 3B       		.uleb128 0x3b
 1443 005e 0B       		.uleb128 0xb
 1444 005f 49       		.uleb128 0x49
 1445 0060 13       		.uleb128 0x13
 1446 0061 38       		.uleb128 0x38
 1447 0062 0A       		.uleb128 0xa
 1448 0063 00       		.byte	0
 1449 0064 00       		.byte	0
 1450 0065 08       		.uleb128 0x8
 1451 0066 13       		.uleb128 0x13
 1452 0067 01       		.byte	0x1
 1453 0068 0B       		.uleb128 0xb
 1454 0069 0B       		.uleb128 0xb
 1455 006a 3A       		.uleb128 0x3a
 1456 006b 0B       		.uleb128 0xb
 1457 006c 3B       		.uleb128 0x3b
 1458 006d 0B       		.uleb128 0xb
 1459 006e 01       		.uleb128 0x1
 1460 006f 13       		.uleb128 0x13
 1461 0070 00       		.byte	0
 1462 0071 00       		.byte	0
 1463 0072 09       		.uleb128 0x9
 1464 0073 0F       		.uleb128 0xf
 1465 0074 00       		.byte	0
 1466 0075 0B       		.uleb128 0xb
 1467 0076 0B       		.uleb128 0xb
 1468 0077 49       		.uleb128 0x49
 1469 0078 13       		.uleb128 0x13
 1470 0079 00       		.byte	0
 1471 007a 00       		.byte	0
 1472 007b 0A       		.uleb128 0xa
 1473 007c 0F       		.uleb128 0xf
 1474 007d 00       		.byte	0
 1475 007e 0B       		.uleb128 0xb
 1476 007f 0B       		.uleb128 0xb
 1477 0080 00       		.byte	0
ARM GAS  C:\Users\3130\AppData\Local\Temp\ccHQyBB4.s 			page 27


 1478 0081 00       		.byte	0
 1479 0082 0B       		.uleb128 0xb
 1480 0083 35       		.uleb128 0x35
 1481 0084 00       		.byte	0
 1482 0085 49       		.uleb128 0x49
 1483 0086 13       		.uleb128 0x13
 1484 0087 00       		.byte	0
 1485 0088 00       		.byte	0
 1486 0089 0C       		.uleb128 0xc
 1487 008a 01       		.uleb128 0x1
 1488 008b 01       		.byte	0x1
 1489 008c 49       		.uleb128 0x49
 1490 008d 13       		.uleb128 0x13
 1491 008e 01       		.uleb128 0x1
 1492 008f 13       		.uleb128 0x13
 1493 0090 00       		.byte	0
 1494 0091 00       		.byte	0
 1495 0092 0D       		.uleb128 0xd
 1496 0093 21       		.uleb128 0x21
 1497 0094 00       		.byte	0
 1498 0095 49       		.uleb128 0x49
 1499 0096 13       		.uleb128 0x13
 1500 0097 2F       		.uleb128 0x2f
 1501 0098 0B       		.uleb128 0xb
 1502 0099 00       		.byte	0
 1503 009a 00       		.byte	0
 1504 009b 0E       		.uleb128 0xe
 1505 009c 17       		.uleb128 0x17
 1506 009d 01       		.byte	0x1
 1507 009e 0B       		.uleb128 0xb
 1508 009f 0B       		.uleb128 0xb
 1509 00a0 3A       		.uleb128 0x3a
 1510 00a1 0B       		.uleb128 0xb
 1511 00a2 3B       		.uleb128 0x3b
 1512 00a3 0B       		.uleb128 0xb
 1513 00a4 01       		.uleb128 0x1
 1514 00a5 13       		.uleb128 0x13
 1515 00a6 00       		.byte	0
 1516 00a7 00       		.byte	0
 1517 00a8 0F       		.uleb128 0xf
 1518 00a9 0D       		.uleb128 0xd
 1519 00aa 00       		.byte	0
 1520 00ab 03       		.uleb128 0x3
 1521 00ac 0E       		.uleb128 0xe
 1522 00ad 3A       		.uleb128 0x3a
 1523 00ae 0B       		.uleb128 0xb
 1524 00af 3B       		.uleb128 0x3b
 1525 00b0 0B       		.uleb128 0xb
 1526 00b1 49       		.uleb128 0x49
 1527 00b2 13       		.uleb128 0x13
 1528 00b3 00       		.byte	0
 1529 00b4 00       		.byte	0
 1530 00b5 10       		.uleb128 0x10
 1531 00b6 26       		.uleb128 0x26
 1532 00b7 00       		.byte	0
 1533 00b8 49       		.uleb128 0x49
 1534 00b9 13       		.uleb128 0x13
ARM GAS  C:\Users\3130\AppData\Local\Temp\ccHQyBB4.s 			page 28


 1535 00ba 00       		.byte	0
 1536 00bb 00       		.byte	0
 1537 00bc 11       		.uleb128 0x11
 1538 00bd 2E       		.uleb128 0x2e
 1539 00be 01       		.byte	0x1
 1540 00bf 3F       		.uleb128 0x3f
 1541 00c0 0C       		.uleb128 0xc
 1542 00c1 03       		.uleb128 0x3
 1543 00c2 0E       		.uleb128 0xe
 1544 00c3 3A       		.uleb128 0x3a
 1545 00c4 0B       		.uleb128 0xb
 1546 00c5 3B       		.uleb128 0x3b
 1547 00c6 0B       		.uleb128 0xb
 1548 00c7 27       		.uleb128 0x27
 1549 00c8 0C       		.uleb128 0xc
 1550 00c9 11       		.uleb128 0x11
 1551 00ca 01       		.uleb128 0x1
 1552 00cb 12       		.uleb128 0x12
 1553 00cc 01       		.uleb128 0x1
 1554 00cd 40       		.uleb128 0x40
 1555 00ce 0A       		.uleb128 0xa
 1556 00cf 9742     		.uleb128 0x2117
 1557 00d1 0C       		.uleb128 0xc
 1558 00d2 01       		.uleb128 0x1
 1559 00d3 13       		.uleb128 0x13
 1560 00d4 00       		.byte	0
 1561 00d5 00       		.byte	0
 1562 00d6 12       		.uleb128 0x12
 1563 00d7 898201   		.uleb128 0x4109
 1564 00da 00       		.byte	0
 1565 00db 11       		.uleb128 0x11
 1566 00dc 01       		.uleb128 0x1
 1567 00dd 31       		.uleb128 0x31
 1568 00de 13       		.uleb128 0x13
 1569 00df 00       		.byte	0
 1570 00e0 00       		.byte	0
 1571 00e1 13       		.uleb128 0x13
 1572 00e2 34       		.uleb128 0x34
 1573 00e3 00       		.byte	0
 1574 00e4 03       		.uleb128 0x3
 1575 00e5 0E       		.uleb128 0xe
 1576 00e6 3A       		.uleb128 0x3a
 1577 00e7 0B       		.uleb128 0xb
 1578 00e8 3B       		.uleb128 0x3b
 1579 00e9 0B       		.uleb128 0xb
 1580 00ea 49       		.uleb128 0x49
 1581 00eb 13       		.uleb128 0x13
 1582 00ec 02       		.uleb128 0x2
 1583 00ed 06       		.uleb128 0x6
 1584 00ee 00       		.byte	0
 1585 00ef 00       		.byte	0
 1586 00f0 14       		.uleb128 0x14
 1587 00f1 05       		.uleb128 0x5
 1588 00f2 00       		.byte	0
 1589 00f3 03       		.uleb128 0x3
 1590 00f4 08       		.uleb128 0x8
 1591 00f5 3A       		.uleb128 0x3a
ARM GAS  C:\Users\3130\AppData\Local\Temp\ccHQyBB4.s 			page 29


 1592 00f6 0B       		.uleb128 0xb
 1593 00f7 3B       		.uleb128 0x3b
 1594 00f8 0B       		.uleb128 0xb
 1595 00f9 49       		.uleb128 0x49
 1596 00fa 13       		.uleb128 0x13
 1597 00fb 02       		.uleb128 0x2
 1598 00fc 06       		.uleb128 0x6
 1599 00fd 00       		.byte	0
 1600 00fe 00       		.byte	0
 1601 00ff 15       		.uleb128 0x15
 1602 0100 0B       		.uleb128 0xb
 1603 0101 01       		.byte	0x1
 1604 0102 55       		.uleb128 0x55
 1605 0103 06       		.uleb128 0x6
 1606 0104 00       		.byte	0
 1607 0105 00       		.byte	0
 1608 0106 16       		.uleb128 0x16
 1609 0107 2E       		.uleb128 0x2e
 1610 0108 01       		.byte	0x1
 1611 0109 3F       		.uleb128 0x3f
 1612 010a 0C       		.uleb128 0xc
 1613 010b 03       		.uleb128 0x3
 1614 010c 0E       		.uleb128 0xe
 1615 010d 3A       		.uleb128 0x3a
 1616 010e 0B       		.uleb128 0xb
 1617 010f 3B       		.uleb128 0x3b
 1618 0110 0B       		.uleb128 0xb
 1619 0111 27       		.uleb128 0x27
 1620 0112 0C       		.uleb128 0xc
 1621 0113 11       		.uleb128 0x11
 1622 0114 01       		.uleb128 0x1
 1623 0115 12       		.uleb128 0x12
 1624 0116 01       		.uleb128 0x1
 1625 0117 40       		.uleb128 0x40
 1626 0118 06       		.uleb128 0x6
 1627 0119 9742     		.uleb128 0x2117
 1628 011b 0C       		.uleb128 0xc
 1629 011c 01       		.uleb128 0x1
 1630 011d 13       		.uleb128 0x13
 1631 011e 00       		.byte	0
 1632 011f 00       		.byte	0
 1633 0120 17       		.uleb128 0x17
 1634 0121 898201   		.uleb128 0x4109
 1635 0124 01       		.byte	0x1
 1636 0125 11       		.uleb128 0x11
 1637 0126 01       		.uleb128 0x1
 1638 0127 31       		.uleb128 0x31
 1639 0128 13       		.uleb128 0x13
 1640 0129 00       		.byte	0
 1641 012a 00       		.byte	0
 1642 012b 18       		.uleb128 0x18
 1643 012c 8A8201   		.uleb128 0x410a
 1644 012f 00       		.byte	0
 1645 0130 02       		.uleb128 0x2
 1646 0131 0A       		.uleb128 0xa
 1647 0132 9142     		.uleb128 0x2111
 1648 0134 0A       		.uleb128 0xa
ARM GAS  C:\Users\3130\AppData\Local\Temp\ccHQyBB4.s 			page 30


 1649 0135 00       		.byte	0
 1650 0136 00       		.byte	0
 1651 0137 19       		.uleb128 0x19
 1652 0138 05       		.uleb128 0x5
 1653 0139 00       		.byte	0
 1654 013a 03       		.uleb128 0x3
 1655 013b 08       		.uleb128 0x8
 1656 013c 3A       		.uleb128 0x3a
 1657 013d 0B       		.uleb128 0xb
 1658 013e 3B       		.uleb128 0x3b
 1659 013f 0B       		.uleb128 0xb
 1660 0140 49       		.uleb128 0x49
 1661 0141 13       		.uleb128 0x13
 1662 0142 02       		.uleb128 0x2
 1663 0143 0A       		.uleb128 0xa
 1664 0144 00       		.byte	0
 1665 0145 00       		.byte	0
 1666 0146 1A       		.uleb128 0x1a
 1667 0147 34       		.uleb128 0x34
 1668 0148 00       		.byte	0
 1669 0149 03       		.uleb128 0x3
 1670 014a 08       		.uleb128 0x8
 1671 014b 3A       		.uleb128 0x3a
 1672 014c 0B       		.uleb128 0xb
 1673 014d 3B       		.uleb128 0x3b
 1674 014e 0B       		.uleb128 0xb
 1675 014f 49       		.uleb128 0x49
 1676 0150 13       		.uleb128 0x13
 1677 0151 00       		.byte	0
 1678 0152 00       		.byte	0
 1679 0153 1B       		.uleb128 0x1b
 1680 0154 2E       		.uleb128 0x2e
 1681 0155 00       		.byte	0
 1682 0156 3F       		.uleb128 0x3f
 1683 0157 0C       		.uleb128 0xc
 1684 0158 03       		.uleb128 0x3
 1685 0159 0E       		.uleb128 0xe
 1686 015a 3A       		.uleb128 0x3a
 1687 015b 0B       		.uleb128 0xb
 1688 015c 3B       		.uleb128 0x3b
 1689 015d 0B       		.uleb128 0xb
 1690 015e 27       		.uleb128 0x27
 1691 015f 0C       		.uleb128 0xc
 1692 0160 11       		.uleb128 0x11
 1693 0161 01       		.uleb128 0x1
 1694 0162 12       		.uleb128 0x12
 1695 0163 01       		.uleb128 0x1
 1696 0164 40       		.uleb128 0x40
 1697 0165 0A       		.uleb128 0xa
 1698 0166 9742     		.uleb128 0x2117
 1699 0168 0C       		.uleb128 0xc
 1700 0169 00       		.byte	0
 1701 016a 00       		.byte	0
 1702 016b 1C       		.uleb128 0x1c
 1703 016c 34       		.uleb128 0x34
 1704 016d 00       		.byte	0
 1705 016e 03       		.uleb128 0x3
ARM GAS  C:\Users\3130\AppData\Local\Temp\ccHQyBB4.s 			page 31


 1706 016f 0E       		.uleb128 0xe
 1707 0170 3A       		.uleb128 0x3a
 1708 0171 0B       		.uleb128 0xb
 1709 0172 3B       		.uleb128 0x3b
 1710 0173 0B       		.uleb128 0xb
 1711 0174 49       		.uleb128 0x49
 1712 0175 13       		.uleb128 0x13
 1713 0176 3F       		.uleb128 0x3f
 1714 0177 0C       		.uleb128 0xc
 1715 0178 3C       		.uleb128 0x3c
 1716 0179 0C       		.uleb128 0xc
 1717 017a 00       		.byte	0
 1718 017b 00       		.byte	0
 1719 017c 1D       		.uleb128 0x1d
 1720 017d 2E       		.uleb128 0x2e
 1721 017e 00       		.byte	0
 1722 017f 3F       		.uleb128 0x3f
 1723 0180 0C       		.uleb128 0xc
 1724 0181 03       		.uleb128 0x3
 1725 0182 0E       		.uleb128 0xe
 1726 0183 3A       		.uleb128 0x3a
 1727 0184 0B       		.uleb128 0xb
 1728 0185 3B       		.uleb128 0x3b
 1729 0186 0B       		.uleb128 0xb
 1730 0187 27       		.uleb128 0x27
 1731 0188 0C       		.uleb128 0xc
 1732 0189 3C       		.uleb128 0x3c
 1733 018a 0C       		.uleb128 0xc
 1734 018b 00       		.byte	0
 1735 018c 00       		.byte	0
 1736 018d 00       		.byte	0
 1737              		.section	.debug_loc,"",%progbits
 1738              	.Ldebug_loc0:
 1739              	.LLST0:
 1740 0000 04000000 		.4byte	.LVL1
 1741 0004 06000000 		.4byte	.LVL2
 1742 0008 0300     		.2byte	0x3
 1743 000a 73       		.byte	0x73
 1744 000b 20       		.sleb128 32
 1745 000c 9F       		.byte	0x9f
 1746 000d 06000000 		.4byte	.LVL2
 1747 0011 0E000000 		.4byte	.LFE8
 1748 0015 0100     		.2byte	0x1
 1749 0017 53       		.byte	0x53
 1750 0018 00000000 		.4byte	0
 1751 001c 00000000 		.4byte	0
 1752              	.LLST1:
 1753 0020 00000000 		.4byte	.LVL3
 1754 0024 04000000 		.4byte	.LVL4
 1755 0028 0100     		.2byte	0x1
 1756 002a 50       		.byte	0x50
 1757 002b 00000000 		.4byte	0
 1758 002f 00000000 		.4byte	0
 1759              	.LLST2:
 1760 0033 0A000000 		.4byte	.LVL5
 1761 0037 0C000000 		.4byte	.LVL6
 1762 003b 0300     		.2byte	0x3
ARM GAS  C:\Users\3130\AppData\Local\Temp\ccHQyBB4.s 			page 32


 1763 003d 73       		.byte	0x73
 1764 003e 60       		.sleb128 -32
 1765 003f 9F       		.byte	0x9f
 1766 0040 0C000000 		.4byte	.LVL6
 1767 0044 34000000 		.4byte	.LVL7
 1768 0048 0100     		.2byte	0x1
 1769 004a 53       		.byte	0x53
 1770 004b 36000000 		.4byte	.LVL8
 1771 004f 58000000 		.4byte	.LFE9
 1772 0053 0100     		.2byte	0x1
 1773 0055 53       		.byte	0x53
 1774 0056 00000000 		.4byte	0
 1775 005a 00000000 		.4byte	0
 1776              	.LLST3:
 1777 005e 00000000 		.4byte	.LFB7
 1778 0062 02000000 		.4byte	.LCFI0
 1779 0066 0200     		.2byte	0x2
 1780 0068 7D       		.byte	0x7d
 1781 0069 00       		.sleb128 0
 1782 006a 02000000 		.4byte	.LCFI0
 1783 006e 14000000 		.4byte	.LFE7
 1784 0072 0200     		.2byte	0x2
 1785 0074 7D       		.byte	0x7d
 1786 0075 08       		.sleb128 8
 1787 0076 00000000 		.4byte	0
 1788 007a 00000000 		.4byte	0
 1789              	.LLST4:
 1790 007e 04000000 		.4byte	.LVL9
 1791 0082 12000000 		.4byte	.LVL12
 1792 0086 0100     		.2byte	0x1
 1793 0088 54       		.byte	0x54
 1794 0089 00000000 		.4byte	0
 1795 008d 00000000 		.4byte	0
 1796              		.section	.debug_aranges,"",%progbits
 1797 0000 44000000 		.4byte	0x44
 1798 0004 0200     		.2byte	0x2
 1799 0006 00000000 		.4byte	.Ldebug_info0
 1800 000a 04       		.byte	0x4
 1801 000b 00       		.byte	0
 1802 000c 0000     		.2byte	0
 1803 000e 0000     		.2byte	0
 1804 0010 00000000 		.4byte	.LFB10
 1805 0014 14000000 		.4byte	.LFE10-.LFB10
 1806 0018 00000000 		.4byte	.LFB8
 1807 001c 0E000000 		.4byte	.LFE8-.LFB8
 1808 0020 00000000 		.4byte	.LFB9
 1809 0024 58000000 		.4byte	.LFE9-.LFB9
 1810 0028 00000000 		.4byte	.LFB7
 1811 002c 14000000 		.4byte	.LFE7-.LFB7
 1812 0030 00000000 		.4byte	.LFB11
 1813 0034 20000000 		.4byte	.LFE11-.LFB11
 1814 0038 00000000 		.4byte	.LFB12
 1815 003c 0C000000 		.4byte	.LFE12-.LFB12
 1816 0040 00000000 		.4byte	0
 1817 0044 00000000 		.4byte	0
 1818              		.section	.debug_ranges,"",%progbits
 1819              	.Ldebug_ranges0:
ARM GAS  C:\Users\3130\AppData\Local\Temp\ccHQyBB4.s 			page 33


 1820 0000 04000000 		.4byte	.LBB2
 1821 0004 34000000 		.4byte	.LBE2
 1822 0008 36000000 		.4byte	.LBB3
 1823 000c 58000000 		.4byte	.LBE3
 1824 0010 00000000 		.4byte	0
 1825 0014 00000000 		.4byte	0
 1826 0018 00000000 		.4byte	.LFB10
 1827 001c 14000000 		.4byte	.LFE10
 1828 0020 00000000 		.4byte	.LFB8
 1829 0024 0E000000 		.4byte	.LFE8
 1830 0028 00000000 		.4byte	.LFB9
 1831 002c 58000000 		.4byte	.LFE9
 1832 0030 00000000 		.4byte	.LFB7
 1833 0034 14000000 		.4byte	.LFE7
 1834 0038 00000000 		.4byte	.LFB11
 1835 003c 20000000 		.4byte	.LFE11
 1836 0040 00000000 		.4byte	.LFB12
 1837 0044 0C000000 		.4byte	.LFE12
 1838 0048 00000000 		.4byte	0
 1839 004c 00000000 		.4byte	0
 1840              		.section	.debug_line,"",%progbits
 1841              	.Ldebug_line0:
 1842 0000 11020000 		.section	.debug_str,"MS",%progbits,1
 1842      02007F01 
 1842      00000201 
 1842      FB0E0D00 
 1842      01010101 
 1843              	.LASF36:
 1844 0000 705F6D73 		.ascii	"p_msg\000"
 1844      6700
 1845              	.LASF78:
 1846 0006 7264796D 		.ascii	"rdymsg\000"
 1846      736700
 1847              	.LASF66:
 1848 000d 434D785F 		.ascii	"CMx_SCB\000"
 1848      53434200 
 1849              	.LASF91:
 1850 0015 63685379 		.ascii	"chSysTimerHandlerI\000"
 1850      7354696D 
 1850      65724861 
 1850      6E646C65 
 1850      724900
 1851              	.LASF87:
 1852 0028 53797354 		.ascii	"SysTickVector\000"
 1852      69636B56 
 1852      6563746F 
 1852      7200
 1853              	.LASF11:
 1854 0036 6C6F6E67 		.ascii	"long long unsigned int\000"
 1854      206C6F6E 
 1854      6720756E 
 1854      7369676E 
 1854      65642069 
 1855              	.LASF79:
 1856 004d 65786974 		.ascii	"exitcode\000"
 1856      636F6465 
 1856      00
ARM GAS  C:\Users\3130\AppData\Local\Temp\ccHQyBB4.s 			page 34


 1857              	.LASF51:
 1858 0056 43505549 		.ascii	"CPUID\000"
 1858      4400
 1859              	.LASF24:
 1860 005c 705F7072 		.ascii	"p_prio\000"
 1860      696F00
 1861              	.LASF84:
 1862 0063 4E4D4956 		.ascii	"NMIVector\000"
 1862      6563746F 
 1862      7200
 1863              	.LASF10:
 1864 006d 6C6F6E67 		.ascii	"long long int\000"
 1864      206C6F6E 
 1864      6720696E 
 1864      7400
 1865              	.LASF1:
 1866 007b 7369676E 		.ascii	"signed char\000"
 1866      65642063 
 1866      68617200 
 1867              	.LASF40:
 1868 0087 705F6D70 		.ascii	"p_mpool\000"
 1868      6F6F6C00 
 1869              	.LASF75:
 1870 008f 6D5F7175 		.ascii	"m_queue\000"
 1870      65756500 
 1871              	.LASF16:
 1872 0097 74736C69 		.ascii	"tslices_t\000"
 1872      6365735F 
 1872      7400
 1873              	.LASF7:
 1874 00a1 6C6F6E67 		.ascii	"long int\000"
 1874      20696E74 
 1874      00
 1875              	.LASF14:
 1876 00aa 74737461 		.ascii	"tstate_t\000"
 1876      74655F74 
 1876      00
 1877              	.LASF95:
 1878 00b3 5F706F72 		.ascii	"_port_thread_start\000"
 1878      745F7468 
 1878      72656164 
 1878      5F737461 
 1878      727400
 1879              	.LASF26:
 1880 00c6 705F6E65 		.ascii	"p_newer\000"
 1880      77657200 
 1881              	.LASF61:
 1882 00ce 42464152 		.ascii	"BFAR\000"
 1882      00
 1883              	.LASF70:
 1884 00d3 725F6E65 		.ascii	"r_newer\000"
 1884      77657200 
 1885              	.LASF43:
 1886 00db 72656761 		.ascii	"regarm_t\000"
 1886      726D5F74 
 1886      00
 1887              	.LASF90:
ARM GAS  C:\Users\3130\AppData\Local\Temp\ccHQyBB4.s 			page 35


 1888 00e4 63685363 		.ascii	"chSchDoReschedule\000"
 1888      68446F52 
 1888      65736368 
 1888      6564756C 
 1888      6500
 1889              	.LASF0:
 1890 00f6 756E7369 		.ascii	"unsigned int\000"
 1890      676E6564 
 1890      20696E74 
 1890      00
 1891              	.LASF45:
 1892 0103 6C725F74 		.ascii	"lr_thd\000"
 1892      686400
 1893              	.LASF44:
 1894 010a 65787463 		.ascii	"extctx\000"
 1894      747800
 1895              	.LASF89:
 1896 0111 5F706F72 		.ascii	"_port_switch\000"
 1896      745F7377 
 1896      69746368 
 1896      00
 1897              	.LASF9:
 1898 011e 6C6F6E67 		.ascii	"long unsigned int\000"
 1898      20756E73 
 1898      69676E65 
 1898      6420696E 
 1898      7400
 1899              	.LASF53:
 1900 0130 56544F52 		.ascii	"VTOR\000"
 1900      00
 1901              	.LASF83:
 1902 0135 5F706F72 		.ascii	"_port_switch_from_isr\000"
 1902      745F7377 
 1902      69746368 
 1902      5F66726F 
 1902      6D5F6973 
 1903              	.LASF48:
 1904 014b 636F6E74 		.ascii	"context\000"
 1904      65787400 
 1905              	.LASF4:
 1906 0153 73686F72 		.ascii	"short unsigned int\000"
 1906      7420756E 
 1906      7369676E 
 1906      65642069 
 1906      6E7400
 1907              	.LASF52:
 1908 0166 49435352 		.ascii	"ICSR\000"
 1908      00
 1909              	.LASF18:
 1910 016b 6D73675F 		.ascii	"msg_t\000"
 1910      7400
 1911              	.LASF54:
 1912 0171 41495243 		.ascii	"AIRCR\000"
 1912      5200
 1913              	.LASF59:
 1914 0177 44465352 		.ascii	"DFSR\000"
 1914      00
ARM GAS  C:\Users\3130\AppData\Local\Temp\ccHQyBB4.s 			page 36


 1915              	.LASF60:
 1916 017c 4D4D4641 		.ascii	"MMFAR\000"
 1916      5200
 1917              	.LASF85:
 1918 0182 5F706F72 		.ascii	"_port_irq_epilogue\000"
 1918      745F6972 
 1918      715F6570 
 1918      696C6F67 
 1918      756500
 1919              	.LASF13:
 1920 0195 746D6F64 		.ascii	"tmode_t\000"
 1920      655F7400 
 1921              	.LASF42:
 1922 019d 54687265 		.ascii	"ThreadsList\000"
 1922      6164734C 
 1922      69737400 
 1923              	.LASF19:
 1924 01a9 6576656E 		.ascii	"eventmask_t\000"
 1924      746D6173 
 1924      6B5F7400 
 1925              	.LASF74:
 1926 01b5 4D757465 		.ascii	"Mutex\000"
 1926      7800
 1927              	.LASF50:
 1928 01bb 73697A65 		.ascii	"sizetype\000"
 1928      74797065 
 1928      00
 1929              	.LASF57:
 1930 01c4 43465352 		.ascii	"CFSR\000"
 1930      00
 1931              	.LASF27:
 1932 01c9 705F6F6C 		.ascii	"p_older\000"
 1932      64657200 
 1933              	.LASF69:
 1934 01d1 725F6374 		.ascii	"r_ctx\000"
 1934      7800
 1935              	.LASF41:
 1936 01d7 54687265 		.ascii	"ThreadsQueue\000"
 1936      61647351 
 1936      75657565 
 1936      00
 1937              	.LASF88:
 1938 01e4 5F736176 		.ascii	"_saved_lr\000"
 1938      65645F6C 
 1938      7200
 1939              	.LASF72:
 1940 01ee 725F6375 		.ascii	"r_current\000"
 1940      7272656E 
 1940      7400
 1941              	.LASF71:
 1942 01f8 725F6F6C 		.ascii	"r_older\000"
 1942      64657200 
 1943              	.LASF15:
 1944 0200 74726566 		.ascii	"trefs_t\000"
 1944      735F7400 
 1945              	.LASF86:
 1946 0208 63747870 		.ascii	"ctxp\000"
ARM GAS  C:\Users\3130\AppData\Local\Temp\ccHQyBB4.s 			page 37


 1946      00
 1947              	.LASF23:
 1948 020d 705F7072 		.ascii	"p_prev\000"
 1948      657600
 1949              	.LASF17:
 1950 0214 74707269 		.ascii	"tprio_t\000"
 1950      6F5F7400 
 1951              	.LASF12:
 1952 021c 5F426F6F 		.ascii	"_Bool\000"
 1952      6C00
 1953              	.LASF6:
 1954 0222 696E7433 		.ascii	"int32_t\000"
 1954      325F7400 
 1955              	.LASF2:
 1956 022a 756E7369 		.ascii	"unsigned char\000"
 1956      676E6564 
 1956      20636861 
 1956      7200
 1957              	.LASF56:
 1958 0238 53484353 		.ascii	"SHCSR\000"
 1958      5200
 1959              	.LASF38:
 1960 023e 705F6D74 		.ascii	"p_mtxlist\000"
 1960      786C6973 
 1960      7400
 1961              	.LASF3:
 1962 0248 73686F72 		.ascii	"short int\000"
 1962      7420696E 
 1962      7400
 1963              	.LASF29:
 1964 0252 705F7374 		.ascii	"p_state\000"
 1964      61746500 
 1965              	.LASF32:
 1966 025a 705F7072 		.ascii	"p_preempt\000"
 1966      65656D70 
 1966      7400
 1967              	.LASF46:
 1968 0264 78707372 		.ascii	"xpsr\000"
 1968      00
 1969              	.LASF68:
 1970 0269 725F7072 		.ascii	"r_prio\000"
 1970      696F00
 1971              	.LASF81:
 1972 0270 65776D61 		.ascii	"ewmask\000"
 1972      736B00
 1973              	.LASF22:
 1974 0277 705F6E65 		.ascii	"p_next\000"
 1974      787400
 1975              	.LASF93:
 1976 027e 2E2E2F2E 		.ascii	"../../ChibiOS_2.6.1/os/ports/GCC/ARMCMx/chcore_v6m."
 1976      2E2F4368 
 1976      6962694F 
 1976      535F322E 
 1976      362E312F 
 1977 02b1 6300     		.ascii	"c\000"
 1978              	.LASF30:
 1979 02b3 705F666C 		.ascii	"p_flags\000"
ARM GAS  C:\Users\3130\AppData\Local\Temp\ccHQyBB4.s 			page 38


 1979      61677300 
 1980              	.LASF21:
 1981 02bb 54687265 		.ascii	"Thread\000"
 1981      616400
 1982              	.LASF37:
 1983 02c2 705F6570 		.ascii	"p_epending\000"
 1983      656E6469 
 1983      6E6700
 1984              	.LASF8:
 1985 02cd 75696E74 		.ascii	"uint32_t\000"
 1985      33325F74 
 1985      00
 1986              	.LASF67:
 1987 02d6 725F7175 		.ascii	"r_queue\000"
 1987      65756500 
 1988              	.LASF62:
 1989 02de 41465352 		.ascii	"AFSR\000"
 1989      00
 1990              	.LASF64:
 1991 02e3 756E7573 		.ascii	"unused1\000"
 1991      65643100 
 1992              	.LASF82:
 1993 02eb 63686172 		.ascii	"char\000"
 1993      00
 1994              	.LASF49:
 1995 02f0 494F5245 		.ascii	"IOREG32\000"
 1995      47333200 
 1996              	.LASF77:
 1997 02f8 6D5F6E65 		.ascii	"m_next\000"
 1997      787400
 1998              	.LASF20:
 1999 02ff 73797374 		.ascii	"systime_t\000"
 1999      696D655F 
 1999      7400
 2000              	.LASF39:
 2001 0309 705F7265 		.ascii	"p_realprio\000"
 2001      616C7072 
 2001      696F00
 2002              	.LASF33:
 2003 0314 705F7469 		.ascii	"p_time\000"
 2003      6D6500
 2004              	.LASF55:
 2005 031b 53485052 		.ascii	"SHPR\000"
 2005      00
 2006              	.LASF94:
 2007 0320 433A5C73 		.ascii	"C:\\stm32f0-Discovery_Tools\\Projects\\ChibiOS_Temp"
 2007      746D3332 
 2007      66302D44 
 2007      6973636F 
 2007      76657279 
 2008 0350 6C617465 		.ascii	"late\000"
 2008      00
 2009              	.LASF47:
 2010 0355 696E7463 		.ascii	"intctx\000"
 2010      747800
 2011              	.LASF35:
 2012 035c 705F6D73 		.ascii	"p_msgqueue\000"
ARM GAS  C:\Users\3130\AppData\Local\Temp\ccHQyBB4.s 			page 39


 2012      67717565 
 2012      756500
 2013              	.LASF31:
 2014 0367 705F7265 		.ascii	"p_refs\000"
 2014      667300
 2015              	.LASF73:
 2016 036e 52656164 		.ascii	"ReadyList\000"
 2016      794C6973 
 2016      7400
 2017              	.LASF63:
 2018 0378 4D4D4652 		.ascii	"MMFR\000"
 2018      00
 2019              	.LASF96:
 2020 037d 726C6973 		.ascii	"rlist\000"
 2020      7400
 2021              	.LASF5:
 2022 0383 75696E74 		.ascii	"uint8_t\000"
 2022      385F7400 
 2023              	.LASF92:
 2024 038b 474E5520 		.ascii	"GNU C 4.7.4 20130913 (prerelease)\000"
 2024      4320342E 
 2024      372E3420 
 2024      32303133 
 2024      30393133 
 2025              	.LASF80:
 2026 03ad 77746F62 		.ascii	"wtobjp\000"
 2026      6A7000
 2027              	.LASF28:
 2028 03b4 705F6E61 		.ascii	"p_name\000"
 2028      6D6500
 2029              	.LASF65:
 2030 03bb 43504143 		.ascii	"CPACR\000"
 2030      5200
 2031              	.LASF58:
 2032 03c1 48465352 		.ascii	"HFSR\000"
 2032      00
 2033              	.LASF76:
 2034 03c6 6D5F6F77 		.ascii	"m_owner\000"
 2034      6E657200 
 2035              	.LASF25:
 2036 03ce 705F6374 		.ascii	"p_ctx\000"
 2036      7800
 2037              	.LASF34:
 2038 03d4 705F7761 		.ascii	"p_waiting\000"
 2038      6974696E 
 2038      6700
 2039              		.ident	"GCC: (GNU Tools for ARM Embedded Processors / bleeding-edge-toolchain-131005) 4.7.4 201309
ARM GAS  C:\Users\3130\AppData\Local\Temp\ccHQyBB4.s 			page 40


DEFINED SYMBOLS
                            *ABS*:00000000 chcore_v6m.c
C:\Users\3130\AppData\Local\Temp\ccHQyBB4.s:18     .text._port_switch_from_isr:00000000 $t
C:\Users\3130\AppData\Local\Temp\ccHQyBB4.s:24     .text._port_switch_from_isr:00000000 _port_switch_from_isr
C:\Users\3130\AppData\Local\Temp\ccHQyBB4.s:34     .text._port_switch_from_isr:00000004 _port_exit_from_isr
C:\Users\3130\AppData\Local\Temp\ccHQyBB4.s:47     .text._port_switch_from_isr:00000010 $d
C:\Users\3130\AppData\Local\Temp\ccHQyBB4.s:52     .text.NMIVector:00000000 $t
C:\Users\3130\AppData\Local\Temp\ccHQyBB4.s:58     .text.NMIVector:00000000 NMIVector
C:\Users\3130\AppData\Local\Temp\ccHQyBB4.s:87     .text._port_irq_epilogue:00000000 $t
C:\Users\3130\AppData\Local\Temp\ccHQyBB4.s:93     .text._port_irq_epilogue:00000000 _port_irq_epilogue
C:\Users\3130\AppData\Local\Temp\ccHQyBB4.s:170    .text._port_irq_epilogue:0000004c $d
C:\Users\3130\AppData\Local\Temp\ccHQyBB4.s:178    .text.SysTickVector:00000000 $t
C:\Users\3130\AppData\Local\Temp\ccHQyBB4.s:184    .text.SysTickVector:00000000 SysTickVector
C:\Users\3130\AppData\Local\Temp\ccHQyBB4.s:223    .text._port_switch:00000000 $t
C:\Users\3130\AppData\Local\Temp\ccHQyBB4.s:229    .text._port_switch:00000000 _port_switch
C:\Users\3130\AppData\Local\Temp\ccHQyBB4.s:266    .text._port_thread_start:00000000 $t
C:\Users\3130\AppData\Local\Temp\ccHQyBB4.s:272    .text._port_thread_start:00000000 _port_thread_start
                     .debug_frame:00000010 $d
C:\Users\3130\AppData\Local\Temp\ccHQyBB4.s:51     .text._port_switch_from_isr:00000014 $t
C:\Users\3130\AppData\Local\Temp\ccHQyBB4.s:177    .text._port_irq_epilogue:00000058 $t

UNDEFINED SYMBOLS
chSchDoReschedule
rlist
chSysTimerHandlerI
chThdExit
