ARM GAS  C:\Users\3130\AppData\Local\Temp\ccd4G3Jd.s 			page 1


   1              		.cpu cortex-m0
   2              		.fpu softvfp
   3              		.eabi_attribute 20, 1
   4              		.eabi_attribute 21, 1
   5              		.eabi_attribute 23, 3
   6              		.eabi_attribute 24, 1
   7              		.eabi_attribute 25, 1
   8              		.eabi_attribute 26, 1
   9              		.eabi_attribute 30, 2
  10              		.eabi_attribute 34, 0
  11              		.eabi_attribute 18, 4
  12              		.code	16
  13              		.file	"chdynamic.c"
  14              		.text
  15              	.Ltext0:
  16              		.cfi_sections	.debug_frame
  17              		.section	.text.chThdAddRef,"ax",%progbits
  18              		.align	2
  19              		.p2align 4,,15
  20              		.global	chThdAddRef
  21              		.code	16
  22              		.thumb_func
  23              		.type	chThdAddRef, %function
  24              	chThdAddRef:
  25              	.LFB7:
  26              		.file 1 "../../ChibiOS_2.6.1/os/kernel/src/chdynamic.c"
  27              		.loc 1 52 0
  28              		.cfi_startproc
  29              	.LVL0:
  30              		.loc 1 54 0
  31              	@ 54 "../../ChibiOS_2.6.1/os/kernel/src/chdynamic.c" 1
  32 0000 72B6     		cpsid   i
  33              	@ 0 "" 2
  34              		.loc 1 56 0
  35              		.code	16
  36 0002 837F     		ldrb	r3, [r0, #30]
  37 0004 0133     		add	r3, r3, #1
  38 0006 8377     		strb	r3, [r0, #30]
  39              		.loc 1 57 0
  40              	@ 57 "../../ChibiOS_2.6.1/os/kernel/src/chdynamic.c" 1
  41 0008 62B6     		cpsie   i
  42              	@ 0 "" 2
  43              		.loc 1 59 0
  44              		.code	16
  45              		@ sp needed for prologue
  46 000a 7047     		bx	lr
  47              		.cfi_endproc
  48              	.LFE7:
  49              		.size	chThdAddRef, .-chThdAddRef
  50 000c C046C046 		.section	.text.chThdRelease,"ax",%progbits
  51              		.align	2
  52              		.p2align 4,,15
  53              		.global	chThdRelease
  54              		.code	16
  55              		.thumb_func
  56              		.type	chThdRelease, %function
  57              	chThdRelease:
ARM GAS  C:\Users\3130\AppData\Local\Temp\ccd4G3Jd.s 			page 2


  58              	.LFB8:
  59              		.loc 1 74 0
  60              		.cfi_startproc
  61              	.LVL1:
  62 0000 08B5     		push	{r3, lr}
  63              	.LCFI0:
  64              		.cfi_def_cfa_offset 8
  65              		.cfi_offset 3, -8
  66              		.cfi_offset 14, -4
  67              		.loc 1 74 0
  68 0002 011C     		mov	r1, r0
  69              		.loc 1 77 0
  70              	@ 77 "../../ChibiOS_2.6.1/os/kernel/src/chdynamic.c" 1
  71 0004 72B6     		cpsid   i
  72              	@ 0 "" 2
  73              		.loc 1 79 0
  74              		.code	16
  75 0006 837F     		ldrb	r3, [r0, #30]
  76 0008 013B     		sub	r3, r3, #1
  77 000a D8B2     		uxtb	r0, r3
  78              	.LVL2:
  79 000c 8877     		strb	r0, [r1, #30]
  80              	.LVL3:
  81              		.loc 1 80 0
  82              	@ 80 "../../ChibiOS_2.6.1/os/kernel/src/chdynamic.c" 1
  83 000e 62B6     		cpsie   i
  84              	@ 0 "" 2
  85              		.loc 1 85 0
  86              		.code	16
  87 0010 0028     		cmp	r0, #0
  88 0012 02D1     		bne	.L2
  89              		.loc 1 85 0 is_stmt 0 discriminator 1
  90 0014 0A7F     		ldrb	r2, [r1, #28]
  91 0016 0E2A     		cmp	r2, #14
  92 0018 00D0     		beq	.L7
  93              	.LVL4:
  94              	.L2:
  95              		.loc 1 105 0 is_stmt 1
  96              		@ sp needed for prologue
  97 001a 08BD     		pop	{r3, pc}
  98              	.LVL5:
  99              	.L7:
 100              		.loc 1 86 0
 101 001c 4B7F     		ldrb	r3, [r1, #29]
 102              	.LVL6:
 103 001e 0320     		mov	r0, #3
 104              	.LVL7:
 105 0020 0340     		and	r3, r0
 106 0022 012B     		cmp	r3, #1
 107 0024 0AD0     		beq	.L4
 108 0026 022B     		cmp	r3, #2
 109 0028 F7D1     		bne	.L2
 110              		.loc 1 98 0
 111 002a 4B69     		ldr	r3, [r1, #20]
 112 002c 0A69     		ldr	r2, [r1, #16]
 113 002e 1A61     		str	r2, [r3, #16]
 114 0030 0869     		ldr	r0, [r1, #16]
ARM GAS  C:\Users\3130\AppData\Local\Temp\ccd4G3Jd.s 			page 3


 115 0032 4361     		str	r3, [r0, #20]
 116              		.loc 1 100 0
 117 0034 486C     		ldr	r0, [r1, #68]
 118 0036 FFF7FEFF 		bl	chPoolFree
 119              	.LVL8:
 120              		.loc 1 101 0
 121 003a EEE7     		b	.L2
 122              	.LVL9:
 123              	.L4:
 124              		.loc 1 90 0
 125 003c 4B69     		ldr	r3, [r1, #20]
 126 003e 0A69     		ldr	r2, [r1, #16]
 127 0040 1A61     		str	r2, [r3, #16]
 128 0042 0869     		ldr	r0, [r1, #16]
 129 0044 4361     		str	r3, [r0, #20]
 130              		.loc 1 92 0
 131 0046 081C     		mov	r0, r1
 132 0048 FFF7FEFF 		bl	chHeapFree
 133              	.LVL10:
 134              		.loc 1 93 0
 135 004c E5E7     		b	.L2
 136              		.cfi_endproc
 137              	.LFE8:
 138              		.size	chThdRelease, .-chThdRelease
 139 004e C046     		.section	.text.chThdCreateFromHeap,"ax",%progbits
 140              		.align	2
 141              		.p2align 4,,15
 142              		.global	chThdCreateFromHeap
 143              		.code	16
 144              		.thumb_func
 145              		.type	chThdCreateFromHeap, %function
 146              	chThdCreateFromHeap:
 147              	.LFB9:
 148              		.loc 1 131 0
 149              		.cfi_startproc
 150              	.LVL11:
 151 0000 70B5     		push	{r4, r5, r6, lr}
 152              	.LCFI1:
 153              		.cfi_def_cfa_offset 16
 154              		.cfi_offset 4, -16
 155              		.cfi_offset 5, -12
 156              		.cfi_offset 6, -8
 157              		.cfi_offset 14, -4
 158 0002 82B0     		sub	sp, sp, #8
 159              	.LCFI2:
 160              		.cfi_def_cfa_offset 24
 161              		.loc 1 131 0
 162 0004 0C1C     		mov	r4, r1
 163 0006 161C     		mov	r6, r2
 164 0008 1D1C     		mov	r5, r3
 165              		.loc 1 135 0
 166 000a FFF7FEFF 		bl	chHeapAlloc
 167              	.LVL12:
 168              		.loc 1 136 0
 169 000e 0028     		cmp	r0, #0
 170 0010 12D0     		beq	.L10
 171              		.loc 1 148 0
ARM GAS  C:\Users\3130\AppData\Local\Temp\ccd4G3Jd.s 			page 4


 172              	@ 148 "../../ChibiOS_2.6.1/os/kernel/src/chdynamic.c" 1
 173 0012 72B6     		cpsid   i
 174              	@ 0 "" 2
 175              		.loc 1 149 0
 176              		.code	16
 177 0014 069B     		ldr	r3, [sp, #24]
 178 0016 211C     		mov	r1, r4
 179 0018 0093     		str	r3, [sp]
 180 001a 321C     		mov	r2, r6
 181 001c 2B1C     		mov	r3, r5
 182 001e FFF7FEFF 		bl	chThdCreateI
 183              	.LVL13:
 184 0022 041C     		mov	r4, r0
 185              	.LVL14:
 186              		.loc 1 150 0
 187 0024 0120     		mov	r0, #1
 188              	.LVL15:
 189 0026 6077     		strb	r0, [r4, #29]
 190              		.loc 1 151 0
 191 0028 0021     		mov	r1, #0
 192 002a 201C     		mov	r0, r4
 193 002c FFF7FEFF 		bl	chSchWakeupS
 194              	.LVL16:
 195              		.loc 1 152 0
 196              	@ 152 "../../ChibiOS_2.6.1/os/kernel/src/chdynamic.c" 1
 197 0030 62B6     		cpsie   i
 198              	@ 0 "" 2
 199              	.LVL17:
 200              		.code	16
 201              	.L9:
 202              		.loc 1 154 0
 203 0032 201C     		mov	r0, r4
 204 0034 02B0     		add	sp, sp, #8
 205              		@ sp needed for prologue
 206              	.LVL18:
 207              	.LVL19:
 208 0036 70BD     		pop	{r4, r5, r6, pc}
 209              	.LVL20:
 210              	.L10:
 211              		.loc 1 137 0
 212 0038 0024     		mov	r4, #0
 213              	.LVL21:
 214 003a FAE7     		b	.L9
 215              		.cfi_endproc
 216              	.LFE9:
 217              		.size	chThdCreateFromHeap, .-chThdCreateFromHeap
 218 003c C046C046 		.section	.text.chThdCreateFromMemoryPool,"ax",%progbits
 219              		.align	2
 220              		.p2align 4,,15
 221              		.global	chThdCreateFromMemoryPool
 222              		.code	16
 223              		.thumb_func
 224              		.type	chThdCreateFromMemoryPool, %function
 225              	chThdCreateFromMemoryPool:
 226              	.LFB10:
 227              		.loc 1 180 0
 228              		.cfi_startproc
ARM GAS  C:\Users\3130\AppData\Local\Temp\ccd4G3Jd.s 			page 5


 229              	.LVL22:
 230 0000 F0B5     		push	{r4, r5, r6, r7, lr}
 231              	.LCFI3:
 232              		.cfi_def_cfa_offset 20
 233              		.cfi_offset 4, -20
 234              		.cfi_offset 5, -16
 235              		.cfi_offset 6, -12
 236              		.cfi_offset 7, -8
 237              		.cfi_offset 14, -4
 238 0002 83B0     		sub	sp, sp, #12
 239              	.LCFI4:
 240              		.cfi_def_cfa_offset 32
 241              		.loc 1 180 0
 242 0004 051C     		mov	r5, r0
 243 0006 0E1C     		mov	r6, r1
 244 0008 141C     		mov	r4, r2
 245 000a 1F1C     		mov	r7, r3
 246              		.loc 1 186 0
 247 000c FFF7FEFF 		bl	chPoolAlloc
 248              	.LVL23:
 249              		.loc 1 187 0
 250 0010 0028     		cmp	r0, #0
 251 0012 11D0     		beq	.L13
 252              		.loc 1 199 0
 253              	@ 199 "../../ChibiOS_2.6.1/os/kernel/src/chdynamic.c" 1
 254 0014 72B6     		cpsid   i
 255              	@ 0 "" 2
 256              		.loc 1 200 0
 257              		.code	16
 258 0016 321C     		mov	r2, r6
 259 0018 6968     		ldr	r1, [r5, #4]
 260 001a 231C     		mov	r3, r4
 261 001c 0097     		str	r7, [sp]
 262 001e FFF7FEFF 		bl	chThdCreateI
 263              	.LVL24:
 264              		.loc 1 201 0
 265 0022 0223     		mov	r3, #2
 266 0024 4377     		strb	r3, [r0, #29]
 267              		.loc 1 202 0
 268 0026 4564     		str	r5, [r0, #68]
 269              		.loc 1 203 0
 270 0028 0021     		mov	r1, #0
 271              		.loc 1 200 0
 272 002a 061C     		mov	r6, r0
 273              	.LVL25:
 274              		.loc 1 203 0
 275 002c FFF7FEFF 		bl	chSchWakeupS
 276              	.LVL26:
 277              		.loc 1 204 0
 278              	@ 204 "../../ChibiOS_2.6.1/os/kernel/src/chdynamic.c" 1
 279 0030 62B6     		cpsie   i
 280              	@ 0 "" 2
 281              	.LVL27:
 282              		.code	16
 283              	.L12:
 284              		.loc 1 206 0
 285 0032 301C     		mov	r0, r6
ARM GAS  C:\Users\3130\AppData\Local\Temp\ccd4G3Jd.s 			page 6


 286 0034 03B0     		add	sp, sp, #12
 287              		@ sp needed for prologue
 288              	.LVL28:
 289              	.LVL29:
 290              	.LVL30:
 291 0036 F0BD     		pop	{r4, r5, r6, r7, pc}
 292              	.LVL31:
 293              	.L13:
 294              		.loc 1 188 0
 295 0038 0026     		mov	r6, #0
 296              	.LVL32:
 297 003a FAE7     		b	.L12
 298              		.cfi_endproc
 299              	.LFE10:
 300              		.size	chThdCreateFromMemoryPool, .-chThdCreateFromMemoryPool
 301 003c C046C046 		.text
 302              	.Letext0:
 303              		.file 2 "c:\\stm32f0-discovery_tools\\gcc-arm-none-eabi\\bin\\../lib/gcc/arm-none-eabi/4.7.4/inclu
 304              		.file 3 "c:\\stm32f0-discovery_tools\\gcc-arm-none-eabi\\bin\\../lib/gcc/arm-none-eabi/4.7.4/../..
 305              		.file 4 "../../ChibiOS_2.6.1/os/ports/GCC/ARMCMx/chtypes.h"
 306              		.file 5 "../../ChibiOS_2.6.1/os/kernel/include/chlists.h"
 307              		.file 6 "../../ChibiOS_2.6.1/os/kernel/include/chthreads.h"
 308              		.file 7 "../../ChibiOS_2.6.1/os/ports/GCC/ARMCMx/chcore_v6m.h"
 309              		.file 8 "../../ChibiOS_2.6.1/os/kernel/include/chmtx.h"
 310              		.file 9 "../../ChibiOS_2.6.1/os/kernel/include/chmemcore.h"
 311              		.file 10 "../../ChibiOS_2.6.1/os/kernel/include/chheap.h"
 312              		.file 11 "../../ChibiOS_2.6.1/os/kernel/include/chmempools.h"
 313              		.file 12 "../../ChibiOS_2.6.1/os/kernel/include/chschd.h"
 314              		.section	.debug_info,"",%progbits
 315              	.Ldebug_info0:
 316 0000 09080000 		.4byte	0x809
 317 0004 0200     		.2byte	0x2
 318 0006 00000000 		.4byte	.Ldebug_abbrev0
 319 000a 04       		.byte	0x4
 320 000b 01       		.uleb128 0x1
 321 000c 9A030000 		.4byte	.LASF88
 322 0010 01       		.byte	0x1
 323 0011 E2010000 		.4byte	.LASF89
 324 0015 14030000 		.4byte	.LASF90
 325 0019 00000000 		.4byte	.Ldebug_ranges0+0
 326 001d 00000000 		.4byte	0
 327 0021 00000000 		.4byte	0
 328 0025 00000000 		.4byte	.Ldebug_line0
 329 0029 02       		.uleb128 0x2
 330 002a 04       		.byte	0x4
 331 002b 05       		.byte	0x5
 332 002c 696E7400 		.ascii	"int\000"
 333 0030 03       		.uleb128 0x3
 334 0031 0E000000 		.4byte	.LASF2
 335 0035 02       		.byte	0x2
 336 0036 D5       		.byte	0xd5
 337 0037 3B000000 		.4byte	0x3b
 338 003b 04       		.uleb128 0x4
 339 003c 04       		.byte	0x4
 340 003d 07       		.byte	0x7
 341 003e 33010000 		.4byte	.LASF0
 342 0042 04       		.uleb128 0x4
ARM GAS  C:\Users\3130\AppData\Local\Temp\ccd4G3Jd.s 			page 7


 343 0043 01       		.byte	0x1
 344 0044 06       		.byte	0x6
 345 0045 84000000 		.4byte	.LASF1
 346 0049 03       		.uleb128 0x3
 347 004a 7B030000 		.4byte	.LASF3
 348 004e 03       		.byte	0x3
 349 004f 2A       		.byte	0x2a
 350 0050 54000000 		.4byte	0x54
 351 0054 04       		.uleb128 0x4
 352 0055 01       		.byte	0x1
 353 0056 08       		.byte	0x8
 354 0057 52020000 		.4byte	.LASF4
 355 005b 04       		.uleb128 0x4
 356 005c 02       		.byte	0x2
 357 005d 05       		.byte	0x5
 358 005e 75020000 		.4byte	.LASF5
 359 0062 04       		.uleb128 0x4
 360 0063 02       		.byte	0x2
 361 0064 07       		.byte	0x7
 362 0065 5F010000 		.4byte	.LASF6
 363 0069 03       		.uleb128 0x3
 364 006a 4A020000 		.4byte	.LASF7
 365 006e 03       		.byte	0x3
 366 006f 4F       		.byte	0x4f
 367 0070 74000000 		.4byte	0x74
 368 0074 04       		.uleb128 0x4
 369 0075 04       		.byte	0x4
 370 0076 05       		.byte	0x5
 371 0077 C8000000 		.4byte	.LASF8
 372 007b 03       		.uleb128 0x3
 373 007c DE020000 		.4byte	.LASF9
 374 0080 03       		.byte	0x3
 375 0081 50       		.byte	0x50
 376 0082 86000000 		.4byte	0x86
 377 0086 04       		.uleb128 0x4
 378 0087 04       		.byte	0x4
 379 0088 07       		.byte	0x7
 380 0089 40010000 		.4byte	.LASF10
 381 008d 04       		.uleb128 0x4
 382 008e 08       		.byte	0x8
 383 008f 05       		.byte	0x5
 384 0090 76000000 		.4byte	.LASF11
 385 0094 03       		.uleb128 0x3
 386 0095 1C000000 		.4byte	.LASF12
 387 0099 03       		.byte	0x3
 388 009a 78       		.byte	0x78
 389 009b 9F000000 		.4byte	0x9f
 390 009f 04       		.uleb128 0x4
 391 00a0 08       		.byte	0x8
 392 00a1 07       		.byte	0x7
 393 00a2 3D000000 		.4byte	.LASF13
 394 00a6 04       		.uleb128 0x4
 395 00a7 01       		.byte	0x1
 396 00a8 02       		.byte	0x2
 397 00a9 44020000 		.4byte	.LASF14
 398 00ad 03       		.uleb128 0x3
 399 00ae 78010000 		.4byte	.LASF15
ARM GAS  C:\Users\3130\AppData\Local\Temp\ccd4G3Jd.s 			page 8


 400 00b2 04       		.byte	0x4
 401 00b3 2C       		.byte	0x2c
 402 00b4 49000000 		.4byte	0x49
 403 00b8 03       		.uleb128 0x3
 404 00b9 E5000000 		.4byte	.LASF16
 405 00bd 04       		.byte	0x4
 406 00be 2D       		.byte	0x2d
 407 00bf 49000000 		.4byte	0x49
 408 00c3 03       		.uleb128 0x3
 409 00c4 28020000 		.4byte	.LASF17
 410 00c8 04       		.byte	0x4
 411 00c9 2E       		.byte	0x2e
 412 00ca 49000000 		.4byte	0x49
 413 00ce 03       		.uleb128 0x3
 414 00cf B1000000 		.4byte	.LASF18
 415 00d3 04       		.byte	0x4
 416 00d4 2F       		.byte	0x2f
 417 00d5 49000000 		.4byte	0x49
 418 00d9 03       		.uleb128 0x3
 419 00da 3C020000 		.4byte	.LASF19
 420 00de 04       		.byte	0x4
 421 00df 30       		.byte	0x30
 422 00e0 7B000000 		.4byte	0x7b
 423 00e4 03       		.uleb128 0x3
 424 00e5 72010000 		.4byte	.LASF20
 425 00e9 04       		.byte	0x4
 426 00ea 31       		.byte	0x31
 427 00eb 69000000 		.4byte	0x69
 428 00ef 03       		.uleb128 0x3
 429 00f0 8C010000 		.4byte	.LASF21
 430 00f4 04       		.byte	0x4
 431 00f5 33       		.byte	0x33
 432 00f6 7B000000 		.4byte	0x7b
 433 00fa 03       		.uleb128 0x3
 434 00fb F8020000 		.4byte	.LASF22
 435 00ff 04       		.byte	0x4
 436 0100 35       		.byte	0x35
 437 0101 7B000000 		.4byte	0x7b
 438 0105 03       		.uleb128 0x3
 439 0106 C0020000 		.4byte	.LASF23
 440 010a 05       		.byte	0x5
 441 010b 2A       		.byte	0x2a
 442 010c 10010000 		.4byte	0x110
 443 0110 05       		.uleb128 0x5
 444 0111 C0020000 		.4byte	.LASF23
 445 0115 48       		.byte	0x48
 446 0116 06       		.byte	0x6
 447 0117 5E       		.byte	0x5e
 448 0118 35020000 		.4byte	0x235
 449 011c 06       		.uleb128 0x6
 450 011d A4020000 		.4byte	.LASF24
 451 0121 06       		.byte	0x6
 452 0122 5F       		.byte	0x5f
 453 0123 5A020000 		.4byte	0x25a
 454 0127 02       		.byte	0x2
 455 0128 23       		.byte	0x23
 456 0129 00       		.uleb128 0
ARM GAS  C:\Users\3130\AppData\Local\Temp\ccd4G3Jd.s 			page 9


 457 012a 06       		.uleb128 0x6
 458 012b 35020000 		.4byte	.LASF25
 459 012f 06       		.byte	0x6
 460 0130 61       		.byte	0x61
 461 0131 5A020000 		.4byte	0x25a
 462 0135 02       		.byte	0x2
 463 0136 23       		.byte	0x23
 464 0137 04       		.uleb128 0x4
 465 0138 06       		.uleb128 0x6
 466 0139 6F000000 		.4byte	.LASF26
 467 013d 06       		.byte	0x6
 468 013e 63       		.byte	0x63
 469 013f D9000000 		.4byte	0xd9
 470 0143 02       		.byte	0x2
 471 0144 23       		.byte	0x23
 472 0145 08       		.uleb128 0x8
 473 0146 06       		.uleb128 0x6
 474 0147 D2030000 		.4byte	.LASF27
 475 014b 06       		.byte	0x6
 476 014c 64       		.byte	0x64
 477 014d 29030000 		.4byte	0x329
 478 0151 02       		.byte	0x2
 479 0152 23       		.byte	0x23
 480 0153 0C       		.uleb128 0xc
 481 0154 06       		.uleb128 0x6
 482 0155 F6000000 		.4byte	.LASF28
 483 0159 06       		.byte	0x6
 484 015a 66       		.byte	0x66
 485 015b 5A020000 		.4byte	0x25a
 486 015f 02       		.byte	0x2
 487 0160 23       		.byte	0x23
 488 0161 10       		.uleb128 0x10
 489 0162 06       		.uleb128 0x6
 490 0163 BE010000 		.4byte	.LASF29
 491 0167 06       		.byte	0x6
 492 0168 67       		.byte	0x67
 493 0169 5A020000 		.4byte	0x25a
 494 016d 02       		.byte	0x2
 495 016e 23       		.byte	0x23
 496 016f 14       		.uleb128 0x14
 497 0170 06       		.uleb128 0x6
 498 0171 C3030000 		.4byte	.LASF30
 499 0175 06       		.byte	0x6
 500 0176 6E       		.byte	0x6e
 501 0177 04050000 		.4byte	0x504
 502 017b 02       		.byte	0x2
 503 017c 23       		.byte	0x23
 504 017d 18       		.uleb128 0x18
 505 017e 06       		.uleb128 0x6
 506 017f 7F020000 		.4byte	.LASF31
 507 0183 06       		.byte	0x6
 508 0184 79       		.byte	0x79
 509 0185 B8000000 		.4byte	0xb8
 510 0189 02       		.byte	0x2
 511 018a 23       		.byte	0x23
 512 018b 1C       		.uleb128 0x1c
 513 018c 06       		.uleb128 0x6
ARM GAS  C:\Users\3130\AppData\Local\Temp\ccd4G3Jd.s 			page 10


 514 018d AB020000 		.4byte	.LASF32
 515 0191 06       		.byte	0x6
 516 0192 7D       		.byte	0x7d
 517 0193 AD000000 		.4byte	0xad
 518 0197 02       		.byte	0x2
 519 0198 23       		.byte	0x23
 520 0199 1D       		.uleb128 0x1d
 521 019a 06       		.uleb128 0x6
 522 019b 74030000 		.4byte	.LASF33
 523 019f 06       		.byte	0x6
 524 01a0 82       		.byte	0x82
 525 01a1 C3000000 		.4byte	0xc3
 526 01a5 02       		.byte	0x2
 527 01a6 23       		.byte	0x23
 528 01a7 1E       		.uleb128 0x1e
 529 01a8 06       		.uleb128 0x6
 530 01a9 87020000 		.4byte	.LASF34
 531 01ad 06       		.byte	0x6
 532 01ae 88       		.byte	0x88
 533 01af CE000000 		.4byte	0xce
 534 01b3 02       		.byte	0x2
 535 01b4 23       		.byte	0x23
 536 01b5 1F       		.uleb128 0x1f
 537 01b6 06       		.uleb128 0x6
 538 01b7 0D030000 		.4byte	.LASF35
 539 01bb 06       		.byte	0x6
 540 01bc 8F       		.byte	0x8f
 541 01bd 51030000 		.4byte	0x351
 542 01c1 02       		.byte	0x2
 543 01c2 23       		.byte	0x23
 544 01c3 20       		.uleb128 0x20
 545 01c4 07       		.uleb128 0x7
 546 01c5 705F7500 		.ascii	"p_u\000"
 547 01c9 06       		.byte	0x6
 548 01ca B4       		.byte	0xb4
 549 01cb CF040000 		.4byte	0x4cf
 550 01cf 02       		.byte	0x2
 551 01d0 23       		.byte	0x23
 552 01d1 24       		.uleb128 0x24
 553 01d2 06       		.uleb128 0x6
 554 01d3 D8030000 		.4byte	.LASF36
 555 01d7 06       		.byte	0x6
 556 01d8 B9       		.byte	0xb9
 557 01d9 82020000 		.4byte	0x282
 558 01dd 02       		.byte	0x2
 559 01de 23       		.byte	0x23
 560 01df 28       		.uleb128 0x28
 561 01e0 06       		.uleb128 0x6
 562 01e1 50030000 		.4byte	.LASF37
 563 01e5 06       		.byte	0x6
 564 01e6 BF       		.byte	0xbf
 565 01e7 60020000 		.4byte	0x260
 566 01eb 02       		.byte	0x2
 567 01ec 23       		.byte	0x23
 568 01ed 2C       		.uleb128 0x2c
 569 01ee 06       		.uleb128 0x6
 570 01ef 08000000 		.4byte	.LASF38
ARM GAS  C:\Users\3130\AppData\Local\Temp\ccd4G3Jd.s 			page 11


 571 01f3 06       		.byte	0x6
 572 01f4 C3       		.byte	0xc3
 573 01f5 E4000000 		.4byte	0xe4
 574 01f9 02       		.byte	0x2
 575 01fa 23       		.byte	0x23
 576 01fb 34       		.uleb128 0x34
 577 01fc 06       		.uleb128 0x6
 578 01fd D3020000 		.4byte	.LASF39
 579 0201 06       		.byte	0x6
 580 0202 C9       		.byte	0xc9
 581 0203 EF000000 		.4byte	0xef
 582 0207 02       		.byte	0x2
 583 0208 23       		.byte	0x23
 584 0209 38       		.uleb128 0x38
 585 020a 06       		.uleb128 0x6
 586 020b 6B020000 		.4byte	.LASF40
 587 020f 06       		.byte	0x6
 588 0210 D0       		.byte	0xd0
 589 0211 16050000 		.4byte	0x516
 590 0215 02       		.byte	0x2
 591 0216 23       		.byte	0x23
 592 0217 3C       		.uleb128 0x3c
 593 0218 06       		.uleb128 0x6
 594 0219 02030000 		.4byte	.LASF41
 595 021d 06       		.byte	0x6
 596 021e D4       		.byte	0xd4
 597 021f D9000000 		.4byte	0xd9
 598 0223 02       		.byte	0x2
 599 0224 23       		.byte	0x23
 600 0225 40       		.uleb128 0x40
 601 0226 06       		.uleb128 0x6
 602 0227 96000000 		.4byte	.LASF42
 603 022b 06       		.byte	0x6
 604 022c DA       		.byte	0xda
 605 022d 98020000 		.4byte	0x298
 606 0231 02       		.byte	0x2
 607 0232 23       		.byte	0x23
 608 0233 44       		.uleb128 0x44
 609 0234 00       		.byte	0
 610 0235 08       		.uleb128 0x8
 611 0236 08       		.byte	0x8
 612 0237 05       		.byte	0x5
 613 0238 61       		.byte	0x61
 614 0239 5A020000 		.4byte	0x25a
 615 023d 06       		.uleb128 0x6
 616 023e A4020000 		.4byte	.LASF24
 617 0242 05       		.byte	0x5
 618 0243 62       		.byte	0x62
 619 0244 5A020000 		.4byte	0x25a
 620 0248 02       		.byte	0x2
 621 0249 23       		.byte	0x23
 622 024a 00       		.uleb128 0
 623 024b 06       		.uleb128 0x6
 624 024c 35020000 		.4byte	.LASF25
 625 0250 05       		.byte	0x5
 626 0251 64       		.byte	0x64
 627 0252 5A020000 		.4byte	0x25a
ARM GAS  C:\Users\3130\AppData\Local\Temp\ccd4G3Jd.s 			page 12


 628 0256 02       		.byte	0x2
 629 0257 23       		.byte	0x23
 630 0258 04       		.uleb128 0x4
 631 0259 00       		.byte	0
 632 025a 09       		.uleb128 0x9
 633 025b 04       		.byte	0x4
 634 025c 05010000 		.4byte	0x105
 635 0260 03       		.uleb128 0x3
 636 0261 C6010000 		.4byte	.LASF43
 637 0265 05       		.byte	0x5
 638 0266 66       		.byte	0x66
 639 0267 35020000 		.4byte	0x235
 640 026b 08       		.uleb128 0x8
 641 026c 04       		.byte	0x4
 642 026d 05       		.byte	0x5
 643 026e 6B       		.byte	0x6b
 644 026f 82020000 		.4byte	0x282
 645 0273 06       		.uleb128 0x6
 646 0274 A4020000 		.4byte	.LASF24
 647 0278 05       		.byte	0x5
 648 0279 6D       		.byte	0x6d
 649 027a 5A020000 		.4byte	0x25a
 650 027e 02       		.byte	0x2
 651 027f 23       		.byte	0x23
 652 0280 00       		.uleb128 0
 653 0281 00       		.byte	0
 654 0282 03       		.uleb128 0x3
 655 0283 80010000 		.4byte	.LASF44
 656 0287 05       		.byte	0x5
 657 0288 70       		.byte	0x70
 658 0289 6B020000 		.4byte	0x26b
 659 028d 03       		.uleb128 0x3
 660 028e 24010000 		.4byte	.LASF45
 661 0292 07       		.byte	0x7
 662 0293 A7       		.byte	0xa7
 663 0294 98020000 		.4byte	0x298
 664 0298 0A       		.uleb128 0xa
 665 0299 04       		.byte	0x4
 666 029a 03       		.uleb128 0x3
 667 029b AA010000 		.4byte	.LASF46
 668 029f 07       		.byte	0x7
 669 02a0 AD       		.byte	0xad
 670 02a1 94000000 		.4byte	0x94
 671 02a5 05       		.uleb128 0x5
 672 02a6 49030000 		.4byte	.LASF47
 673 02aa 24       		.byte	0x24
 674 02ab 07       		.byte	0x7
 675 02ac BA       		.byte	0xba
 676 02ad 29030000 		.4byte	0x329
 677 02b1 07       		.uleb128 0x7
 678 02b2 723800   		.ascii	"r8\000"
 679 02b5 07       		.byte	0x7
 680 02b6 BB       		.byte	0xbb
 681 02b7 8D020000 		.4byte	0x28d
 682 02bb 02       		.byte	0x2
 683 02bc 23       		.byte	0x23
 684 02bd 00       		.uleb128 0
ARM GAS  C:\Users\3130\AppData\Local\Temp\ccd4G3Jd.s 			page 13


 685 02be 07       		.uleb128 0x7
 686 02bf 723900   		.ascii	"r9\000"
 687 02c2 07       		.byte	0x7
 688 02c3 BC       		.byte	0xbc
 689 02c4 8D020000 		.4byte	0x28d
 690 02c8 02       		.byte	0x2
 691 02c9 23       		.byte	0x23
 692 02ca 04       		.uleb128 0x4
 693 02cb 07       		.uleb128 0x7
 694 02cc 72313000 		.ascii	"r10\000"
 695 02d0 07       		.byte	0x7
 696 02d1 BD       		.byte	0xbd
 697 02d2 8D020000 		.4byte	0x28d
 698 02d6 02       		.byte	0x2
 699 02d7 23       		.byte	0x23
 700 02d8 08       		.uleb128 0x8
 701 02d9 07       		.uleb128 0x7
 702 02da 72313100 		.ascii	"r11\000"
 703 02de 07       		.byte	0x7
 704 02df BE       		.byte	0xbe
 705 02e0 8D020000 		.4byte	0x28d
 706 02e4 02       		.byte	0x2
 707 02e5 23       		.byte	0x23
 708 02e6 0C       		.uleb128 0xc
 709 02e7 07       		.uleb128 0x7
 710 02e8 723400   		.ascii	"r4\000"
 711 02eb 07       		.byte	0x7
 712 02ec BF       		.byte	0xbf
 713 02ed 8D020000 		.4byte	0x28d
 714 02f1 02       		.byte	0x2
 715 02f2 23       		.byte	0x23
 716 02f3 10       		.uleb128 0x10
 717 02f4 07       		.uleb128 0x7
 718 02f5 723500   		.ascii	"r5\000"
 719 02f8 07       		.byte	0x7
 720 02f9 C0       		.byte	0xc0
 721 02fa 8D020000 		.4byte	0x28d
 722 02fe 02       		.byte	0x2
 723 02ff 23       		.byte	0x23
 724 0300 14       		.uleb128 0x14
 725 0301 07       		.uleb128 0x7
 726 0302 723600   		.ascii	"r6\000"
 727 0305 07       		.byte	0x7
 728 0306 C1       		.byte	0xc1
 729 0307 8D020000 		.4byte	0x28d
 730 030b 02       		.byte	0x2
 731 030c 23       		.byte	0x23
 732 030d 18       		.uleb128 0x18
 733 030e 07       		.uleb128 0x7
 734 030f 723700   		.ascii	"r7\000"
 735 0312 07       		.byte	0x7
 736 0313 C2       		.byte	0xc2
 737 0314 8D020000 		.4byte	0x28d
 738 0318 02       		.byte	0x2
 739 0319 23       		.byte	0x23
 740 031a 1C       		.uleb128 0x1c
 741 031b 07       		.uleb128 0x7
ARM GAS  C:\Users\3130\AppData\Local\Temp\ccd4G3Jd.s 			page 14


 742 031c 6C7200   		.ascii	"lr\000"
 743 031f 07       		.byte	0x7
 744 0320 C3       		.byte	0xc3
 745 0321 8D020000 		.4byte	0x28d
 746 0325 02       		.byte	0x2
 747 0326 23       		.byte	0x23
 748 0327 20       		.uleb128 0x20
 749 0328 00       		.byte	0
 750 0329 05       		.uleb128 0x5
 751 032a 52010000 		.4byte	.LASF48
 752 032e 04       		.byte	0x4
 753 032f 07       		.byte	0x7
 754 0330 CD       		.byte	0xcd
 755 0331 44030000 		.4byte	0x344
 756 0335 07       		.uleb128 0x7
 757 0336 72313300 		.ascii	"r13\000"
 758 033a 07       		.byte	0x7
 759 033b CE       		.byte	0xce
 760 033c 44030000 		.4byte	0x344
 761 0340 02       		.byte	0x2
 762 0341 23       		.byte	0x23
 763 0342 00       		.uleb128 0
 764 0343 00       		.byte	0
 765 0344 09       		.uleb128 0x9
 766 0345 04       		.byte	0x4
 767 0346 A5020000 		.4byte	0x2a5
 768 034a 04       		.uleb128 0x4
 769 034b 04       		.byte	0x4
 770 034c 07       		.byte	0x7
 771 034d B5010000 		.4byte	.LASF49
 772 0351 0B       		.uleb128 0xb
 773 0352 FA000000 		.4byte	0xfa
 774 0356 05       		.uleb128 0x5
 775 0357 98010000 		.4byte	.LASF50
 776 035b 10       		.byte	0x10
 777 035c 08       		.byte	0x8
 778 035d 2C       		.byte	0x2c
 779 035e 8D030000 		.4byte	0x38d
 780 0362 06       		.uleb128 0x6
 781 0363 9E000000 		.4byte	.LASF51
 782 0367 08       		.byte	0x8
 783 0368 2D       		.byte	0x2d
 784 0369 60020000 		.4byte	0x260
 785 036d 02       		.byte	0x2
 786 036e 23       		.byte	0x23
 787 036f 00       		.uleb128 0
 788 0370 06       		.uleb128 0x6
 789 0371 CA030000 		.4byte	.LASF52
 790 0375 08       		.byte	0x8
 791 0376 2F       		.byte	0x2f
 792 0377 5A020000 		.4byte	0x25a
 793 037b 02       		.byte	0x2
 794 037c 23       		.byte	0x23
 795 037d 08       		.uleb128 0x8
 796 037e 06       		.uleb128 0x6
 797 037f F1020000 		.4byte	.LASF53
 798 0383 08       		.byte	0x8
ARM GAS  C:\Users\3130\AppData\Local\Temp\ccd4G3Jd.s 			page 15


 799 0384 31       		.byte	0x31
 800 0385 8D030000 		.4byte	0x38d
 801 0389 02       		.byte	0x2
 802 038a 23       		.byte	0x23
 803 038b 0C       		.uleb128 0xc
 804 038c 00       		.byte	0
 805 038d 09       		.uleb128 0x9
 806 038e 04       		.byte	0x4
 807 038f 56030000 		.4byte	0x356
 808 0393 03       		.uleb128 0x3
 809 0394 98010000 		.4byte	.LASF50
 810 0398 08       		.byte	0x8
 811 0399 33       		.byte	0x33
 812 039a 56030000 		.4byte	0x356
 813 039e 03       		.uleb128 0x3
 814 039f 30000000 		.4byte	.LASF54
 815 03a3 09       		.byte	0x9
 816 03a4 2C       		.byte	0x2c
 817 03a5 A9030000 		.4byte	0x3a9
 818 03a9 09       		.uleb128 0x9
 819 03aa 04       		.byte	0x4
 820 03ab AF030000 		.4byte	0x3af
 821 03af 0C       		.uleb128 0xc
 822 03b0 01       		.byte	0x1
 823 03b1 98020000 		.4byte	0x298
 824 03b5 BF030000 		.4byte	0x3bf
 825 03b9 0D       		.uleb128 0xd
 826 03ba 30000000 		.4byte	0x30
 827 03be 00       		.byte	0
 828 03bf 03       		.uleb128 0x3
 829 03c0 15020000 		.4byte	.LASF55
 830 03c4 0A       		.byte	0xa
 831 03c5 34       		.byte	0x34
 832 03c6 CA030000 		.4byte	0x3ca
 833 03ca 05       		.uleb128 0x5
 834 03cb E2030000 		.4byte	.LASF56
 835 03cf 20       		.byte	0x20
 836 03d0 0A       		.byte	0xa
 837 03d1 47       		.byte	0x47
 838 03d2 01040000 		.4byte	0x401
 839 03d6 06       		.uleb128 0x6
 840 03d7 60020000 		.4byte	.LASF57
 841 03db 0A       		.byte	0xa
 842 03dc 48       		.byte	0x48
 843 03dd 9E030000 		.4byte	0x39e
 844 03e1 02       		.byte	0x2
 845 03e2 23       		.byte	0x23
 846 03e3 00       		.uleb128 0
 847 03e4 06       		.uleb128 0x6
 848 03e5 5D000000 		.4byte	.LASF58
 849 03e9 0A       		.byte	0xa
 850 03ea 4A       		.byte	0x4a
 851 03eb 20040000 		.4byte	0x420
 852 03ef 02       		.byte	0x2
 853 03f0 23       		.byte	0x23
 854 03f1 08       		.uleb128 0x8
 855 03f2 06       		.uleb128 0x6
ARM GAS  C:\Users\3130\AppData\Local\Temp\ccd4G3Jd.s 			page 16


 856 03f3 90000000 		.4byte	.LASF59
 857 03f7 0A       		.byte	0xa
 858 03f8 4C       		.byte	0x4c
 859 03f9 93030000 		.4byte	0x393
 860 03fd 02       		.byte	0x2
 861 03fe 23       		.byte	0x23
 862 03ff 10       		.uleb128 0x10
 863 0400 00       		.byte	0
 864 0401 0E       		.uleb128 0xe
 865 0402 04       		.byte	0x4
 866 0403 0A       		.byte	0xa
 867 0404 3C       		.byte	0x3c
 868 0405 20040000 		.4byte	0x420
 869 0409 0F       		.uleb128 0xf
 870 040a 6A000000 		.4byte	.LASF60
 871 040e 0A       		.byte	0xa
 872 040f 3D       		.byte	0x3d
 873 0410 41040000 		.4byte	0x441
 874 0414 0F       		.uleb128 0xf
 875 0415 E7020000 		.4byte	.LASF61
 876 0419 0A       		.byte	0xa
 877 041a 3E       		.byte	0x3e
 878 041b 47040000 		.4byte	0x447
 879 041f 00       		.byte	0
 880 0420 10       		.uleb128 0x10
 881 0421 91020000 		.4byte	.LASF91
 882 0425 08       		.byte	0x8
 883 0426 0A       		.byte	0xa
 884 0427 39       		.byte	0x39
 885 0428 41040000 		.4byte	0x441
 886 042c 0F       		.uleb128 0xf
 887 042d 2D010000 		.4byte	.LASF62
 888 0431 0A       		.byte	0xa
 889 0432 3A       		.byte	0x3a
 890 0433 9A020000 		.4byte	0x29a
 891 0437 11       		.uleb128 0x11
 892 0438 6800     		.ascii	"h\000"
 893 043a 0A       		.byte	0xa
 894 043b 41       		.byte	0x41
 895 043c 4D040000 		.4byte	0x44d
 896 0440 00       		.byte	0
 897 0441 09       		.uleb128 0x9
 898 0442 04       		.byte	0x4
 899 0443 20040000 		.4byte	0x420
 900 0447 09       		.uleb128 0x9
 901 0448 04       		.byte	0x4
 902 0449 BF030000 		.4byte	0x3bf
 903 044d 08       		.uleb128 0x8
 904 044e 08       		.byte	0x8
 905 044f 0A       		.byte	0xa
 906 0450 3B       		.byte	0x3b
 907 0451 70040000 		.4byte	0x470
 908 0455 07       		.uleb128 0x7
 909 0456 7500     		.ascii	"u\000"
 910 0458 0A       		.byte	0xa
 911 0459 3F       		.byte	0x3f
 912 045a 01040000 		.4byte	0x401
ARM GAS  C:\Users\3130\AppData\Local\Temp\ccd4G3Jd.s 			page 17


 913 045e 02       		.byte	0x2
 914 045f 23       		.byte	0x23
 915 0460 00       		.uleb128 0
 916 0461 06       		.uleb128 0x6
 917 0462 5A010000 		.4byte	.LASF63
 918 0466 0A       		.byte	0xa
 919 0467 40       		.byte	0x40
 920 0468 30000000 		.4byte	0x30
 921 046c 02       		.byte	0x2
 922 046d 23       		.byte	0x23
 923 046e 04       		.uleb128 0x4
 924 046f 00       		.byte	0
 925 0470 05       		.uleb128 0x5
 926 0471 68030000 		.4byte	.LASF64
 927 0475 04       		.byte	0x4
 928 0476 0B       		.byte	0xb
 929 0477 2C       		.byte	0x2c
 930 0478 8B040000 		.4byte	0x48b
 931 047c 06       		.uleb128 0x6
 932 047d 20020000 		.4byte	.LASF65
 933 0481 0B       		.byte	0xb
 934 0482 2D       		.byte	0x2d
 935 0483 8B040000 		.4byte	0x48b
 936 0487 02       		.byte	0x2
 937 0488 23       		.byte	0x23
 938 0489 00       		.uleb128 0
 939 048a 00       		.byte	0
 940 048b 09       		.uleb128 0x9
 941 048c 04       		.byte	0x4
 942 048d 70040000 		.4byte	0x470
 943 0491 08       		.uleb128 0x8
 944 0492 0C       		.byte	0xc
 945 0493 0B       		.byte	0xb
 946 0494 34       		.byte	0x34
 947 0495 C4040000 		.4byte	0x4c4
 948 0499 06       		.uleb128 0x6
 949 049a EE000000 		.4byte	.LASF66
 950 049e 0B       		.byte	0xb
 951 049f 35       		.byte	0x35
 952 04a0 8B040000 		.4byte	0x48b
 953 04a4 02       		.byte	0x2
 954 04a5 23       		.byte	0x23
 955 04a6 00       		.uleb128 0
 956 04a7 06       		.uleb128 0x6
 957 04a8 D3010000 		.4byte	.LASF67
 958 04ac 0B       		.byte	0xb
 959 04ad 36       		.byte	0x36
 960 04ae 30000000 		.4byte	0x30
 961 04b2 02       		.byte	0x2
 962 04b3 23       		.byte	0x23
 963 04b4 04       		.uleb128 0x4
 964 04b5 06       		.uleb128 0x6
 965 04b6 18010000 		.4byte	.LASF68
 966 04ba 0B       		.byte	0xb
 967 04bb 38       		.byte	0x38
 968 04bc 9E030000 		.4byte	0x39e
 969 04c0 02       		.byte	0x2
ARM GAS  C:\Users\3130\AppData\Local\Temp\ccd4G3Jd.s 			page 18


 970 04c1 23       		.byte	0x23
 971 04c2 08       		.uleb128 0x8
 972 04c3 00       		.byte	0
 973 04c4 03       		.uleb128 0x3
 974 04c5 25000000 		.4byte	.LASF69
 975 04c9 0B       		.byte	0xb
 976 04ca 3A       		.byte	0x3a
 977 04cb 91040000 		.4byte	0x491
 978 04cf 0E       		.uleb128 0xe
 979 04d0 04       		.byte	0x4
 980 04d1 06       		.byte	0x6
 981 04d2 96       		.byte	0x96
 982 04d3 04050000 		.4byte	0x504
 983 04d7 0F       		.uleb128 0xf
 984 04d8 15000000 		.4byte	.LASF70
 985 04dc 06       		.byte	0x6
 986 04dd 9D       		.byte	0x9d
 987 04de E4000000 		.4byte	0xe4
 988 04e2 0F       		.uleb128 0xf
 989 04e3 54000000 		.4byte	.LASF71
 990 04e7 06       		.byte	0x6
 991 04e8 A4       		.byte	0xa4
 992 04e9 E4000000 		.4byte	0xe4
 993 04ed 0F       		.uleb128 0xf
 994 04ee BC030000 		.4byte	.LASF72
 995 04f2 06       		.byte	0x6
 996 04f3 AB       		.byte	0xab
 997 04f4 98020000 		.4byte	0x298
 998 04f8 0F       		.uleb128 0xf
 999 04f9 9D020000 		.4byte	.LASF73
 1000 04fd 06       		.byte	0x6
 1001 04fe B2       		.byte	0xb2
 1002 04ff EF000000 		.4byte	0xef
 1003 0503 00       		.byte	0
 1004 0504 09       		.uleb128 0x9
 1005 0505 04       		.byte	0x4
 1006 0506 0A050000 		.4byte	0x50a
 1007 050a 12       		.uleb128 0x12
 1008 050b 0F050000 		.4byte	0x50f
 1009 050f 04       		.uleb128 0x4
 1010 0510 01       		.byte	0x1
 1011 0511 08       		.byte	0x8
 1012 0512 EC020000 		.4byte	.LASF74
 1013 0516 09       		.uleb128 0x9
 1014 0517 04       		.byte	0x4
 1015 0518 93030000 		.4byte	0x393
 1016 051c 03       		.uleb128 0x3
 1017 051d 00000000 		.4byte	.LASF75
 1018 0521 06       		.byte	0x6
 1019 0522 E5       		.byte	0xe5
 1020 0523 27050000 		.4byte	0x527
 1021 0527 09       		.uleb128 0x9
 1022 0528 04       		.byte	0x4
 1023 0529 2D050000 		.4byte	0x52d
 1024 052d 0C       		.uleb128 0xc
 1025 052e 01       		.byte	0x1
 1026 052f E4000000 		.4byte	0xe4
ARM GAS  C:\Users\3130\AppData\Local\Temp\ccd4G3Jd.s 			page 19


 1027 0533 3D050000 		.4byte	0x53d
 1028 0537 0D       		.uleb128 0xd
 1029 0538 98020000 		.4byte	0x298
 1030 053c 00       		.byte	0
 1031 053d 13       		.uleb128 0x13
 1032 053e 01       		.byte	0x1
 1033 053f 9E010000 		.4byte	.LASF76
 1034 0543 01       		.byte	0x1
 1035 0544 34       		.byte	0x34
 1036 0545 01       		.byte	0x1
 1037 0546 5A020000 		.4byte	0x25a
 1038 054a 00000000 		.4byte	.LFB7
 1039 054e 0C000000 		.4byte	.LFE7
 1040 0552 02       		.byte	0x2
 1041 0553 7D       		.byte	0x7d
 1042 0554 00       		.sleb128 0
 1043 0555 01       		.byte	0x1
 1044 0556 67050000 		.4byte	0x567
 1045 055a 14       		.uleb128 0x14
 1046 055b 747000   		.ascii	"tp\000"
 1047 055e 01       		.byte	0x1
 1048 055f 34       		.byte	0x34
 1049 0560 5A020000 		.4byte	0x25a
 1050 0564 01       		.byte	0x1
 1051 0565 50       		.byte	0x50
 1052 0566 00       		.byte	0
 1053 0567 15       		.uleb128 0x15
 1054 0568 01       		.byte	0x1
 1055 0569 B3020000 		.4byte	.LASF92
 1056 056d 01       		.byte	0x1
 1057 056e 4A       		.byte	0x4a
 1058 056f 01       		.byte	0x1
 1059 0570 00000000 		.4byte	.LFB8
 1060 0574 4E000000 		.4byte	.LFE8
 1061 0578 00000000 		.4byte	.LLST0
 1062 057c 01       		.byte	0x1
 1063 057d C5050000 		.4byte	0x5c5
 1064 0581 16       		.uleb128 0x16
 1065 0582 747000   		.ascii	"tp\000"
 1066 0585 01       		.byte	0x1
 1067 0586 4A       		.byte	0x4a
 1068 0587 5A020000 		.4byte	0x25a
 1069 058b 20000000 		.4byte	.LLST1
 1070 058f 17       		.uleb128 0x17
 1071 0590 30020000 		.4byte	.LASF80
 1072 0594 01       		.byte	0x1
 1073 0595 4B       		.byte	0x4b
 1074 0596 C3000000 		.4byte	0xc3
 1075 059a 7E000000 		.4byte	.LLST2
 1076 059e 18       		.uleb128 0x18
 1077 059f 3A000000 		.4byte	.LVL8
 1078 05a3 68070000 		.4byte	0x768
 1079 05a7 B3050000 		.4byte	0x5b3
 1080 05ab 19       		.uleb128 0x19
 1081 05ac 01       		.byte	0x1
 1082 05ad 51       		.byte	0x51
 1083 05ae 03       		.byte	0x3
ARM GAS  C:\Users\3130\AppData\Local\Temp\ccd4G3Jd.s 			page 20


 1084 05af F3       		.byte	0xf3
 1085 05b0 01       		.uleb128 0x1
 1086 05b1 50       		.byte	0x50
 1087 05b2 00       		.byte	0
 1088 05b3 1A       		.uleb128 0x1a
 1089 05b4 4C000000 		.4byte	.LVL10
 1090 05b8 81070000 		.4byte	0x781
 1091 05bc 19       		.uleb128 0x19
 1092 05bd 01       		.byte	0x1
 1093 05be 50       		.byte	0x50
 1094 05bf 03       		.byte	0x3
 1095 05c0 F3       		.byte	0xf3
 1096 05c1 01       		.uleb128 0x1
 1097 05c2 50       		.byte	0x50
 1098 05c3 00       		.byte	0
 1099 05c4 00       		.byte	0
 1100 05c5 1B       		.uleb128 0x1b
 1101 05c6 01       		.byte	0x1
 1102 05c7 D1000000 		.4byte	.LASF77
 1103 05cb 01       		.byte	0x1
 1104 05cc 82       		.byte	0x82
 1105 05cd 01       		.byte	0x1
 1106 05ce 5A020000 		.4byte	0x25a
 1107 05d2 00000000 		.4byte	.LFB9
 1108 05d6 3C000000 		.4byte	.LFE9
 1109 05da CF000000 		.4byte	.LLST3
 1110 05de 01       		.byte	0x1
 1111 05df A2060000 		.4byte	0x6a2
 1112 05e3 1C       		.uleb128 0x1c
 1113 05e4 64000000 		.4byte	.LASF78
 1114 05e8 01       		.byte	0x1
 1115 05e9 82       		.byte	0x82
 1116 05ea 47040000 		.4byte	0x447
 1117 05ee FB000000 		.4byte	.LLST4
 1118 05f2 1C       		.uleb128 0x1c
 1119 05f3 5A010000 		.4byte	.LASF63
 1120 05f7 01       		.byte	0x1
 1121 05f8 82       		.byte	0x82
 1122 05f9 30000000 		.4byte	0x30
 1123 05fd 1C010000 		.4byte	.LLST5
 1124 0601 1C       		.uleb128 0x1c
 1125 0602 10020000 		.4byte	.LASF79
 1126 0606 01       		.byte	0x1
 1127 0607 83       		.byte	0x83
 1128 0608 D9000000 		.4byte	0xd9
 1129 060c 61010000 		.4byte	.LLST6
 1130 0610 16       		.uleb128 0x16
 1131 0611 706600   		.ascii	"pf\000"
 1132 0614 01       		.byte	0x1
 1133 0615 83       		.byte	0x83
 1134 0616 1C050000 		.4byte	0x51c
 1135 061a 98010000 		.4byte	.LLST7
 1136 061e 14       		.uleb128 0x14
 1137 061f 61726700 		.ascii	"arg\000"
 1138 0623 01       		.byte	0x1
 1139 0624 83       		.byte	0x83
 1140 0625 98020000 		.4byte	0x298
ARM GAS  C:\Users\3130\AppData\Local\Temp\ccd4G3Jd.s 			page 21


 1141 0629 02       		.byte	0x2
 1142 062a 91       		.byte	0x91
 1143 062b 00       		.sleb128 0
 1144 062c 1D       		.uleb128 0x1d
 1145 062d 77737000 		.ascii	"wsp\000"
 1146 0631 01       		.byte	0x1
 1147 0632 84       		.byte	0x84
 1148 0633 98020000 		.4byte	0x298
 1149 0637 CF010000 		.4byte	.LLST8
 1150 063b 1D       		.uleb128 0x1d
 1151 063c 747000   		.ascii	"tp\000"
 1152 063f 01       		.byte	0x1
 1153 0640 85       		.byte	0x85
 1154 0641 5A020000 		.4byte	0x25a
 1155 0645 ED010000 		.4byte	.LLST9
 1156 0649 18       		.uleb128 0x18
 1157 064a 0E000000 		.4byte	.LVL12
 1158 064e 95070000 		.4byte	0x795
 1159 0652 64060000 		.4byte	0x664
 1160 0656 19       		.uleb128 0x19
 1161 0657 01       		.byte	0x1
 1162 0658 51       		.byte	0x51
 1163 0659 02       		.byte	0x2
 1164 065a 74       		.byte	0x74
 1165 065b 00       		.sleb128 0
 1166 065c 19       		.uleb128 0x19
 1167 065d 01       		.byte	0x1
 1168 065e 50       		.byte	0x50
 1169 065f 03       		.byte	0x3
 1170 0660 F3       		.byte	0xf3
 1171 0661 01       		.uleb128 0x1
 1172 0662 50       		.byte	0x50
 1173 0663 00       		.byte	0
 1174 0664 18       		.uleb128 0x18
 1175 0665 22000000 		.4byte	.LVL13
 1176 0669 B2070000 		.4byte	0x7b2
 1177 066d 8C060000 		.4byte	0x68c
 1178 0671 19       		.uleb128 0x19
 1179 0672 01       		.byte	0x1
 1180 0673 53       		.byte	0x53
 1181 0674 02       		.byte	0x2
 1182 0675 75       		.byte	0x75
 1183 0676 00       		.sleb128 0
 1184 0677 19       		.uleb128 0x19
 1185 0678 01       		.byte	0x1
 1186 0679 52       		.byte	0x52
 1187 067a 02       		.byte	0x2
 1188 067b 76       		.byte	0x76
 1189 067c 00       		.sleb128 0
 1190 067d 19       		.uleb128 0x19
 1191 067e 01       		.byte	0x1
 1192 067f 51       		.byte	0x51
 1193 0680 02       		.byte	0x2
 1194 0681 74       		.byte	0x74
 1195 0682 00       		.sleb128 0
 1196 0683 19       		.uleb128 0x19
 1197 0684 02       		.byte	0x2
ARM GAS  C:\Users\3130\AppData\Local\Temp\ccd4G3Jd.s 			page 22


 1198 0685 7D       		.byte	0x7d
 1199 0686 00       		.sleb128 0
 1200 0687 03       		.byte	0x3
 1201 0688 91       		.byte	0x91
 1202 0689 00       		.sleb128 0
 1203 068a 06       		.byte	0x6
 1204 068b 00       		.byte	0
 1205 068c 1A       		.uleb128 0x1a
 1206 068d 30000000 		.4byte	.LVL16
 1207 0691 DF070000 		.4byte	0x7df
 1208 0695 19       		.uleb128 0x19
 1209 0696 01       		.byte	0x1
 1210 0697 51       		.byte	0x51
 1211 0698 01       		.byte	0x1
 1212 0699 30       		.byte	0x30
 1213 069a 19       		.uleb128 0x19
 1214 069b 01       		.byte	0x1
 1215 069c 50       		.byte	0x50
 1216 069d 02       		.byte	0x2
 1217 069e 74       		.byte	0x74
 1218 069f 00       		.sleb128 0
 1219 06a0 00       		.byte	0
 1220 06a1 00       		.byte	0
 1221 06a2 1B       		.uleb128 0x1b
 1222 06a3 01       		.byte	0x1
 1223 06a4 FE000000 		.4byte	.LASF81
 1224 06a8 01       		.byte	0x1
 1225 06a9 B3       		.byte	0xb3
 1226 06aa 01       		.byte	0x1
 1227 06ab 5A020000 		.4byte	0x25a
 1228 06af 00000000 		.4byte	.LFB10
 1229 06b3 3C000000 		.4byte	.LFE10
 1230 06b7 0B020000 		.4byte	.LLST10
 1231 06bb 01       		.byte	0x1
 1232 06bc 62070000 		.4byte	0x762
 1233 06c0 16       		.uleb128 0x16
 1234 06c1 6D7000   		.ascii	"mp\000"
 1235 06c4 01       		.byte	0x1
 1236 06c5 B3       		.byte	0xb3
 1237 06c6 62070000 		.4byte	0x762
 1238 06ca 37020000 		.4byte	.LLST11
 1239 06ce 1C       		.uleb128 0x1c
 1240 06cf 10020000 		.4byte	.LASF79
 1241 06d3 01       		.byte	0x1
 1242 06d4 B3       		.byte	0xb3
 1243 06d5 D9000000 		.4byte	0xd9
 1244 06d9 6E020000 		.4byte	.LLST12
 1245 06dd 16       		.uleb128 0x16
 1246 06de 706600   		.ascii	"pf\000"
 1247 06e1 01       		.byte	0x1
 1248 06e2 B4       		.byte	0xb4
 1249 06e3 1C050000 		.4byte	0x51c
 1250 06e7 B3020000 		.4byte	.LLST13
 1251 06eb 16       		.uleb128 0x16
 1252 06ec 61726700 		.ascii	"arg\000"
 1253 06f0 01       		.byte	0x1
 1254 06f1 B4       		.byte	0xb4
ARM GAS  C:\Users\3130\AppData\Local\Temp\ccd4G3Jd.s 			page 23


 1255 06f2 98020000 		.4byte	0x298
 1256 06f6 EA020000 		.4byte	.LLST14
 1257 06fa 1D       		.uleb128 0x1d
 1258 06fb 77737000 		.ascii	"wsp\000"
 1259 06ff 01       		.byte	0x1
 1260 0700 B5       		.byte	0xb5
 1261 0701 98020000 		.4byte	0x298
 1262 0705 21030000 		.4byte	.LLST15
 1263 0709 1D       		.uleb128 0x1d
 1264 070a 747000   		.ascii	"tp\000"
 1265 070d 01       		.byte	0x1
 1266 070e B6       		.byte	0xb6
 1267 070f 5A020000 		.4byte	0x25a
 1268 0713 3F030000 		.4byte	.LLST16
 1269 0717 18       		.uleb128 0x18
 1270 0718 10000000 		.4byte	.LVL23
 1271 071c F8070000 		.4byte	0x7f8
 1272 0720 2B070000 		.4byte	0x72b
 1273 0724 19       		.uleb128 0x19
 1274 0725 01       		.byte	0x1
 1275 0726 50       		.byte	0x50
 1276 0727 02       		.byte	0x2
 1277 0728 75       		.byte	0x75
 1278 0729 00       		.sleb128 0
 1279 072a 00       		.byte	0
 1280 072b 18       		.uleb128 0x18
 1281 072c 22000000 		.4byte	.LVL24
 1282 0730 B2070000 		.4byte	0x7b2
 1283 0734 4C070000 		.4byte	0x74c
 1284 0738 19       		.uleb128 0x19
 1285 0739 01       		.byte	0x1
 1286 073a 53       		.byte	0x53
 1287 073b 02       		.byte	0x2
 1288 073c 74       		.byte	0x74
 1289 073d 00       		.sleb128 0
 1290 073e 19       		.uleb128 0x19
 1291 073f 01       		.byte	0x1
 1292 0740 52       		.byte	0x52
 1293 0741 02       		.byte	0x2
 1294 0742 76       		.byte	0x76
 1295 0743 00       		.sleb128 0
 1296 0744 19       		.uleb128 0x19
 1297 0745 02       		.byte	0x2
 1298 0746 7D       		.byte	0x7d
 1299 0747 00       		.sleb128 0
 1300 0748 02       		.byte	0x2
 1301 0749 77       		.byte	0x77
 1302 074a 00       		.sleb128 0
 1303 074b 00       		.byte	0
 1304 074c 1A       		.uleb128 0x1a
 1305 074d 30000000 		.4byte	.LVL26
 1306 0751 DF070000 		.4byte	0x7df
 1307 0755 19       		.uleb128 0x19
 1308 0756 01       		.byte	0x1
 1309 0757 51       		.byte	0x51
 1310 0758 01       		.byte	0x1
 1311 0759 30       		.byte	0x30
ARM GAS  C:\Users\3130\AppData\Local\Temp\ccd4G3Jd.s 			page 24


 1312 075a 19       		.uleb128 0x19
 1313 075b 01       		.byte	0x1
 1314 075c 50       		.byte	0x50
 1315 075d 02       		.byte	0x2
 1316 075e 76       		.byte	0x76
 1317 075f 00       		.sleb128 0
 1318 0760 00       		.byte	0
 1319 0761 00       		.byte	0
 1320 0762 09       		.uleb128 0x9
 1321 0763 04       		.byte	0x4
 1322 0764 C4040000 		.4byte	0x4c4
 1323 0768 1E       		.uleb128 0x1e
 1324 0769 01       		.byte	0x1
 1325 076a 8F030000 		.4byte	.LASF82
 1326 076e 0B       		.byte	0xb
 1327 076f 84       		.byte	0x84
 1328 0770 01       		.byte	0x1
 1329 0771 01       		.byte	0x1
 1330 0772 81070000 		.4byte	0x781
 1331 0776 0D       		.uleb128 0xd
 1332 0777 62070000 		.4byte	0x762
 1333 077b 0D       		.uleb128 0xd
 1334 077c 98020000 		.4byte	0x298
 1335 0780 00       		.byte	0
 1336 0781 1E       		.uleb128 0x1e
 1337 0782 01       		.byte	0x1
 1338 0783 A6000000 		.4byte	.LASF83
 1339 0787 0A       		.byte	0xa
 1340 0788 5A       		.byte	0x5a
 1341 0789 01       		.byte	0x1
 1342 078a 01       		.byte	0x1
 1343 078b 95070000 		.4byte	0x795
 1344 078f 0D       		.uleb128 0xd
 1345 0790 98020000 		.4byte	0x298
 1346 0794 00       		.byte	0
 1347 0795 1F       		.uleb128 0x1f
 1348 0796 01       		.byte	0x1
 1349 0797 C7020000 		.4byte	.LASF84
 1350 079b 0A       		.byte	0xa
 1351 079c 59       		.byte	0x59
 1352 079d 01       		.byte	0x1
 1353 079e 98020000 		.4byte	0x298
 1354 07a2 01       		.byte	0x1
 1355 07a3 B2070000 		.4byte	0x7b2
 1356 07a7 0D       		.uleb128 0xd
 1357 07a8 47040000 		.4byte	0x447
 1358 07ac 0D       		.uleb128 0xd
 1359 07ad 30000000 		.4byte	0x30
 1360 07b1 00       		.byte	0
 1361 07b2 20       		.uleb128 0x20
 1362 07b3 01       		.byte	0x1
 1363 07b4 BB000000 		.4byte	.LASF85
 1364 07b8 06       		.byte	0x6
 1365 07b9 6E01     		.2byte	0x16e
 1366 07bb 01       		.byte	0x1
 1367 07bc 5A020000 		.4byte	0x25a
 1368 07c0 01       		.byte	0x1
ARM GAS  C:\Users\3130\AppData\Local\Temp\ccd4G3Jd.s 			page 25


 1369 07c1 DF070000 		.4byte	0x7df
 1370 07c5 0D       		.uleb128 0xd
 1371 07c6 98020000 		.4byte	0x298
 1372 07ca 0D       		.uleb128 0xd
 1373 07cb 30000000 		.4byte	0x30
 1374 07cf 0D       		.uleb128 0xd
 1375 07d0 D9000000 		.4byte	0xd9
 1376 07d4 0D       		.uleb128 0xd
 1377 07d5 1C050000 		.4byte	0x51c
 1378 07d9 0D       		.uleb128 0xd
 1379 07da 98020000 		.4byte	0x298
 1380 07de 00       		.byte	0
 1381 07df 1E       		.uleb128 0x1e
 1382 07e0 01       		.byte	0x1
 1383 07e1 5B030000 		.4byte	.LASF86
 1384 07e5 0C       		.byte	0xc
 1385 07e6 99       		.byte	0x99
 1386 07e7 01       		.byte	0x1
 1387 07e8 01       		.byte	0x1
 1388 07e9 F8070000 		.4byte	0x7f8
 1389 07ed 0D       		.uleb128 0xd
 1390 07ee 5A020000 		.4byte	0x25a
 1391 07f2 0D       		.uleb128 0xd
 1392 07f3 E4000000 		.4byte	0xe4
 1393 07f7 00       		.byte	0
 1394 07f8 21       		.uleb128 0x21
 1395 07f9 01       		.byte	0x1
 1396 07fa 83030000 		.4byte	.LASF87
 1397 07fe 0B       		.byte	0xb
 1398 07ff 82       		.byte	0x82
 1399 0800 01       		.byte	0x1
 1400 0801 98020000 		.4byte	0x298
 1401 0805 01       		.byte	0x1
 1402 0806 0D       		.uleb128 0xd
 1403 0807 62070000 		.4byte	0x762
 1404 080b 00       		.byte	0
 1405 080c 00       		.byte	0
 1406              		.section	.debug_abbrev,"",%progbits
 1407              	.Ldebug_abbrev0:
 1408 0000 01       		.uleb128 0x1
 1409 0001 11       		.uleb128 0x11
 1410 0002 01       		.byte	0x1
 1411 0003 25       		.uleb128 0x25
 1412 0004 0E       		.uleb128 0xe
 1413 0005 13       		.uleb128 0x13
 1414 0006 0B       		.uleb128 0xb
 1415 0007 03       		.uleb128 0x3
 1416 0008 0E       		.uleb128 0xe
 1417 0009 1B       		.uleb128 0x1b
 1418 000a 0E       		.uleb128 0xe
 1419 000b 55       		.uleb128 0x55
 1420 000c 06       		.uleb128 0x6
 1421 000d 11       		.uleb128 0x11
 1422 000e 01       		.uleb128 0x1
 1423 000f 52       		.uleb128 0x52
 1424 0010 01       		.uleb128 0x1
 1425 0011 10       		.uleb128 0x10
ARM GAS  C:\Users\3130\AppData\Local\Temp\ccd4G3Jd.s 			page 26


 1426 0012 06       		.uleb128 0x6
 1427 0013 00       		.byte	0
 1428 0014 00       		.byte	0
 1429 0015 02       		.uleb128 0x2
 1430 0016 24       		.uleb128 0x24
 1431 0017 00       		.byte	0
 1432 0018 0B       		.uleb128 0xb
 1433 0019 0B       		.uleb128 0xb
 1434 001a 3E       		.uleb128 0x3e
 1435 001b 0B       		.uleb128 0xb
 1436 001c 03       		.uleb128 0x3
 1437 001d 08       		.uleb128 0x8
 1438 001e 00       		.byte	0
 1439 001f 00       		.byte	0
 1440 0020 03       		.uleb128 0x3
 1441 0021 16       		.uleb128 0x16
 1442 0022 00       		.byte	0
 1443 0023 03       		.uleb128 0x3
 1444 0024 0E       		.uleb128 0xe
 1445 0025 3A       		.uleb128 0x3a
 1446 0026 0B       		.uleb128 0xb
 1447 0027 3B       		.uleb128 0x3b
 1448 0028 0B       		.uleb128 0xb
 1449 0029 49       		.uleb128 0x49
 1450 002a 13       		.uleb128 0x13
 1451 002b 00       		.byte	0
 1452 002c 00       		.byte	0
 1453 002d 04       		.uleb128 0x4
 1454 002e 24       		.uleb128 0x24
 1455 002f 00       		.byte	0
 1456 0030 0B       		.uleb128 0xb
 1457 0031 0B       		.uleb128 0xb
 1458 0032 3E       		.uleb128 0x3e
 1459 0033 0B       		.uleb128 0xb
 1460 0034 03       		.uleb128 0x3
 1461 0035 0E       		.uleb128 0xe
 1462 0036 00       		.byte	0
 1463 0037 00       		.byte	0
 1464 0038 05       		.uleb128 0x5
 1465 0039 13       		.uleb128 0x13
 1466 003a 01       		.byte	0x1
 1467 003b 03       		.uleb128 0x3
 1468 003c 0E       		.uleb128 0xe
 1469 003d 0B       		.uleb128 0xb
 1470 003e 0B       		.uleb128 0xb
 1471 003f 3A       		.uleb128 0x3a
 1472 0040 0B       		.uleb128 0xb
 1473 0041 3B       		.uleb128 0x3b
 1474 0042 0B       		.uleb128 0xb
 1475 0043 01       		.uleb128 0x1
 1476 0044 13       		.uleb128 0x13
 1477 0045 00       		.byte	0
 1478 0046 00       		.byte	0
 1479 0047 06       		.uleb128 0x6
 1480 0048 0D       		.uleb128 0xd
 1481 0049 00       		.byte	0
 1482 004a 03       		.uleb128 0x3
ARM GAS  C:\Users\3130\AppData\Local\Temp\ccd4G3Jd.s 			page 27


 1483 004b 0E       		.uleb128 0xe
 1484 004c 3A       		.uleb128 0x3a
 1485 004d 0B       		.uleb128 0xb
 1486 004e 3B       		.uleb128 0x3b
 1487 004f 0B       		.uleb128 0xb
 1488 0050 49       		.uleb128 0x49
 1489 0051 13       		.uleb128 0x13
 1490 0052 38       		.uleb128 0x38
 1491 0053 0A       		.uleb128 0xa
 1492 0054 00       		.byte	0
 1493 0055 00       		.byte	0
 1494 0056 07       		.uleb128 0x7
 1495 0057 0D       		.uleb128 0xd
 1496 0058 00       		.byte	0
 1497 0059 03       		.uleb128 0x3
 1498 005a 08       		.uleb128 0x8
 1499 005b 3A       		.uleb128 0x3a
 1500 005c 0B       		.uleb128 0xb
 1501 005d 3B       		.uleb128 0x3b
 1502 005e 0B       		.uleb128 0xb
 1503 005f 49       		.uleb128 0x49
 1504 0060 13       		.uleb128 0x13
 1505 0061 38       		.uleb128 0x38
 1506 0062 0A       		.uleb128 0xa
 1507 0063 00       		.byte	0
 1508 0064 00       		.byte	0
 1509 0065 08       		.uleb128 0x8
 1510 0066 13       		.uleb128 0x13
 1511 0067 01       		.byte	0x1
 1512 0068 0B       		.uleb128 0xb
 1513 0069 0B       		.uleb128 0xb
 1514 006a 3A       		.uleb128 0x3a
 1515 006b 0B       		.uleb128 0xb
 1516 006c 3B       		.uleb128 0x3b
 1517 006d 0B       		.uleb128 0xb
 1518 006e 01       		.uleb128 0x1
 1519 006f 13       		.uleb128 0x13
 1520 0070 00       		.byte	0
 1521 0071 00       		.byte	0
 1522 0072 09       		.uleb128 0x9
 1523 0073 0F       		.uleb128 0xf
 1524 0074 00       		.byte	0
 1525 0075 0B       		.uleb128 0xb
 1526 0076 0B       		.uleb128 0xb
 1527 0077 49       		.uleb128 0x49
 1528 0078 13       		.uleb128 0x13
 1529 0079 00       		.byte	0
 1530 007a 00       		.byte	0
 1531 007b 0A       		.uleb128 0xa
 1532 007c 0F       		.uleb128 0xf
 1533 007d 00       		.byte	0
 1534 007e 0B       		.uleb128 0xb
 1535 007f 0B       		.uleb128 0xb
 1536 0080 00       		.byte	0
 1537 0081 00       		.byte	0
 1538 0082 0B       		.uleb128 0xb
 1539 0083 35       		.uleb128 0x35
ARM GAS  C:\Users\3130\AppData\Local\Temp\ccd4G3Jd.s 			page 28


 1540 0084 00       		.byte	0
 1541 0085 49       		.uleb128 0x49
 1542 0086 13       		.uleb128 0x13
 1543 0087 00       		.byte	0
 1544 0088 00       		.byte	0
 1545 0089 0C       		.uleb128 0xc
 1546 008a 15       		.uleb128 0x15
 1547 008b 01       		.byte	0x1
 1548 008c 27       		.uleb128 0x27
 1549 008d 0C       		.uleb128 0xc
 1550 008e 49       		.uleb128 0x49
 1551 008f 13       		.uleb128 0x13
 1552 0090 01       		.uleb128 0x1
 1553 0091 13       		.uleb128 0x13
 1554 0092 00       		.byte	0
 1555 0093 00       		.byte	0
 1556 0094 0D       		.uleb128 0xd
 1557 0095 05       		.uleb128 0x5
 1558 0096 00       		.byte	0
 1559 0097 49       		.uleb128 0x49
 1560 0098 13       		.uleb128 0x13
 1561 0099 00       		.byte	0
 1562 009a 00       		.byte	0
 1563 009b 0E       		.uleb128 0xe
 1564 009c 17       		.uleb128 0x17
 1565 009d 01       		.byte	0x1
 1566 009e 0B       		.uleb128 0xb
 1567 009f 0B       		.uleb128 0xb
 1568 00a0 3A       		.uleb128 0x3a
 1569 00a1 0B       		.uleb128 0xb
 1570 00a2 3B       		.uleb128 0x3b
 1571 00a3 0B       		.uleb128 0xb
 1572 00a4 01       		.uleb128 0x1
 1573 00a5 13       		.uleb128 0x13
 1574 00a6 00       		.byte	0
 1575 00a7 00       		.byte	0
 1576 00a8 0F       		.uleb128 0xf
 1577 00a9 0D       		.uleb128 0xd
 1578 00aa 00       		.byte	0
 1579 00ab 03       		.uleb128 0x3
 1580 00ac 0E       		.uleb128 0xe
 1581 00ad 3A       		.uleb128 0x3a
 1582 00ae 0B       		.uleb128 0xb
 1583 00af 3B       		.uleb128 0x3b
 1584 00b0 0B       		.uleb128 0xb
 1585 00b1 49       		.uleb128 0x49
 1586 00b2 13       		.uleb128 0x13
 1587 00b3 00       		.byte	0
 1588 00b4 00       		.byte	0
 1589 00b5 10       		.uleb128 0x10
 1590 00b6 17       		.uleb128 0x17
 1591 00b7 01       		.byte	0x1
 1592 00b8 03       		.uleb128 0x3
 1593 00b9 0E       		.uleb128 0xe
 1594 00ba 0B       		.uleb128 0xb
 1595 00bb 0B       		.uleb128 0xb
 1596 00bc 3A       		.uleb128 0x3a
ARM GAS  C:\Users\3130\AppData\Local\Temp\ccd4G3Jd.s 			page 29


 1597 00bd 0B       		.uleb128 0xb
 1598 00be 3B       		.uleb128 0x3b
 1599 00bf 0B       		.uleb128 0xb
 1600 00c0 01       		.uleb128 0x1
 1601 00c1 13       		.uleb128 0x13
 1602 00c2 00       		.byte	0
 1603 00c3 00       		.byte	0
 1604 00c4 11       		.uleb128 0x11
 1605 00c5 0D       		.uleb128 0xd
 1606 00c6 00       		.byte	0
 1607 00c7 03       		.uleb128 0x3
 1608 00c8 08       		.uleb128 0x8
 1609 00c9 3A       		.uleb128 0x3a
 1610 00ca 0B       		.uleb128 0xb
 1611 00cb 3B       		.uleb128 0x3b
 1612 00cc 0B       		.uleb128 0xb
 1613 00cd 49       		.uleb128 0x49
 1614 00ce 13       		.uleb128 0x13
 1615 00cf 00       		.byte	0
 1616 00d0 00       		.byte	0
 1617 00d1 12       		.uleb128 0x12
 1618 00d2 26       		.uleb128 0x26
 1619 00d3 00       		.byte	0
 1620 00d4 49       		.uleb128 0x49
 1621 00d5 13       		.uleb128 0x13
 1622 00d6 00       		.byte	0
 1623 00d7 00       		.byte	0
 1624 00d8 13       		.uleb128 0x13
 1625 00d9 2E       		.uleb128 0x2e
 1626 00da 01       		.byte	0x1
 1627 00db 3F       		.uleb128 0x3f
 1628 00dc 0C       		.uleb128 0xc
 1629 00dd 03       		.uleb128 0x3
 1630 00de 0E       		.uleb128 0xe
 1631 00df 3A       		.uleb128 0x3a
 1632 00e0 0B       		.uleb128 0xb
 1633 00e1 3B       		.uleb128 0x3b
 1634 00e2 0B       		.uleb128 0xb
 1635 00e3 27       		.uleb128 0x27
 1636 00e4 0C       		.uleb128 0xc
 1637 00e5 49       		.uleb128 0x49
 1638 00e6 13       		.uleb128 0x13
 1639 00e7 11       		.uleb128 0x11
 1640 00e8 01       		.uleb128 0x1
 1641 00e9 12       		.uleb128 0x12
 1642 00ea 01       		.uleb128 0x1
 1643 00eb 40       		.uleb128 0x40
 1644 00ec 0A       		.uleb128 0xa
 1645 00ed 9742     		.uleb128 0x2117
 1646 00ef 0C       		.uleb128 0xc
 1647 00f0 01       		.uleb128 0x1
 1648 00f1 13       		.uleb128 0x13
 1649 00f2 00       		.byte	0
 1650 00f3 00       		.byte	0
 1651 00f4 14       		.uleb128 0x14
 1652 00f5 05       		.uleb128 0x5
 1653 00f6 00       		.byte	0
ARM GAS  C:\Users\3130\AppData\Local\Temp\ccd4G3Jd.s 			page 30


 1654 00f7 03       		.uleb128 0x3
 1655 00f8 08       		.uleb128 0x8
 1656 00f9 3A       		.uleb128 0x3a
 1657 00fa 0B       		.uleb128 0xb
 1658 00fb 3B       		.uleb128 0x3b
 1659 00fc 0B       		.uleb128 0xb
 1660 00fd 49       		.uleb128 0x49
 1661 00fe 13       		.uleb128 0x13
 1662 00ff 02       		.uleb128 0x2
 1663 0100 0A       		.uleb128 0xa
 1664 0101 00       		.byte	0
 1665 0102 00       		.byte	0
 1666 0103 15       		.uleb128 0x15
 1667 0104 2E       		.uleb128 0x2e
 1668 0105 01       		.byte	0x1
 1669 0106 3F       		.uleb128 0x3f
 1670 0107 0C       		.uleb128 0xc
 1671 0108 03       		.uleb128 0x3
 1672 0109 0E       		.uleb128 0xe
 1673 010a 3A       		.uleb128 0x3a
 1674 010b 0B       		.uleb128 0xb
 1675 010c 3B       		.uleb128 0x3b
 1676 010d 0B       		.uleb128 0xb
 1677 010e 27       		.uleb128 0x27
 1678 010f 0C       		.uleb128 0xc
 1679 0110 11       		.uleb128 0x11
 1680 0111 01       		.uleb128 0x1
 1681 0112 12       		.uleb128 0x12
 1682 0113 01       		.uleb128 0x1
 1683 0114 40       		.uleb128 0x40
 1684 0115 06       		.uleb128 0x6
 1685 0116 9742     		.uleb128 0x2117
 1686 0118 0C       		.uleb128 0xc
 1687 0119 01       		.uleb128 0x1
 1688 011a 13       		.uleb128 0x13
 1689 011b 00       		.byte	0
 1690 011c 00       		.byte	0
 1691 011d 16       		.uleb128 0x16
 1692 011e 05       		.uleb128 0x5
 1693 011f 00       		.byte	0
 1694 0120 03       		.uleb128 0x3
 1695 0121 08       		.uleb128 0x8
 1696 0122 3A       		.uleb128 0x3a
 1697 0123 0B       		.uleb128 0xb
 1698 0124 3B       		.uleb128 0x3b
 1699 0125 0B       		.uleb128 0xb
 1700 0126 49       		.uleb128 0x49
 1701 0127 13       		.uleb128 0x13
 1702 0128 02       		.uleb128 0x2
 1703 0129 06       		.uleb128 0x6
 1704 012a 00       		.byte	0
 1705 012b 00       		.byte	0
 1706 012c 17       		.uleb128 0x17
 1707 012d 34       		.uleb128 0x34
 1708 012e 00       		.byte	0
 1709 012f 03       		.uleb128 0x3
 1710 0130 0E       		.uleb128 0xe
ARM GAS  C:\Users\3130\AppData\Local\Temp\ccd4G3Jd.s 			page 31


 1711 0131 3A       		.uleb128 0x3a
 1712 0132 0B       		.uleb128 0xb
 1713 0133 3B       		.uleb128 0x3b
 1714 0134 0B       		.uleb128 0xb
 1715 0135 49       		.uleb128 0x49
 1716 0136 13       		.uleb128 0x13
 1717 0137 02       		.uleb128 0x2
 1718 0138 06       		.uleb128 0x6
 1719 0139 00       		.byte	0
 1720 013a 00       		.byte	0
 1721 013b 18       		.uleb128 0x18
 1722 013c 898201   		.uleb128 0x4109
 1723 013f 01       		.byte	0x1
 1724 0140 11       		.uleb128 0x11
 1725 0141 01       		.uleb128 0x1
 1726 0142 31       		.uleb128 0x31
 1727 0143 13       		.uleb128 0x13
 1728 0144 01       		.uleb128 0x1
 1729 0145 13       		.uleb128 0x13
 1730 0146 00       		.byte	0
 1731 0147 00       		.byte	0
 1732 0148 19       		.uleb128 0x19
 1733 0149 8A8201   		.uleb128 0x410a
 1734 014c 00       		.byte	0
 1735 014d 02       		.uleb128 0x2
 1736 014e 0A       		.uleb128 0xa
 1737 014f 9142     		.uleb128 0x2111
 1738 0151 0A       		.uleb128 0xa
 1739 0152 00       		.byte	0
 1740 0153 00       		.byte	0
 1741 0154 1A       		.uleb128 0x1a
 1742 0155 898201   		.uleb128 0x4109
 1743 0158 01       		.byte	0x1
 1744 0159 11       		.uleb128 0x11
 1745 015a 01       		.uleb128 0x1
 1746 015b 31       		.uleb128 0x31
 1747 015c 13       		.uleb128 0x13
 1748 015d 00       		.byte	0
 1749 015e 00       		.byte	0
 1750 015f 1B       		.uleb128 0x1b
 1751 0160 2E       		.uleb128 0x2e
 1752 0161 01       		.byte	0x1
 1753 0162 3F       		.uleb128 0x3f
 1754 0163 0C       		.uleb128 0xc
 1755 0164 03       		.uleb128 0x3
 1756 0165 0E       		.uleb128 0xe
 1757 0166 3A       		.uleb128 0x3a
 1758 0167 0B       		.uleb128 0xb
 1759 0168 3B       		.uleb128 0x3b
 1760 0169 0B       		.uleb128 0xb
 1761 016a 27       		.uleb128 0x27
 1762 016b 0C       		.uleb128 0xc
 1763 016c 49       		.uleb128 0x49
 1764 016d 13       		.uleb128 0x13
 1765 016e 11       		.uleb128 0x11
 1766 016f 01       		.uleb128 0x1
 1767 0170 12       		.uleb128 0x12
ARM GAS  C:\Users\3130\AppData\Local\Temp\ccd4G3Jd.s 			page 32


 1768 0171 01       		.uleb128 0x1
 1769 0172 40       		.uleb128 0x40
 1770 0173 06       		.uleb128 0x6
 1771 0174 9742     		.uleb128 0x2117
 1772 0176 0C       		.uleb128 0xc
 1773 0177 01       		.uleb128 0x1
 1774 0178 13       		.uleb128 0x13
 1775 0179 00       		.byte	0
 1776 017a 00       		.byte	0
 1777 017b 1C       		.uleb128 0x1c
 1778 017c 05       		.uleb128 0x5
 1779 017d 00       		.byte	0
 1780 017e 03       		.uleb128 0x3
 1781 017f 0E       		.uleb128 0xe
 1782 0180 3A       		.uleb128 0x3a
 1783 0181 0B       		.uleb128 0xb
 1784 0182 3B       		.uleb128 0x3b
 1785 0183 0B       		.uleb128 0xb
 1786 0184 49       		.uleb128 0x49
 1787 0185 13       		.uleb128 0x13
 1788 0186 02       		.uleb128 0x2
 1789 0187 06       		.uleb128 0x6
 1790 0188 00       		.byte	0
 1791 0189 00       		.byte	0
 1792 018a 1D       		.uleb128 0x1d
 1793 018b 34       		.uleb128 0x34
 1794 018c 00       		.byte	0
 1795 018d 03       		.uleb128 0x3
 1796 018e 08       		.uleb128 0x8
 1797 018f 3A       		.uleb128 0x3a
 1798 0190 0B       		.uleb128 0xb
 1799 0191 3B       		.uleb128 0x3b
 1800 0192 0B       		.uleb128 0xb
 1801 0193 49       		.uleb128 0x49
 1802 0194 13       		.uleb128 0x13
 1803 0195 02       		.uleb128 0x2
 1804 0196 06       		.uleb128 0x6
 1805 0197 00       		.byte	0
 1806 0198 00       		.byte	0
 1807 0199 1E       		.uleb128 0x1e
 1808 019a 2E       		.uleb128 0x2e
 1809 019b 01       		.byte	0x1
 1810 019c 3F       		.uleb128 0x3f
 1811 019d 0C       		.uleb128 0xc
 1812 019e 03       		.uleb128 0x3
 1813 019f 0E       		.uleb128 0xe
 1814 01a0 3A       		.uleb128 0x3a
 1815 01a1 0B       		.uleb128 0xb
 1816 01a2 3B       		.uleb128 0x3b
 1817 01a3 0B       		.uleb128 0xb
 1818 01a4 27       		.uleb128 0x27
 1819 01a5 0C       		.uleb128 0xc
 1820 01a6 3C       		.uleb128 0x3c
 1821 01a7 0C       		.uleb128 0xc
 1822 01a8 01       		.uleb128 0x1
 1823 01a9 13       		.uleb128 0x13
 1824 01aa 00       		.byte	0
ARM GAS  C:\Users\3130\AppData\Local\Temp\ccd4G3Jd.s 			page 33


 1825 01ab 00       		.byte	0
 1826 01ac 1F       		.uleb128 0x1f
 1827 01ad 2E       		.uleb128 0x2e
 1828 01ae 01       		.byte	0x1
 1829 01af 3F       		.uleb128 0x3f
 1830 01b0 0C       		.uleb128 0xc
 1831 01b1 03       		.uleb128 0x3
 1832 01b2 0E       		.uleb128 0xe
 1833 01b3 3A       		.uleb128 0x3a
 1834 01b4 0B       		.uleb128 0xb
 1835 01b5 3B       		.uleb128 0x3b
 1836 01b6 0B       		.uleb128 0xb
 1837 01b7 27       		.uleb128 0x27
 1838 01b8 0C       		.uleb128 0xc
 1839 01b9 49       		.uleb128 0x49
 1840 01ba 13       		.uleb128 0x13
 1841 01bb 3C       		.uleb128 0x3c
 1842 01bc 0C       		.uleb128 0xc
 1843 01bd 01       		.uleb128 0x1
 1844 01be 13       		.uleb128 0x13
 1845 01bf 00       		.byte	0
 1846 01c0 00       		.byte	0
 1847 01c1 20       		.uleb128 0x20
 1848 01c2 2E       		.uleb128 0x2e
 1849 01c3 01       		.byte	0x1
 1850 01c4 3F       		.uleb128 0x3f
 1851 01c5 0C       		.uleb128 0xc
 1852 01c6 03       		.uleb128 0x3
 1853 01c7 0E       		.uleb128 0xe
 1854 01c8 3A       		.uleb128 0x3a
 1855 01c9 0B       		.uleb128 0xb
 1856 01ca 3B       		.uleb128 0x3b
 1857 01cb 05       		.uleb128 0x5
 1858 01cc 27       		.uleb128 0x27
 1859 01cd 0C       		.uleb128 0xc
 1860 01ce 49       		.uleb128 0x49
 1861 01cf 13       		.uleb128 0x13
 1862 01d0 3C       		.uleb128 0x3c
 1863 01d1 0C       		.uleb128 0xc
 1864 01d2 01       		.uleb128 0x1
 1865 01d3 13       		.uleb128 0x13
 1866 01d4 00       		.byte	0
 1867 01d5 00       		.byte	0
 1868 01d6 21       		.uleb128 0x21
 1869 01d7 2E       		.uleb128 0x2e
 1870 01d8 01       		.byte	0x1
 1871 01d9 3F       		.uleb128 0x3f
 1872 01da 0C       		.uleb128 0xc
 1873 01db 03       		.uleb128 0x3
 1874 01dc 0E       		.uleb128 0xe
 1875 01dd 3A       		.uleb128 0x3a
 1876 01de 0B       		.uleb128 0xb
 1877 01df 3B       		.uleb128 0x3b
 1878 01e0 0B       		.uleb128 0xb
 1879 01e1 27       		.uleb128 0x27
 1880 01e2 0C       		.uleb128 0xc
 1881 01e3 49       		.uleb128 0x49
ARM GAS  C:\Users\3130\AppData\Local\Temp\ccd4G3Jd.s 			page 34


 1882 01e4 13       		.uleb128 0x13
 1883 01e5 3C       		.uleb128 0x3c
 1884 01e6 0C       		.uleb128 0xc
 1885 01e7 00       		.byte	0
 1886 01e8 00       		.byte	0
 1887 01e9 00       		.byte	0
 1888              		.section	.debug_loc,"",%progbits
 1889              	.Ldebug_loc0:
 1890              	.LLST0:
 1891 0000 00000000 		.4byte	.LFB8
 1892 0004 02000000 		.4byte	.LCFI0
 1893 0008 0200     		.2byte	0x2
 1894 000a 7D       		.byte	0x7d
 1895 000b 00       		.sleb128 0
 1896 000c 02000000 		.4byte	.LCFI0
 1897 0010 4E000000 		.4byte	.LFE8
 1898 0014 0200     		.2byte	0x2
 1899 0016 7D       		.byte	0x7d
 1900 0017 08       		.sleb128 8
 1901 0018 00000000 		.4byte	0
 1902 001c 00000000 		.4byte	0
 1903              	.LLST1:
 1904 0020 00000000 		.4byte	.LVL1
 1905 0024 0C000000 		.4byte	.LVL2
 1906 0028 0100     		.2byte	0x1
 1907 002a 50       		.byte	0x50
 1908 002b 0C000000 		.4byte	.LVL2
 1909 002f 1A000000 		.4byte	.LVL4
 1910 0033 0100     		.2byte	0x1
 1911 0035 51       		.byte	0x51
 1912 0036 1A000000 		.4byte	.LVL4
 1913 003a 1C000000 		.4byte	.LVL5
 1914 003e 0400     		.2byte	0x4
 1915 0040 F3       		.byte	0xf3
 1916 0041 01       		.uleb128 0x1
 1917 0042 50       		.byte	0x50
 1918 0043 9F       		.byte	0x9f
 1919 0044 1C000000 		.4byte	.LVL5
 1920 0048 39000000 		.4byte	.LVL8-1
 1921 004c 0100     		.2byte	0x1
 1922 004e 51       		.byte	0x51
 1923 004f 39000000 		.4byte	.LVL8-1
 1924 0053 3C000000 		.4byte	.LVL9
 1925 0057 0400     		.2byte	0x4
 1926 0059 F3       		.byte	0xf3
 1927 005a 01       		.uleb128 0x1
 1928 005b 50       		.byte	0x50
 1929 005c 9F       		.byte	0x9f
 1930 005d 3C000000 		.4byte	.LVL9
 1931 0061 4B000000 		.4byte	.LVL10-1
 1932 0065 0100     		.2byte	0x1
 1933 0067 51       		.byte	0x51
 1934 0068 4B000000 		.4byte	.LVL10-1
 1935 006c 4E000000 		.4byte	.LFE8
 1936 0070 0400     		.2byte	0x4
 1937 0072 F3       		.byte	0xf3
 1938 0073 01       		.uleb128 0x1
ARM GAS  C:\Users\3130\AppData\Local\Temp\ccd4G3Jd.s 			page 35


 1939 0074 50       		.byte	0x50
 1940 0075 9F       		.byte	0x9f
 1941 0076 00000000 		.4byte	0
 1942 007a 00000000 		.4byte	0
 1943              	.LLST2:
 1944 007e 0E000000 		.4byte	.LVL3
 1945 0082 1A000000 		.4byte	.LVL4
 1946 0086 0100     		.2byte	0x1
 1947 0088 53       		.byte	0x53
 1948 0089 1C000000 		.4byte	.LVL5
 1949 008d 1E000000 		.4byte	.LVL6
 1950 0091 0100     		.2byte	0x1
 1951 0093 53       		.byte	0x53
 1952 0094 1E000000 		.4byte	.LVL6
 1953 0098 20000000 		.4byte	.LVL7
 1954 009c 0100     		.2byte	0x1
 1955 009e 50       		.byte	0x50
 1956 009f 20000000 		.4byte	.LVL7
 1957 00a3 39000000 		.4byte	.LVL8-1
 1958 00a7 0A00     		.2byte	0xa
 1959 00a9 71       		.byte	0x71
 1960 00aa 1E       		.sleb128 30
 1961 00ab 94       		.byte	0x94
 1962 00ac 01       		.byte	0x1
 1963 00ad 08       		.byte	0x8
 1964 00ae FF       		.byte	0xff
 1965 00af 1A       		.byte	0x1a
 1966 00b0 31       		.byte	0x31
 1967 00b1 1C       		.byte	0x1c
 1968 00b2 9F       		.byte	0x9f
 1969 00b3 3C000000 		.4byte	.LVL9
 1970 00b7 4B000000 		.4byte	.LVL10-1
 1971 00bb 0A00     		.2byte	0xa
 1972 00bd 71       		.byte	0x71
 1973 00be 1E       		.sleb128 30
 1974 00bf 94       		.byte	0x94
 1975 00c0 01       		.byte	0x1
 1976 00c1 08       		.byte	0x8
 1977 00c2 FF       		.byte	0xff
 1978 00c3 1A       		.byte	0x1a
 1979 00c4 31       		.byte	0x31
 1980 00c5 1C       		.byte	0x1c
 1981 00c6 9F       		.byte	0x9f
 1982 00c7 00000000 		.4byte	0
 1983 00cb 00000000 		.4byte	0
 1984              	.LLST3:
 1985 00cf 00000000 		.4byte	.LFB9
 1986 00d3 02000000 		.4byte	.LCFI1
 1987 00d7 0200     		.2byte	0x2
 1988 00d9 7D       		.byte	0x7d
 1989 00da 00       		.sleb128 0
 1990 00db 02000000 		.4byte	.LCFI1
 1991 00df 04000000 		.4byte	.LCFI2
 1992 00e3 0200     		.2byte	0x2
 1993 00e5 7D       		.byte	0x7d
 1994 00e6 10       		.sleb128 16
 1995 00e7 04000000 		.4byte	.LCFI2
ARM GAS  C:\Users\3130\AppData\Local\Temp\ccd4G3Jd.s 			page 36


 1996 00eb 3C000000 		.4byte	.LFE9
 1997 00ef 0200     		.2byte	0x2
 1998 00f1 7D       		.byte	0x7d
 1999 00f2 18       		.sleb128 24
 2000 00f3 00000000 		.4byte	0
 2001 00f7 00000000 		.4byte	0
 2002              	.LLST4:
 2003 00fb 00000000 		.4byte	.LVL11
 2004 00ff 0D000000 		.4byte	.LVL12-1
 2005 0103 0100     		.2byte	0x1
 2006 0105 50       		.byte	0x50
 2007 0106 0D000000 		.4byte	.LVL12-1
 2008 010a 3C000000 		.4byte	.LFE9
 2009 010e 0400     		.2byte	0x4
 2010 0110 F3       		.byte	0xf3
 2011 0111 01       		.uleb128 0x1
 2012 0112 50       		.byte	0x50
 2013 0113 9F       		.byte	0x9f
 2014 0114 00000000 		.4byte	0
 2015 0118 00000000 		.4byte	0
 2016              	.LLST5:
 2017 011c 00000000 		.4byte	.LVL11
 2018 0120 0D000000 		.4byte	.LVL12-1
 2019 0124 0100     		.2byte	0x1
 2020 0126 51       		.byte	0x51
 2021 0127 0D000000 		.4byte	.LVL12-1
 2022 012b 24000000 		.4byte	.LVL14
 2023 012f 0100     		.2byte	0x1
 2024 0131 54       		.byte	0x54
 2025 0132 24000000 		.4byte	.LVL14
 2026 0136 38000000 		.4byte	.LVL20
 2027 013a 0400     		.2byte	0x4
 2028 013c F3       		.byte	0xf3
 2029 013d 01       		.uleb128 0x1
 2030 013e 51       		.byte	0x51
 2031 013f 9F       		.byte	0x9f
 2032 0140 38000000 		.4byte	.LVL20
 2033 0144 3A000000 		.4byte	.LVL21
 2034 0148 0100     		.2byte	0x1
 2035 014a 54       		.byte	0x54
 2036 014b 3A000000 		.4byte	.LVL21
 2037 014f 3C000000 		.4byte	.LFE9
 2038 0153 0400     		.2byte	0x4
 2039 0155 F3       		.byte	0xf3
 2040 0156 01       		.uleb128 0x1
 2041 0157 51       		.byte	0x51
 2042 0158 9F       		.byte	0x9f
 2043 0159 00000000 		.4byte	0
 2044 015d 00000000 		.4byte	0
 2045              	.LLST6:
 2046 0161 00000000 		.4byte	.LVL11
 2047 0165 0D000000 		.4byte	.LVL12-1
 2048 0169 0100     		.2byte	0x1
 2049 016b 52       		.byte	0x52
 2050 016c 0D000000 		.4byte	.LVL12-1
 2051 0170 36000000 		.4byte	.LVL19
 2052 0174 0100     		.2byte	0x1
ARM GAS  C:\Users\3130\AppData\Local\Temp\ccd4G3Jd.s 			page 37


 2053 0176 56       		.byte	0x56
 2054 0177 36000000 		.4byte	.LVL19
 2055 017b 38000000 		.4byte	.LVL20
 2056 017f 0400     		.2byte	0x4
 2057 0181 F3       		.byte	0xf3
 2058 0182 01       		.uleb128 0x1
 2059 0183 52       		.byte	0x52
 2060 0184 9F       		.byte	0x9f
 2061 0185 38000000 		.4byte	.LVL20
 2062 0189 3C000000 		.4byte	.LFE9
 2063 018d 0100     		.2byte	0x1
 2064 018f 56       		.byte	0x56
 2065 0190 00000000 		.4byte	0
 2066 0194 00000000 		.4byte	0
 2067              	.LLST7:
 2068 0198 00000000 		.4byte	.LVL11
 2069 019c 0D000000 		.4byte	.LVL12-1
 2070 01a0 0100     		.2byte	0x1
 2071 01a2 53       		.byte	0x53
 2072 01a3 0D000000 		.4byte	.LVL12-1
 2073 01a7 36000000 		.4byte	.LVL18
 2074 01ab 0100     		.2byte	0x1
 2075 01ad 55       		.byte	0x55
 2076 01ae 36000000 		.4byte	.LVL18
 2077 01b2 38000000 		.4byte	.LVL20
 2078 01b6 0400     		.2byte	0x4
 2079 01b8 F3       		.byte	0xf3
 2080 01b9 01       		.uleb128 0x1
 2081 01ba 53       		.byte	0x53
 2082 01bb 9F       		.byte	0x9f
 2083 01bc 38000000 		.4byte	.LVL20
 2084 01c0 3C000000 		.4byte	.LFE9
 2085 01c4 0100     		.2byte	0x1
 2086 01c6 55       		.byte	0x55
 2087 01c7 00000000 		.4byte	0
 2088 01cb 00000000 		.4byte	0
 2089              	.LLST8:
 2090 01cf 0E000000 		.4byte	.LVL12
 2091 01d3 21000000 		.4byte	.LVL13-1
 2092 01d7 0100     		.2byte	0x1
 2093 01d9 50       		.byte	0x50
 2094 01da 38000000 		.4byte	.LVL20
 2095 01de 3C000000 		.4byte	.LFE9
 2096 01e2 0100     		.2byte	0x1
 2097 01e4 50       		.byte	0x50
 2098 01e5 00000000 		.4byte	0
 2099 01e9 00000000 		.4byte	0
 2100              	.LLST9:
 2101 01ed 24000000 		.4byte	.LVL14
 2102 01f1 26000000 		.4byte	.LVL15
 2103 01f5 0100     		.2byte	0x1
 2104 01f7 50       		.byte	0x50
 2105 01f8 26000000 		.4byte	.LVL15
 2106 01fc 32000000 		.4byte	.LVL17
 2107 0200 0100     		.2byte	0x1
 2108 0202 54       		.byte	0x54
 2109 0203 00000000 		.4byte	0
ARM GAS  C:\Users\3130\AppData\Local\Temp\ccd4G3Jd.s 			page 38


 2110 0207 00000000 		.4byte	0
 2111              	.LLST10:
 2112 020b 00000000 		.4byte	.LFB10
 2113 020f 02000000 		.4byte	.LCFI3
 2114 0213 0200     		.2byte	0x2
 2115 0215 7D       		.byte	0x7d
 2116 0216 00       		.sleb128 0
 2117 0217 02000000 		.4byte	.LCFI3
 2118 021b 04000000 		.4byte	.LCFI4
 2119 021f 0200     		.2byte	0x2
 2120 0221 7D       		.byte	0x7d
 2121 0222 14       		.sleb128 20
 2122 0223 04000000 		.4byte	.LCFI4
 2123 0227 3C000000 		.4byte	.LFE10
 2124 022b 0200     		.2byte	0x2
 2125 022d 7D       		.byte	0x7d
 2126 022e 20       		.sleb128 32
 2127 022f 00000000 		.4byte	0
 2128 0233 00000000 		.4byte	0
 2129              	.LLST11:
 2130 0237 00000000 		.4byte	.LVL22
 2131 023b 0F000000 		.4byte	.LVL23-1
 2132 023f 0100     		.2byte	0x1
 2133 0241 50       		.byte	0x50
 2134 0242 0F000000 		.4byte	.LVL23-1
 2135 0246 36000000 		.4byte	.LVL29
 2136 024a 0100     		.2byte	0x1
 2137 024c 55       		.byte	0x55
 2138 024d 36000000 		.4byte	.LVL29
 2139 0251 38000000 		.4byte	.LVL31
 2140 0255 0400     		.2byte	0x4
 2141 0257 F3       		.byte	0xf3
 2142 0258 01       		.uleb128 0x1
 2143 0259 50       		.byte	0x50
 2144 025a 9F       		.byte	0x9f
 2145 025b 38000000 		.4byte	.LVL31
 2146 025f 3C000000 		.4byte	.LFE10
 2147 0263 0100     		.2byte	0x1
 2148 0265 55       		.byte	0x55
 2149 0266 00000000 		.4byte	0
 2150 026a 00000000 		.4byte	0
 2151              	.LLST12:
 2152 026e 00000000 		.4byte	.LVL22
 2153 0272 0F000000 		.4byte	.LVL23-1
 2154 0276 0100     		.2byte	0x1
 2155 0278 51       		.byte	0x51
 2156 0279 0F000000 		.4byte	.LVL23-1
 2157 027d 2C000000 		.4byte	.LVL25
 2158 0281 0100     		.2byte	0x1
 2159 0283 56       		.byte	0x56
 2160 0284 2C000000 		.4byte	.LVL25
 2161 0288 38000000 		.4byte	.LVL31
 2162 028c 0400     		.2byte	0x4
 2163 028e F3       		.byte	0xf3
 2164 028f 01       		.uleb128 0x1
 2165 0290 51       		.byte	0x51
 2166 0291 9F       		.byte	0x9f
ARM GAS  C:\Users\3130\AppData\Local\Temp\ccd4G3Jd.s 			page 39


 2167 0292 38000000 		.4byte	.LVL31
 2168 0296 3A000000 		.4byte	.LVL32
 2169 029a 0100     		.2byte	0x1
 2170 029c 56       		.byte	0x56
 2171 029d 3A000000 		.4byte	.LVL32
 2172 02a1 3C000000 		.4byte	.LFE10
 2173 02a5 0400     		.2byte	0x4
 2174 02a7 F3       		.byte	0xf3
 2175 02a8 01       		.uleb128 0x1
 2176 02a9 51       		.byte	0x51
 2177 02aa 9F       		.byte	0x9f
 2178 02ab 00000000 		.4byte	0
 2179 02af 00000000 		.4byte	0
 2180              	.LLST13:
 2181 02b3 00000000 		.4byte	.LVL22
 2182 02b7 0F000000 		.4byte	.LVL23-1
 2183 02bb 0100     		.2byte	0x1
 2184 02bd 52       		.byte	0x52
 2185 02be 0F000000 		.4byte	.LVL23-1
 2186 02c2 36000000 		.4byte	.LVL28
 2187 02c6 0100     		.2byte	0x1
 2188 02c8 54       		.byte	0x54
 2189 02c9 36000000 		.4byte	.LVL28
 2190 02cd 38000000 		.4byte	.LVL31
 2191 02d1 0400     		.2byte	0x4
 2192 02d3 F3       		.byte	0xf3
 2193 02d4 01       		.uleb128 0x1
 2194 02d5 52       		.byte	0x52
 2195 02d6 9F       		.byte	0x9f
 2196 02d7 38000000 		.4byte	.LVL31
 2197 02db 3C000000 		.4byte	.LFE10
 2198 02df 0100     		.2byte	0x1
 2199 02e1 54       		.byte	0x54
 2200 02e2 00000000 		.4byte	0
 2201 02e6 00000000 		.4byte	0
 2202              	.LLST14:
 2203 02ea 00000000 		.4byte	.LVL22
 2204 02ee 0F000000 		.4byte	.LVL23-1
 2205 02f2 0100     		.2byte	0x1
 2206 02f4 53       		.byte	0x53
 2207 02f5 0F000000 		.4byte	.LVL23-1
 2208 02f9 36000000 		.4byte	.LVL30
 2209 02fd 0100     		.2byte	0x1
 2210 02ff 57       		.byte	0x57
 2211 0300 36000000 		.4byte	.LVL30
 2212 0304 38000000 		.4byte	.LVL31
 2213 0308 0400     		.2byte	0x4
 2214 030a F3       		.byte	0xf3
 2215 030b 01       		.uleb128 0x1
 2216 030c 53       		.byte	0x53
 2217 030d 9F       		.byte	0x9f
 2218 030e 38000000 		.4byte	.LVL31
 2219 0312 3C000000 		.4byte	.LFE10
 2220 0316 0100     		.2byte	0x1
 2221 0318 57       		.byte	0x57
 2222 0319 00000000 		.4byte	0
 2223 031d 00000000 		.4byte	0
ARM GAS  C:\Users\3130\AppData\Local\Temp\ccd4G3Jd.s 			page 40


 2224              	.LLST15:
 2225 0321 10000000 		.4byte	.LVL23
 2226 0325 21000000 		.4byte	.LVL24-1
 2227 0329 0100     		.2byte	0x1
 2228 032b 50       		.byte	0x50
 2229 032c 38000000 		.4byte	.LVL31
 2230 0330 3C000000 		.4byte	.LFE10
 2231 0334 0100     		.2byte	0x1
 2232 0336 50       		.byte	0x50
 2233 0337 00000000 		.4byte	0
 2234 033b 00000000 		.4byte	0
 2235              	.LLST16:
 2236 033f 2C000000 		.4byte	.LVL25
 2237 0343 2F000000 		.4byte	.LVL26-1
 2238 0347 0100     		.2byte	0x1
 2239 0349 50       		.byte	0x50
 2240 034a 2F000000 		.4byte	.LVL26-1
 2241 034e 32000000 		.4byte	.LVL27
 2242 0352 0100     		.2byte	0x1
 2243 0354 56       		.byte	0x56
 2244 0355 00000000 		.4byte	0
 2245 0359 00000000 		.4byte	0
 2246              		.section	.debug_aranges,"",%progbits
 2247 0000 34000000 		.4byte	0x34
 2248 0004 0200     		.2byte	0x2
 2249 0006 00000000 		.4byte	.Ldebug_info0
 2250 000a 04       		.byte	0x4
 2251 000b 00       		.byte	0
 2252 000c 0000     		.2byte	0
 2253 000e 0000     		.2byte	0
 2254 0010 00000000 		.4byte	.LFB7
 2255 0014 0C000000 		.4byte	.LFE7-.LFB7
 2256 0018 00000000 		.4byte	.LFB8
 2257 001c 4E000000 		.4byte	.LFE8-.LFB8
 2258 0020 00000000 		.4byte	.LFB9
 2259 0024 3C000000 		.4byte	.LFE9-.LFB9
 2260 0028 00000000 		.4byte	.LFB10
 2261 002c 3C000000 		.4byte	.LFE10-.LFB10
 2262 0030 00000000 		.4byte	0
 2263 0034 00000000 		.4byte	0
 2264              		.section	.debug_ranges,"",%progbits
 2265              	.Ldebug_ranges0:
 2266 0000 00000000 		.4byte	.LFB7
 2267 0004 0C000000 		.4byte	.LFE7
 2268 0008 00000000 		.4byte	.LFB8
 2269 000c 4E000000 		.4byte	.LFE8
 2270 0010 00000000 		.4byte	.LFB9
 2271 0014 3C000000 		.4byte	.LFE9
 2272 0018 00000000 		.4byte	.LFB10
 2273 001c 3C000000 		.4byte	.LFE10
 2274 0020 00000000 		.4byte	0
 2275 0024 00000000 		.4byte	0
 2276              		.section	.debug_line,"",%progbits
 2277              	.Ldebug_line0:
 2278 0000 73020000 		.section	.debug_str,"MS",%progbits,1
 2278      0200EF01 
 2278      00000201 
ARM GAS  C:\Users\3130\AppData\Local\Temp\ccd4G3Jd.s 			page 41


 2278      FB0E0D00 
 2278      01010101 
 2279              	.LASF75:
 2280 0000 7466756E 		.ascii	"tfunc_t\000"
 2280      635F7400 
 2281              	.LASF38:
 2282 0008 705F6D73 		.ascii	"p_msg\000"
 2282      6700
 2283              	.LASF2:
 2284 000e 73697A65 		.ascii	"size_t\000"
 2284      5F7400
 2285              	.LASF70:
 2286 0015 7264796D 		.ascii	"rdymsg\000"
 2286      736700
 2287              	.LASF12:
 2288 001c 75696E74 		.ascii	"uint64_t\000"
 2288      36345F74 
 2288      00
 2289              	.LASF69:
 2290 0025 4D656D6F 		.ascii	"MemoryPool\000"
 2290      7279506F 
 2290      6F6C00
 2291              	.LASF54:
 2292 0030 6D656D67 		.ascii	"memgetfunc_t\000"
 2292      65746675 
 2292      6E635F74 
 2292      00
 2293              	.LASF13:
 2294 003d 6C6F6E67 		.ascii	"long long unsigned int\000"
 2294      206C6F6E 
 2294      6720756E 
 2294      7369676E 
 2294      65642069 
 2295              	.LASF71:
 2296 0054 65786974 		.ascii	"exitcode\000"
 2296      636F6465 
 2296      00
 2297              	.LASF58:
 2298 005d 685F6672 		.ascii	"h_free\000"
 2298      656500
 2299              	.LASF78:
 2300 0064 68656170 		.ascii	"heapp\000"
 2300      7000
 2301              	.LASF60:
 2302 006a 6E657874 		.ascii	"next\000"
 2302      00
 2303              	.LASF26:
 2304 006f 705F7072 		.ascii	"p_prio\000"
 2304      696F00
 2305              	.LASF11:
 2306 0076 6C6F6E67 		.ascii	"long long int\000"
 2306      206C6F6E 
 2306      6720696E 
 2306      7400
 2307              	.LASF1:
 2308 0084 7369676E 		.ascii	"signed char\000"
 2308      65642063 
ARM GAS  C:\Users\3130\AppData\Local\Temp\ccd4G3Jd.s 			page 42


 2308      68617200 
 2309              	.LASF59:
 2310 0090 685F6D74 		.ascii	"h_mtx\000"
 2310      7800
 2311              	.LASF42:
 2312 0096 705F6D70 		.ascii	"p_mpool\000"
 2312      6F6F6C00 
 2313              	.LASF51:
 2314 009e 6D5F7175 		.ascii	"m_queue\000"
 2314      65756500 
 2315              	.LASF83:
 2316 00a6 63684865 		.ascii	"chHeapFree\000"
 2316      61704672 
 2316      656500
 2317              	.LASF18:
 2318 00b1 74736C69 		.ascii	"tslices_t\000"
 2318      6365735F 
 2318      7400
 2319              	.LASF85:
 2320 00bb 63685468 		.ascii	"chThdCreateI\000"
 2320      64437265 
 2320      61746549 
 2320      00
 2321              	.LASF8:
 2322 00c8 6C6F6E67 		.ascii	"long int\000"
 2322      20696E74 
 2322      00
 2323              	.LASF77:
 2324 00d1 63685468 		.ascii	"chThdCreateFromHeap\000"
 2324      64437265 
 2324      61746546 
 2324      726F6D48 
 2324      65617000 
 2325              	.LASF16:
 2326 00e5 74737461 		.ascii	"tstate_t\000"
 2326      74655F74 
 2326      00
 2327              	.LASF66:
 2328 00ee 6D705F6E 		.ascii	"mp_next\000"
 2328      65787400 
 2329              	.LASF28:
 2330 00f6 705F6E65 		.ascii	"p_newer\000"
 2330      77657200 
 2331              	.LASF81:
 2332 00fe 63685468 		.ascii	"chThdCreateFromMemoryPool\000"
 2332      64437265 
 2332      61746546 
 2332      726F6D4D 
 2332      656D6F72 
 2333              	.LASF68:
 2334 0118 6D705F70 		.ascii	"mp_provider\000"
 2334      726F7669 
 2334      64657200 
 2335              	.LASF45:
 2336 0124 72656761 		.ascii	"regarm_t\000"
 2336      726D5F74 
 2336      00
ARM GAS  C:\Users\3130\AppData\Local\Temp\ccd4G3Jd.s 			page 43


 2337              	.LASF62:
 2338 012d 616C6967 		.ascii	"align\000"
 2338      6E00
 2339              	.LASF0:
 2340 0133 756E7369 		.ascii	"unsigned int\000"
 2340      676E6564 
 2340      20696E74 
 2340      00
 2341              	.LASF10:
 2342 0140 6C6F6E67 		.ascii	"long unsigned int\000"
 2342      20756E73 
 2342      69676E65 
 2342      6420696E 
 2342      7400
 2343              	.LASF48:
 2344 0152 636F6E74 		.ascii	"context\000"
 2344      65787400 
 2345              	.LASF63:
 2346 015a 73697A65 		.ascii	"size\000"
 2346      00
 2347              	.LASF6:
 2348 015f 73686F72 		.ascii	"short unsigned int\000"
 2348      7420756E 
 2348      7369676E 
 2348      65642069 
 2348      6E7400
 2349              	.LASF20:
 2350 0172 6D73675F 		.ascii	"msg_t\000"
 2350      7400
 2351              	.LASF15:
 2352 0178 746D6F64 		.ascii	"tmode_t\000"
 2352      655F7400 
 2353              	.LASF44:
 2354 0180 54687265 		.ascii	"ThreadsList\000"
 2354      6164734C 
 2354      69737400 
 2355              	.LASF21:
 2356 018c 6576656E 		.ascii	"eventmask_t\000"
 2356      746D6173 
 2356      6B5F7400 
 2357              	.LASF50:
 2358 0198 4D757465 		.ascii	"Mutex\000"
 2358      7800
 2359              	.LASF76:
 2360 019e 63685468 		.ascii	"chThdAddRef\000"
 2360      64416464 
 2360      52656600 
 2361              	.LASF46:
 2362 01aa 73746B61 		.ascii	"stkalign_t\000"
 2362      6C69676E 
 2362      5F7400
 2363              	.LASF49:
 2364 01b5 73697A65 		.ascii	"sizetype\000"
 2364      74797065 
 2364      00
 2365              	.LASF29:
 2366 01be 705F6F6C 		.ascii	"p_older\000"
ARM GAS  C:\Users\3130\AppData\Local\Temp\ccd4G3Jd.s 			page 44


 2366      64657200 
 2367              	.LASF43:
 2368 01c6 54687265 		.ascii	"ThreadsQueue\000"
 2368      61647351 
 2368      75657565 
 2368      00
 2369              	.LASF67:
 2370 01d3 6D705F6F 		.ascii	"mp_object_size\000"
 2370      626A6563 
 2370      745F7369 
 2370      7A6500
 2371              	.LASF89:
 2372 01e2 2E2E2F2E 		.ascii	"../../ChibiOS_2.6.1/os/kernel/src/chdynamic.c\000"
 2372      2E2F4368 
 2372      6962694F 
 2372      535F322E 
 2372      362E312F 
 2373              	.LASF79:
 2374 0210 7072696F 		.ascii	"prio\000"
 2374      00
 2375              	.LASF55:
 2376 0215 4D656D6F 		.ascii	"MemoryHeap\000"
 2376      72794865 
 2376      617000
 2377              	.LASF65:
 2378 0220 70685F6E 		.ascii	"ph_next\000"
 2378      65787400 
 2379              	.LASF17:
 2380 0228 74726566 		.ascii	"trefs_t\000"
 2380      735F7400 
 2381              	.LASF80:
 2382 0230 72656673 		.ascii	"refs\000"
 2382      00
 2383              	.LASF25:
 2384 0235 705F7072 		.ascii	"p_prev\000"
 2384      657600
 2385              	.LASF19:
 2386 023c 74707269 		.ascii	"tprio_t\000"
 2386      6F5F7400 
 2387              	.LASF14:
 2388 0244 5F426F6F 		.ascii	"_Bool\000"
 2388      6C00
 2389              	.LASF7:
 2390 024a 696E7433 		.ascii	"int32_t\000"
 2390      325F7400 
 2391              	.LASF4:
 2392 0252 756E7369 		.ascii	"unsigned char\000"
 2392      676E6564 
 2392      20636861 
 2392      7200
 2393              	.LASF57:
 2394 0260 685F7072 		.ascii	"h_provider\000"
 2394      6F766964 
 2394      657200
 2395              	.LASF40:
 2396 026b 705F6D74 		.ascii	"p_mtxlist\000"
 2396      786C6973 
ARM GAS  C:\Users\3130\AppData\Local\Temp\ccd4G3Jd.s 			page 45


 2396      7400
 2397              	.LASF5:
 2398 0275 73686F72 		.ascii	"short int\000"
 2398      7420696E 
 2398      7400
 2399              	.LASF31:
 2400 027f 705F7374 		.ascii	"p_state\000"
 2400      61746500 
 2401              	.LASF34:
 2402 0287 705F7072 		.ascii	"p_preempt\000"
 2402      65656D70 
 2402      7400
 2403              	.LASF91:
 2404 0291 68656170 		.ascii	"heap_header\000"
 2404      5F686561 
 2404      64657200 
 2405              	.LASF73:
 2406 029d 65776D61 		.ascii	"ewmask\000"
 2406      736B00
 2407              	.LASF24:
 2408 02a4 705F6E65 		.ascii	"p_next\000"
 2408      787400
 2409              	.LASF32:
 2410 02ab 705F666C 		.ascii	"p_flags\000"
 2410      61677300 
 2411              	.LASF92:
 2412 02b3 63685468 		.ascii	"chThdRelease\000"
 2412      6452656C 
 2412      65617365 
 2412      00
 2413              	.LASF23:
 2414 02c0 54687265 		.ascii	"Thread\000"
 2414      616400
 2415              	.LASF84:
 2416 02c7 63684865 		.ascii	"chHeapAlloc\000"
 2416      6170416C 
 2416      6C6F6300 
 2417              	.LASF39:
 2418 02d3 705F6570 		.ascii	"p_epending\000"
 2418      656E6469 
 2418      6E6700
 2419              	.LASF9:
 2420 02de 75696E74 		.ascii	"uint32_t\000"
 2420      33325F74 
 2420      00
 2421              	.LASF61:
 2422 02e7 68656170 		.ascii	"heap\000"
 2422      00
 2423              	.LASF74:
 2424 02ec 63686172 		.ascii	"char\000"
 2424      00
 2425              	.LASF53:
 2426 02f1 6D5F6E65 		.ascii	"m_next\000"
 2426      787400
 2427              	.LASF22:
 2428 02f8 73797374 		.ascii	"systime_t\000"
 2428      696D655F 
ARM GAS  C:\Users\3130\AppData\Local\Temp\ccd4G3Jd.s 			page 46


 2428      7400
 2429              	.LASF41:
 2430 0302 705F7265 		.ascii	"p_realprio\000"
 2430      616C7072 
 2430      696F00
 2431              	.LASF35:
 2432 030d 705F7469 		.ascii	"p_time\000"
 2432      6D6500
 2433              	.LASF90:
 2434 0314 433A5C73 		.ascii	"C:\\stm32f0-Discovery_Tools\\Projects\\ChibiOS_Temp"
 2434      746D3332 
 2434      66302D44 
 2434      6973636F 
 2434      76657279 
 2435 0344 6C617465 		.ascii	"late\000"
 2435      00
 2436              	.LASF47:
 2437 0349 696E7463 		.ascii	"intctx\000"
 2437      747800
 2438              	.LASF37:
 2439 0350 705F6D73 		.ascii	"p_msgqueue\000"
 2439      67717565 
 2439      756500
 2440              	.LASF86:
 2441 035b 63685363 		.ascii	"chSchWakeupS\000"
 2441      6857616B 
 2441      65757053 
 2441      00
 2442              	.LASF64:
 2443 0368 706F6F6C 		.ascii	"pool_header\000"
 2443      5F686561 
 2443      64657200 
 2444              	.LASF33:
 2445 0374 705F7265 		.ascii	"p_refs\000"
 2445      667300
 2446              	.LASF3:
 2447 037b 75696E74 		.ascii	"uint8_t\000"
 2447      385F7400 
 2448              	.LASF87:
 2449 0383 6368506F 		.ascii	"chPoolAlloc\000"
 2449      6F6C416C 
 2449      6C6F6300 
 2450              	.LASF82:
 2451 038f 6368506F 		.ascii	"chPoolFree\000"
 2451      6F6C4672 
 2451      656500
 2452              	.LASF88:
 2453 039a 474E5520 		.ascii	"GNU C 4.7.4 20130913 (prerelease)\000"
 2453      4320342E 
 2453      372E3420 
 2453      32303133 
 2453      30393133 
 2454              	.LASF72:
 2455 03bc 77746F62 		.ascii	"wtobjp\000"
 2455      6A7000
 2456              	.LASF30:
 2457 03c3 705F6E61 		.ascii	"p_name\000"
ARM GAS  C:\Users\3130\AppData\Local\Temp\ccd4G3Jd.s 			page 47


 2457      6D6500
 2458              	.LASF52:
 2459 03ca 6D5F6F77 		.ascii	"m_owner\000"
 2459      6E657200 
 2460              	.LASF27:
 2461 03d2 705F6374 		.ascii	"p_ctx\000"
 2461      7800
 2462              	.LASF36:
 2463 03d8 705F7761 		.ascii	"p_waiting\000"
 2463      6974696E 
 2463      6700
 2464              	.LASF56:
 2465 03e2 6D656D6F 		.ascii	"memory_heap\000"
 2465      72795F68 
 2465      65617000 
 2466              		.ident	"GCC: (GNU Tools for ARM Embedded Processors / bleeding-edge-toolchain-131005) 4.7.4 201309
ARM GAS  C:\Users\3130\AppData\Local\Temp\ccd4G3Jd.s 			page 48


DEFINED SYMBOLS
                            *ABS*:00000000 chdynamic.c
C:\Users\3130\AppData\Local\Temp\ccd4G3Jd.s:18     .text.chThdAddRef:00000000 $t
C:\Users\3130\AppData\Local\Temp\ccd4G3Jd.s:24     .text.chThdAddRef:00000000 chThdAddRef
C:\Users\3130\AppData\Local\Temp\ccd4G3Jd.s:51     .text.chThdRelease:00000000 $t
C:\Users\3130\AppData\Local\Temp\ccd4G3Jd.s:57     .text.chThdRelease:00000000 chThdRelease
C:\Users\3130\AppData\Local\Temp\ccd4G3Jd.s:140    .text.chThdCreateFromHeap:00000000 $t
C:\Users\3130\AppData\Local\Temp\ccd4G3Jd.s:146    .text.chThdCreateFromHeap:00000000 chThdCreateFromHeap
C:\Users\3130\AppData\Local\Temp\ccd4G3Jd.s:219    .text.chThdCreateFromMemoryPool:00000000 $t
C:\Users\3130\AppData\Local\Temp\ccd4G3Jd.s:225    .text.chThdCreateFromMemoryPool:00000000 chThdCreateFromMemoryPool
                     .debug_frame:00000010 $d

UNDEFINED SYMBOLS
chPoolFree
chHeapFree
chHeapAlloc
chThdCreateI
chSchWakeupS
chPoolAlloc
