ARM GAS  C:\Users\3130\AppData\Local\Temp\cc1rLQl5.s 			page 1


   1              		.cpu cortex-m0
   2              		.fpu softvfp
   3              		.eabi_attribute 20, 1
   4              		.eabi_attribute 21, 1
   5              		.eabi_attribute 23, 3
   6              		.eabi_attribute 24, 1
   7              		.eabi_attribute 25, 1
   8              		.eabi_attribute 26, 1
   9              		.eabi_attribute 30, 2
  10              		.eabi_attribute 34, 0
  11              		.eabi_attribute 18, 4
  12              		.code	16
  13              		.file	"chmsg.c"
  14              		.text
  15              	.Ltext0:
  16              		.cfi_sections	.debug_frame
  17              		.section	.text.chMsgSend,"ax",%progbits
  18              		.align	2
  19              		.p2align 4,,15
  20              		.global	chMsgSend
  21              		.code	16
  22              		.thumb_func
  23              		.type	chMsgSend, %function
  24              	chMsgSend:
  25              	.LFB7:
  26              		.file 1 "../../ChibiOS_2.6.1/os/kernel/src/chmsg.c"
  27              		.loc 1 75 0
  28              		.cfi_startproc
  29              	.LVL0:
  30              		.loc 1 76 0
  31 0000 0C4B     		ldr	r3, .L5
  32              		.loc 1 75 0
  33 0002 10B5     		push	{r4, lr}
  34              	.LCFI0:
  35              		.cfi_def_cfa_offset 8
  36              		.cfi_offset 4, -8
  37              		.cfi_offset 14, -4
  38              		.loc 1 76 0
  39 0004 9C69     		ldr	r4, [r3, #24]
  40              	.LVL1:
  41              		.loc 1 80 0
  42              	@ 80 "../../ChibiOS_2.6.1/os/kernel/src/chmsg.c" 1
  43 0006 72B6     		cpsid   i
  44              	@ 0 "" 2
  45              		.loc 1 81 0
  46              		.code	16
  47 0008 6163     		str	r1, [r4, #52]
  48              		.loc 1 82 0
  49 000a 011C     		mov	r1, r0
  50              	.LVL2:
  51 000c 2C31     		add	r1, r1, #44
  52 000e 6162     		str	r1, [r4, #36]
  53              	.LVL3:
  54              	.LBB6:
  55              	.LBB7:
  56              		.file 2 "../../ChibiOS_2.6.1/os/kernel/include/chinline.h"
  57              		.loc 2 55 0
ARM GAS  C:\Users\3130\AppData\Local\Temp\cc1rLQl5.s 			page 2


  58 0010 026B     		ldr	r2, [r0, #48]
  59              		.loc 2 54 0
  60 0012 2160     		str	r1, [r4]
  61              		.loc 2 55 0
  62 0014 6260     		str	r2, [r4, #4]
  63              		.loc 2 56 0
  64 0016 0463     		str	r4, [r0, #48]
  65 0018 1460     		str	r4, [r2]
  66              	.LBE7:
  67              	.LBE6:
  68              		.loc 1 84 0
  69 001a 037F     		ldrb	r3, [r0, #28]
  70 001c 0C2B     		cmp	r3, #12
  71 001e 05D0     		beq	.L4
  72              	.LVL4:
  73              	.L2:
  74              		.loc 1 86 0
  75 0020 0A20     		mov	r0, #10
  76 0022 FFF7FEFF 		bl	chSchGoSleepS
  77              	.LVL5:
  78              		.loc 1 87 0
  79 0026 606A     		ldr	r0, [r4, #36]
  80              	.LVL6:
  81              		.loc 1 88 0
  82              	@ 88 "../../ChibiOS_2.6.1/os/kernel/src/chmsg.c" 1
  83 0028 62B6     		cpsie   i
  84              	@ 0 "" 2
  85              		.loc 1 90 0
  86              		.code	16
  87              		@ sp needed for prologue
  88              	.LVL7:
  89 002a 10BD     		pop	{r4, pc}
  90              	.LVL8:
  91              	.L4:
  92              		.loc 1 85 0
  93 002c FFF7FEFF 		bl	chSchReadyI
  94              	.LVL9:
  95 0030 F6E7     		b	.L2
  96              	.L6:
  97 0032 C046     		.align	2
  98              	.L5:
  99 0034 00000000 		.word	rlist
 100              		.cfi_endproc
 101              	.LFE7:
 102              		.size	chMsgSend, .-chMsgSend
 103 0038 C046C046 		.section	.text.chMsgWait,"ax",%progbits
 103      C046C046 
 104              		.align	2
 105              		.p2align 4,,15
 106              		.global	chMsgWait
 107              		.code	16
 108              		.thumb_func
 109              		.type	chMsgWait, %function
 110              	chMsgWait:
 111              	.LFB8:
 112              		.loc 1 106 0
 113              		.cfi_startproc
ARM GAS  C:\Users\3130\AppData\Local\Temp\cc1rLQl5.s 			page 3


 114 0000 10B5     		push	{r4, lr}
 115              	.LCFI1:
 116              		.cfi_def_cfa_offset 8
 117              		.cfi_offset 4, -8
 118              		.cfi_offset 14, -4
 119              		.loc 1 109 0
 120              	@ 109 "../../ChibiOS_2.6.1/os/kernel/src/chmsg.c" 1
 121 0002 72B6     		cpsid   i
 122              	@ 0 "" 2
 123              		.loc 1 110 0
 124              		.code	16
 125 0004 0A4C     		ldr	r4, .L10
 126 0006 A369     		ldr	r3, [r4, #24]
 127 0008 1A1C     		mov	r2, r3
 128 000a D86A     		ldr	r0, [r3, #44]
 129 000c 2C32     		add	r2, r2, #44
 130 000e 9042     		cmp	r0, r2
 131 0010 06D0     		beq	.L9
 132              	.L8:
 133              	.LVL10:
 134              	.LBB8:
 135              	.LBB9:
 136              		.loc 2 62 0
 137 0012 0168     		ldr	r1, [r0]
 138              	.LBE9:
 139              	.LBE8:
 140              		.loc 1 113 0
 141 0014 0B24     		mov	r4, #11
 142              	.LBB11:
 143              	.LBB10:
 144              		.loc 2 62 0
 145 0016 D962     		str	r1, [r3, #44]
 146 0018 4A60     		str	r2, [r1, #4]
 147              	.LBE10:
 148              	.LBE11:
 149              		.loc 1 113 0
 150 001a 0477     		strb	r4, [r0, #28]
 151              		.loc 1 114 0
 152              	@ 114 "../../ChibiOS_2.6.1/os/kernel/src/chmsg.c" 1
 153 001c 62B6     		cpsie   i
 154              	@ 0 "" 2
 155              		.loc 1 116 0
 156              		.code	16
 157              		@ sp needed for prologue
 158 001e 10BD     		pop	{r4, pc}
 159              	.LVL11:
 160              	.L9:
 161              		.loc 1 111 0
 162 0020 0C20     		mov	r0, #12
 163 0022 FFF7FEFF 		bl	chSchGoSleepS
 164              	.LVL12:
 165 0026 A369     		ldr	r3, [r4, #24]
 166 0028 1A1C     		mov	r2, r3
 167 002a D86A     		ldr	r0, [r3, #44]
 168 002c 2C32     		add	r2, r2, #44
 169 002e F0E7     		b	.L8
 170              	.L11:
ARM GAS  C:\Users\3130\AppData\Local\Temp\cc1rLQl5.s 			page 4


 171              		.align	2
 172              	.L10:
 173 0030 00000000 		.word	rlist
 174              		.cfi_endproc
 175              	.LFE8:
 176              		.size	chMsgWait, .-chMsgWait
 177 0034 C046C046 		.section	.text.chMsgRelease,"ax",%progbits
 177      C046C046 
 177      C046C046 
 178              		.align	2
 179              		.p2align 4,,15
 180              		.global	chMsgRelease
 181              		.code	16
 182              		.thumb_func
 183              		.type	chMsgRelease, %function
 184              	chMsgRelease:
 185              	.LFB9:
 186              		.loc 1 128 0
 187              		.cfi_startproc
 188              	.LVL13:
 189 0000 08B5     		push	{r3, lr}
 190              	.LCFI2:
 191              		.cfi_def_cfa_offset 8
 192              		.cfi_offset 3, -8
 193              		.cfi_offset 14, -4
 194              		.loc 1 130 0
 195              	@ 130 "../../ChibiOS_2.6.1/os/kernel/src/chmsg.c" 1
 196 0002 72B6     		cpsid   i
 197              	@ 0 "" 2
 198              		.loc 1 133 0
 199              		.code	16
 200 0004 FFF7FEFF 		bl	chSchWakeupS
 201              	.LVL14:
 202              		.loc 1 134 0
 203              	@ 134 "../../ChibiOS_2.6.1/os/kernel/src/chmsg.c" 1
 204 0008 62B6     		cpsie   i
 205              	@ 0 "" 2
 206              		.loc 1 135 0
 207              		.code	16
 208              		@ sp needed for prologue
 209 000a 08BD     		pop	{r3, pc}
 210              		.cfi_endproc
 211              	.LFE9:
 212              		.size	chMsgRelease, .-chMsgRelease
 213 000c C046C046 		.text
 214              	.Letext0:
 215              		.file 3 "c:\\stm32f0-discovery_tools\\gcc-arm-none-eabi\\bin\\../lib/gcc/arm-none-eabi/4.7.4/../..
 216              		.file 4 "../../ChibiOS_2.6.1/os/ports/GCC/ARMCMx/chtypes.h"
 217              		.file 5 "../../ChibiOS_2.6.1/os/kernel/include/chlists.h"
 218              		.file 6 "../../ChibiOS_2.6.1/os/kernel/include/chthreads.h"
 219              		.file 7 "../../ChibiOS_2.6.1/os/ports/GCC/ARMCMx/chcore_v6m.h"
 220              		.file 8 "../../ChibiOS_2.6.1/os/kernel/include/chschd.h"
 221              		.file 9 "../../ChibiOS_2.6.1/os/kernel/include/chmtx.h"
 222              		.section	.debug_info,"",%progbits
 223              	.Ldebug_info0:
 224 0000 0E060000 		.4byte	0x60e
 225 0004 0200     		.2byte	0x2
ARM GAS  C:\Users\3130\AppData\Local\Temp\cc1rLQl5.s 			page 5


 226 0006 00000000 		.4byte	.Ldebug_abbrev0
 227 000a 04       		.byte	0x4
 228 000b 01       		.uleb128 0x1
 229 000c E1020000 		.4byte	.LASF65
 230 0010 01       		.byte	0x1
 231 0011 9F010000 		.4byte	.LASF66
 232 0015 64020000 		.4byte	.LASF67
 233 0019 30000000 		.4byte	.Ldebug_ranges0+0x30
 234 001d 00000000 		.4byte	0
 235 0021 00000000 		.4byte	0
 236 0025 00000000 		.4byte	.Ldebug_line0
 237 0029 02       		.uleb128 0x2
 238 002a 04       		.byte	0x4
 239 002b 05       		.byte	0x5
 240 002c 696E7400 		.ascii	"int\000"
 241 0030 03       		.uleb128 0x3
 242 0031 04       		.byte	0x4
 243 0032 07       		.byte	0x7
 244 0033 AA000000 		.4byte	.LASF0
 245 0037 03       		.uleb128 0x3
 246 0038 01       		.byte	0x1
 247 0039 06       		.byte	0x6
 248 003a 4F000000 		.4byte	.LASF1
 249 003e 04       		.uleb128 0x4
 250 003f D9020000 		.4byte	.LASF5
 251 0043 03       		.byte	0x3
 252 0044 2A       		.byte	0x2a
 253 0045 49000000 		.4byte	0x49
 254 0049 03       		.uleb128 0x3
 255 004a 01       		.byte	0x1
 256 004b 08       		.byte	0x8
 257 004c 75010000 		.4byte	.LASF2
 258 0050 03       		.uleb128 0x3
 259 0051 02       		.byte	0x2
 260 0052 05       		.byte	0x5
 261 0053 8D010000 		.4byte	.LASF3
 262 0057 03       		.uleb128 0x3
 263 0058 02       		.byte	0x2
 264 0059 07       		.byte	0x7
 265 005a D1000000 		.4byte	.LASF4
 266 005e 04       		.uleb128 0x4
 267 005f 6D010000 		.4byte	.LASF6
 268 0063 03       		.byte	0x3
 269 0064 4F       		.byte	0x4f
 270 0065 69000000 		.4byte	0x69
 271 0069 03       		.uleb128 0x3
 272 006a 04       		.byte	0x4
 273 006b 05       		.byte	0x5
 274 006c 75000000 		.4byte	.LASF7
 275 0070 04       		.uleb128 0x4
 276 0071 13020000 		.4byte	.LASF8
 277 0075 03       		.byte	0x3
 278 0076 50       		.byte	0x50
 279 0077 7B000000 		.4byte	0x7b
 280 007b 03       		.uleb128 0x3
 281 007c 04       		.byte	0x4
 282 007d 07       		.byte	0x7
ARM GAS  C:\Users\3130\AppData\Local\Temp\cc1rLQl5.s 			page 6


 283 007e B7000000 		.4byte	.LASF9
 284 0082 03       		.uleb128 0x3
 285 0083 08       		.byte	0x8
 286 0084 05       		.byte	0x5
 287 0085 41000000 		.4byte	.LASF10
 288 0089 03       		.uleb128 0x3
 289 008a 08       		.byte	0x8
 290 008b 07       		.byte	0x7
 291 008c 1A000000 		.4byte	.LASF11
 292 0090 03       		.uleb128 0x3
 293 0091 01       		.byte	0x1
 294 0092 02       		.byte	0x2
 295 0093 67010000 		.4byte	.LASF12
 296 0097 04       		.uleb128 0x4
 297 0098 EA000000 		.4byte	.LASF13
 298 009c 04       		.byte	0x4
 299 009d 2C       		.byte	0x2c
 300 009e 3E000000 		.4byte	0x3e
 301 00a2 04       		.uleb128 0x4
 302 00a3 88000000 		.4byte	.LASF14
 303 00a7 04       		.byte	0x4
 304 00a8 2D       		.byte	0x2d
 305 00a9 3E000000 		.4byte	0x3e
 306 00ad 04       		.uleb128 0x4
 307 00ae 50010000 		.4byte	.LASF15
 308 00b2 04       		.byte	0x4
 309 00b3 2E       		.byte	0x2e
 310 00b4 3E000000 		.4byte	0x3e
 311 00b8 04       		.uleb128 0x4
 312 00b9 6B000000 		.4byte	.LASF16
 313 00bd 04       		.byte	0x4
 314 00be 2F       		.byte	0x2f
 315 00bf 3E000000 		.4byte	0x3e
 316 00c3 04       		.uleb128 0x4
 317 00c4 5F010000 		.4byte	.LASF17
 318 00c8 04       		.byte	0x4
 319 00c9 30       		.byte	0x30
 320 00ca 70000000 		.4byte	0x70
 321 00ce 04       		.uleb128 0x4
 322 00cf E4000000 		.4byte	.LASF18
 323 00d3 04       		.byte	0x4
 324 00d4 31       		.byte	0x31
 325 00d5 5E000000 		.4byte	0x5e
 326 00d9 04       		.uleb128 0x4
 327 00da FE000000 		.4byte	.LASF19
 328 00de 04       		.byte	0x4
 329 00df 33       		.byte	0x33
 330 00e0 70000000 		.4byte	0x70
 331 00e4 04       		.uleb128 0x4
 332 00e5 48020000 		.4byte	.LASF20
 333 00e9 04       		.byte	0x4
 334 00ea 35       		.byte	0x35
 335 00eb 70000000 		.4byte	0x70
 336 00ef 04       		.uleb128 0x4
 337 00f0 E6010000 		.4byte	.LASF21
 338 00f4 05       		.byte	0x5
 339 00f5 2A       		.byte	0x2a
ARM GAS  C:\Users\3130\AppData\Local\Temp\cc1rLQl5.s 			page 7


 340 00f6 FA000000 		.4byte	0xfa
 341 00fa 05       		.uleb128 0x5
 342 00fb E6010000 		.4byte	.LASF21
 343 00ff 48       		.byte	0x48
 344 0100 06       		.byte	0x6
 345 0101 5E       		.byte	0x5e
 346 0102 1F020000 		.4byte	0x21f
 347 0106 06       		.uleb128 0x6
 348 0107 D7010000 		.4byte	.LASF22
 349 010b 06       		.byte	0x6
 350 010c 5F       		.byte	0x5f
 351 010d 44020000 		.4byte	0x244
 352 0111 02       		.byte	0x2
 353 0112 23       		.byte	0x23
 354 0113 00       		.uleb128 0
 355 0114 06       		.uleb128 0x6
 356 0115 58010000 		.4byte	.LASF23
 357 0119 06       		.byte	0x6
 358 011a 61       		.byte	0x61
 359 011b 44020000 		.4byte	0x244
 360 011f 02       		.byte	0x2
 361 0120 23       		.byte	0x23
 362 0121 04       		.uleb128 0x4
 363 0122 06       		.uleb128 0x6
 364 0123 3A000000 		.4byte	.LASF24
 365 0127 06       		.byte	0x6
 366 0128 63       		.byte	0x63
 367 0129 C3000000 		.4byte	0xc3
 368 012d 02       		.byte	0x2
 369 012e 23       		.byte	0x23
 370 012f 08       		.uleb128 0x8
 371 0130 06       		.uleb128 0x6
 372 0131 19030000 		.4byte	.LASF25
 373 0135 06       		.byte	0x6
 374 0136 64       		.byte	0x64
 375 0137 08030000 		.4byte	0x308
 376 013b 02       		.byte	0x2
 377 013c 23       		.byte	0x23
 378 013d 0C       		.uleb128 0xc
 379 013e 06       		.uleb128 0x6
 380 013f 91000000 		.4byte	.LASF26
 381 0143 06       		.byte	0x6
 382 0144 66       		.byte	0x66
 383 0145 44020000 		.4byte	0x244
 384 0149 02       		.byte	0x2
 385 014a 23       		.byte	0x23
 386 014b 10       		.uleb128 0x10
 387 014c 06       		.uleb128 0x6
 388 014d 19010000 		.4byte	.LASF27
 389 0151 06       		.byte	0x6
 390 0152 67       		.byte	0x67
 391 0153 44020000 		.4byte	0x244
 392 0157 02       		.byte	0x2
 393 0158 23       		.byte	0x23
 394 0159 14       		.uleb128 0x14
 395 015a 06       		.uleb128 0x6
 396 015b 0A030000 		.4byte	.LASF28
ARM GAS  C:\Users\3130\AppData\Local\Temp\cc1rLQl5.s 			page 8


 397 015f 06       		.byte	0x6
 398 0160 6E       		.byte	0x6e
 399 0161 1A040000 		.4byte	0x41a
 400 0165 02       		.byte	0x2
 401 0166 23       		.byte	0x23
 402 0167 18       		.uleb128 0x18
 403 0168 06       		.uleb128 0x6
 404 0169 97010000 		.4byte	.LASF29
 405 016d 06       		.byte	0x6
 406 016e 79       		.byte	0x79
 407 016f A2000000 		.4byte	0xa2
 408 0173 02       		.byte	0x2
 409 0174 23       		.byte	0x23
 410 0175 1C       		.uleb128 0x1c
 411 0176 06       		.uleb128 0x6
 412 0177 DE010000 		.4byte	.LASF30
 413 017b 06       		.byte	0x6
 414 017c 7D       		.byte	0x7d
 415 017d 97000000 		.4byte	0x97
 416 0181 02       		.byte	0x2
 417 0182 23       		.byte	0x23
 418 0183 1D       		.uleb128 0x1d
 419 0184 06       		.uleb128 0x6
 420 0185 C2020000 		.4byte	.LASF31
 421 0189 06       		.byte	0x6
 422 018a 82       		.byte	0x82
 423 018b AD000000 		.4byte	0xad
 424 018f 02       		.byte	0x2
 425 0190 23       		.byte	0x23
 426 0191 1E       		.uleb128 0x1e
 427 0192 06       		.uleb128 0x6
 428 0193 46010000 		.4byte	.LASF32
 429 0197 06       		.byte	0x6
 430 0198 88       		.byte	0x88
 431 0199 B8000000 		.4byte	0xb8
 432 019d 02       		.byte	0x2
 433 019e 23       		.byte	0x23
 434 019f 1F       		.uleb128 0x1f
 435 01a0 06       		.uleb128 0x6
 436 01a1 5D020000 		.4byte	.LASF33
 437 01a5 06       		.byte	0x6
 438 01a6 8F       		.byte	0x8f
 439 01a7 30030000 		.4byte	0x330
 440 01ab 02       		.byte	0x2
 441 01ac 23       		.byte	0x23
 442 01ad 20       		.uleb128 0x20
 443 01ae 07       		.uleb128 0x7
 444 01af 705F7500 		.ascii	"p_u\000"
 445 01b3 06       		.byte	0x6
 446 01b4 B4       		.byte	0xb4
 447 01b5 E5030000 		.4byte	0x3e5
 448 01b9 02       		.byte	0x2
 449 01ba 23       		.byte	0x23
 450 01bb 24       		.uleb128 0x24
 451 01bc 06       		.uleb128 0x6
 452 01bd 1F030000 		.4byte	.LASF34
 453 01c1 06       		.byte	0x6
ARM GAS  C:\Users\3130\AppData\Local\Temp\cc1rLQl5.s 			page 9


 454 01c2 B9       		.byte	0xb9
 455 01c3 6C020000 		.4byte	0x26c
 456 01c7 02       		.byte	0x2
 457 01c8 23       		.byte	0x23
 458 01c9 28       		.uleb128 0x28
 459 01ca 06       		.uleb128 0x6
 460 01cb A0020000 		.4byte	.LASF35
 461 01cf 06       		.byte	0x6
 462 01d0 BF       		.byte	0xbf
 463 01d1 4A020000 		.4byte	0x24a
 464 01d5 02       		.byte	0x2
 465 01d6 23       		.byte	0x23
 466 01d7 2C       		.uleb128 0x2c
 467 01d8 06       		.uleb128 0x6
 468 01d9 00000000 		.4byte	.LASF36
 469 01dd 06       		.byte	0x6
 470 01de C3       		.byte	0xc3
 471 01df CE000000 		.4byte	0xce
 472 01e3 02       		.byte	0x2
 473 01e4 23       		.byte	0x23
 474 01e5 34       		.uleb128 0x34
 475 01e6 06       		.uleb128 0x6
 476 01e7 08020000 		.4byte	.LASF37
 477 01eb 06       		.byte	0x6
 478 01ec C9       		.byte	0xc9
 479 01ed D9000000 		.4byte	0xd9
 480 01f1 02       		.byte	0x2
 481 01f2 23       		.byte	0x23
 482 01f3 38       		.uleb128 0x38
 483 01f4 06       		.uleb128 0x6
 484 01f5 83010000 		.4byte	.LASF38
 485 01f9 06       		.byte	0x6
 486 01fa D0       		.byte	0xd0
 487 01fb 2C040000 		.4byte	0x42c
 488 01ff 02       		.byte	0x2
 489 0200 23       		.byte	0x23
 490 0201 3C       		.uleb128 0x3c
 491 0202 06       		.uleb128 0x6
 492 0203 52020000 		.4byte	.LASF39
 493 0207 06       		.byte	0x6
 494 0208 D4       		.byte	0xd4
 495 0209 C3000000 		.4byte	0xc3
 496 020d 02       		.byte	0x2
 497 020e 23       		.byte	0x23
 498 020f 40       		.uleb128 0x40
 499 0210 06       		.uleb128 0x6
 500 0211 5B000000 		.4byte	.LASF40
 501 0215 06       		.byte	0x6
 502 0216 DA       		.byte	0xda
 503 0217 82020000 		.4byte	0x282
 504 021b 02       		.byte	0x2
 505 021c 23       		.byte	0x23
 506 021d 44       		.uleb128 0x44
 507 021e 00       		.byte	0
 508 021f 08       		.uleb128 0x8
 509 0220 08       		.byte	0x8
 510 0221 05       		.byte	0x5
ARM GAS  C:\Users\3130\AppData\Local\Temp\cc1rLQl5.s 			page 10


 511 0222 61       		.byte	0x61
 512 0223 44020000 		.4byte	0x244
 513 0227 06       		.uleb128 0x6
 514 0228 D7010000 		.4byte	.LASF22
 515 022c 05       		.byte	0x5
 516 022d 62       		.byte	0x62
 517 022e 44020000 		.4byte	0x244
 518 0232 02       		.byte	0x2
 519 0233 23       		.byte	0x23
 520 0234 00       		.uleb128 0
 521 0235 06       		.uleb128 0x6
 522 0236 58010000 		.4byte	.LASF23
 523 023a 05       		.byte	0x5
 524 023b 64       		.byte	0x64
 525 023c 44020000 		.4byte	0x244
 526 0240 02       		.byte	0x2
 527 0241 23       		.byte	0x23
 528 0242 04       		.uleb128 0x4
 529 0243 00       		.byte	0
 530 0244 09       		.uleb128 0x9
 531 0245 04       		.byte	0x4
 532 0246 EF000000 		.4byte	0xef
 533 024a 04       		.uleb128 0x4
 534 024b 27010000 		.4byte	.LASF41
 535 024f 05       		.byte	0x5
 536 0250 66       		.byte	0x66
 537 0251 1F020000 		.4byte	0x21f
 538 0255 08       		.uleb128 0x8
 539 0256 04       		.byte	0x4
 540 0257 05       		.byte	0x5
 541 0258 6B       		.byte	0x6b
 542 0259 6C020000 		.4byte	0x26c
 543 025d 06       		.uleb128 0x6
 544 025e D7010000 		.4byte	.LASF22
 545 0262 05       		.byte	0x5
 546 0263 6D       		.byte	0x6d
 547 0264 44020000 		.4byte	0x244
 548 0268 02       		.byte	0x2
 549 0269 23       		.byte	0x23
 550 026a 00       		.uleb128 0
 551 026b 00       		.byte	0
 552 026c 04       		.uleb128 0x4
 553 026d F2000000 		.4byte	.LASF42
 554 0271 05       		.byte	0x5
 555 0272 70       		.byte	0x70
 556 0273 55020000 		.4byte	0x255
 557 0277 04       		.uleb128 0x4
 558 0278 A1000000 		.4byte	.LASF43
 559 027c 07       		.byte	0x7
 560 027d A7       		.byte	0xa7
 561 027e 82020000 		.4byte	0x282
 562 0282 0A       		.uleb128 0xa
 563 0283 04       		.byte	0x4
 564 0284 05       		.uleb128 0x5
 565 0285 99020000 		.4byte	.LASF44
 566 0289 24       		.byte	0x24
 567 028a 07       		.byte	0x7
ARM GAS  C:\Users\3130\AppData\Local\Temp\cc1rLQl5.s 			page 11


 568 028b BA       		.byte	0xba
 569 028c 08030000 		.4byte	0x308
 570 0290 07       		.uleb128 0x7
 571 0291 723800   		.ascii	"r8\000"
 572 0294 07       		.byte	0x7
 573 0295 BB       		.byte	0xbb
 574 0296 77020000 		.4byte	0x277
 575 029a 02       		.byte	0x2
 576 029b 23       		.byte	0x23
 577 029c 00       		.uleb128 0
 578 029d 07       		.uleb128 0x7
 579 029e 723900   		.ascii	"r9\000"
 580 02a1 07       		.byte	0x7
 581 02a2 BC       		.byte	0xbc
 582 02a3 77020000 		.4byte	0x277
 583 02a7 02       		.byte	0x2
 584 02a8 23       		.byte	0x23
 585 02a9 04       		.uleb128 0x4
 586 02aa 07       		.uleb128 0x7
 587 02ab 72313000 		.ascii	"r10\000"
 588 02af 07       		.byte	0x7
 589 02b0 BD       		.byte	0xbd
 590 02b1 77020000 		.4byte	0x277
 591 02b5 02       		.byte	0x2
 592 02b6 23       		.byte	0x23
 593 02b7 08       		.uleb128 0x8
 594 02b8 07       		.uleb128 0x7
 595 02b9 72313100 		.ascii	"r11\000"
 596 02bd 07       		.byte	0x7
 597 02be BE       		.byte	0xbe
 598 02bf 77020000 		.4byte	0x277
 599 02c3 02       		.byte	0x2
 600 02c4 23       		.byte	0x23
 601 02c5 0C       		.uleb128 0xc
 602 02c6 07       		.uleb128 0x7
 603 02c7 723400   		.ascii	"r4\000"
 604 02ca 07       		.byte	0x7
 605 02cb BF       		.byte	0xbf
 606 02cc 77020000 		.4byte	0x277
 607 02d0 02       		.byte	0x2
 608 02d1 23       		.byte	0x23
 609 02d2 10       		.uleb128 0x10
 610 02d3 07       		.uleb128 0x7
 611 02d4 723500   		.ascii	"r5\000"
 612 02d7 07       		.byte	0x7
 613 02d8 C0       		.byte	0xc0
 614 02d9 77020000 		.4byte	0x277
 615 02dd 02       		.byte	0x2
 616 02de 23       		.byte	0x23
 617 02df 14       		.uleb128 0x14
 618 02e0 07       		.uleb128 0x7
 619 02e1 723600   		.ascii	"r6\000"
 620 02e4 07       		.byte	0x7
 621 02e5 C1       		.byte	0xc1
 622 02e6 77020000 		.4byte	0x277
 623 02ea 02       		.byte	0x2
 624 02eb 23       		.byte	0x23
ARM GAS  C:\Users\3130\AppData\Local\Temp\cc1rLQl5.s 			page 12


 625 02ec 18       		.uleb128 0x18
 626 02ed 07       		.uleb128 0x7
 627 02ee 723700   		.ascii	"r7\000"
 628 02f1 07       		.byte	0x7
 629 02f2 C2       		.byte	0xc2
 630 02f3 77020000 		.4byte	0x277
 631 02f7 02       		.byte	0x2
 632 02f8 23       		.byte	0x23
 633 02f9 1C       		.uleb128 0x1c
 634 02fa 07       		.uleb128 0x7
 635 02fb 6C7200   		.ascii	"lr\000"
 636 02fe 07       		.byte	0x7
 637 02ff C3       		.byte	0xc3
 638 0300 77020000 		.4byte	0x277
 639 0304 02       		.byte	0x2
 640 0305 23       		.byte	0x23
 641 0306 20       		.uleb128 0x20
 642 0307 00       		.byte	0
 643 0308 05       		.uleb128 0x5
 644 0309 C9000000 		.4byte	.LASF45
 645 030d 04       		.byte	0x4
 646 030e 07       		.byte	0x7
 647 030f CD       		.byte	0xcd
 648 0310 23030000 		.4byte	0x323
 649 0314 07       		.uleb128 0x7
 650 0315 72313300 		.ascii	"r13\000"
 651 0319 07       		.byte	0x7
 652 031a CE       		.byte	0xce
 653 031b 23030000 		.4byte	0x323
 654 031f 02       		.byte	0x2
 655 0320 23       		.byte	0x23
 656 0321 00       		.uleb128 0
 657 0322 00       		.byte	0
 658 0323 09       		.uleb128 0x9
 659 0324 04       		.byte	0x4
 660 0325 84020000 		.4byte	0x284
 661 0329 03       		.uleb128 0x3
 662 032a 04       		.byte	0x4
 663 032b 07       		.byte	0x7
 664 032c 10010000 		.4byte	.LASF46
 665 0330 0B       		.uleb128 0xb
 666 0331 E4000000 		.4byte	0xe4
 667 0335 08       		.uleb128 0x8
 668 0336 1C       		.byte	0x1c
 669 0337 08       		.byte	0x8
 670 0338 5E       		.byte	0x5e
 671 0339 92030000 		.4byte	0x392
 672 033d 06       		.uleb128 0x6
 673 033e 1C020000 		.4byte	.LASF47
 674 0342 08       		.byte	0x8
 675 0343 5F       		.byte	0x5f
 676 0344 4A020000 		.4byte	0x24a
 677 0348 02       		.byte	0x2
 678 0349 23       		.byte	0x23
 679 034a 00       		.uleb128 0
 680 034b 06       		.uleb128 0x6
 681 034c C9010000 		.4byte	.LASF48
ARM GAS  C:\Users\3130\AppData\Local\Temp\cc1rLQl5.s 			page 13


 682 0350 08       		.byte	0x8
 683 0351 60       		.byte	0x60
 684 0352 C3000000 		.4byte	0xc3
 685 0356 02       		.byte	0x2
 686 0357 23       		.byte	0x23
 687 0358 08       		.uleb128 0x8
 688 0359 06       		.uleb128 0x6
 689 035a 21010000 		.4byte	.LASF49
 690 035e 08       		.byte	0x8
 691 035f 62       		.byte	0x62
 692 0360 08030000 		.4byte	0x308
 693 0364 02       		.byte	0x2
 694 0365 23       		.byte	0x23
 695 0366 0C       		.uleb128 0xc
 696 0367 06       		.uleb128 0x6
 697 0368 99000000 		.4byte	.LASF50
 698 036c 08       		.byte	0x8
 699 036d 65       		.byte	0x65
 700 036e 44020000 		.4byte	0x244
 701 0372 02       		.byte	0x2
 702 0373 23       		.byte	0x23
 703 0374 10       		.uleb128 0x10
 704 0375 06       		.uleb128 0x6
 705 0376 3E010000 		.4byte	.LASF51
 706 037a 08       		.byte	0x8
 707 037b 66       		.byte	0x66
 708 037c 44020000 		.4byte	0x244
 709 0380 02       		.byte	0x2
 710 0381 23       		.byte	0x23
 711 0382 14       		.uleb128 0x14
 712 0383 06       		.uleb128 0x6
 713 0384 34010000 		.4byte	.LASF52
 714 0388 08       		.byte	0x8
 715 0389 69       		.byte	0x69
 716 038a 44020000 		.4byte	0x244
 717 038e 02       		.byte	0x2
 718 038f 23       		.byte	0x23
 719 0390 18       		.uleb128 0x18
 720 0391 00       		.byte	0
 721 0392 04       		.uleb128 0x4
 722 0393 C9020000 		.4byte	.LASF53
 723 0397 08       		.byte	0x8
 724 0398 6B       		.byte	0x6b
 725 0399 35030000 		.4byte	0x335
 726 039d 05       		.uleb128 0x5
 727 039e 0A010000 		.4byte	.LASF54
 728 03a2 10       		.byte	0x10
 729 03a3 09       		.byte	0x9
 730 03a4 2C       		.byte	0x2c
 731 03a5 D4030000 		.4byte	0x3d4
 732 03a9 06       		.uleb128 0x6
 733 03aa 63000000 		.4byte	.LASF55
 734 03ae 09       		.byte	0x9
 735 03af 2D       		.byte	0x2d
 736 03b0 4A020000 		.4byte	0x24a
 737 03b4 02       		.byte	0x2
 738 03b5 23       		.byte	0x23
ARM GAS  C:\Users\3130\AppData\Local\Temp\cc1rLQl5.s 			page 14


 739 03b6 00       		.uleb128 0
 740 03b7 06       		.uleb128 0x6
 741 03b8 11030000 		.4byte	.LASF56
 742 03bc 09       		.byte	0x9
 743 03bd 2F       		.byte	0x2f
 744 03be 44020000 		.4byte	0x244
 745 03c2 02       		.byte	0x2
 746 03c3 23       		.byte	0x23
 747 03c4 08       		.uleb128 0x8
 748 03c5 06       		.uleb128 0x6
 749 03c6 41020000 		.4byte	.LASF57
 750 03ca 09       		.byte	0x9
 751 03cb 31       		.byte	0x31
 752 03cc D4030000 		.4byte	0x3d4
 753 03d0 02       		.byte	0x2
 754 03d1 23       		.byte	0x23
 755 03d2 0C       		.uleb128 0xc
 756 03d3 00       		.byte	0
 757 03d4 09       		.uleb128 0x9
 758 03d5 04       		.byte	0x4
 759 03d6 9D030000 		.4byte	0x39d
 760 03da 04       		.uleb128 0x4
 761 03db 0A010000 		.4byte	.LASF54
 762 03df 09       		.byte	0x9
 763 03e0 33       		.byte	0x33
 764 03e1 9D030000 		.4byte	0x39d
 765 03e5 0C       		.uleb128 0xc
 766 03e6 04       		.byte	0x4
 767 03e7 06       		.byte	0x6
 768 03e8 96       		.byte	0x96
 769 03e9 1A040000 		.4byte	0x41a
 770 03ed 0D       		.uleb128 0xd
 771 03ee 13000000 		.4byte	.LASF58
 772 03f2 06       		.byte	0x6
 773 03f3 9D       		.byte	0x9d
 774 03f4 CE000000 		.4byte	0xce
 775 03f8 0D       		.uleb128 0xd
 776 03f9 31000000 		.4byte	.LASF59
 777 03fd 06       		.byte	0x6
 778 03fe A4       		.byte	0xa4
 779 03ff CE000000 		.4byte	0xce
 780 0403 0D       		.uleb128 0xd
 781 0404 03030000 		.4byte	.LASF60
 782 0408 06       		.byte	0x6
 783 0409 AB       		.byte	0xab
 784 040a 82020000 		.4byte	0x282
 785 040e 0D       		.uleb128 0xd
 786 040f D0010000 		.4byte	.LASF61
 787 0413 06       		.byte	0x6
 788 0414 B2       		.byte	0xb2
 789 0415 D9000000 		.4byte	0xd9
 790 0419 00       		.byte	0
 791 041a 09       		.uleb128 0x9
 792 041b 04       		.byte	0x4
 793 041c 20040000 		.4byte	0x420
 794 0420 0E       		.uleb128 0xe
 795 0421 25040000 		.4byte	0x425
ARM GAS  C:\Users\3130\AppData\Local\Temp\cc1rLQl5.s 			page 15


 796 0425 03       		.uleb128 0x3
 797 0426 01       		.byte	0x1
 798 0427 08       		.byte	0x8
 799 0428 30020000 		.4byte	.LASF62
 800 042c 09       		.uleb128 0x9
 801 042d 04       		.byte	0x4
 802 042e DA030000 		.4byte	0x3da
 803 0432 0F       		.uleb128 0xf
 804 0433 06000000 		.4byte	.LASF68
 805 0437 02       		.byte	0x2
 806 0438 34       		.byte	0x34
 807 0439 01       		.byte	0x1
 808 043a 03       		.byte	0x3
 809 043b 55040000 		.4byte	0x455
 810 043f 10       		.uleb128 0x10
 811 0440 747000   		.ascii	"tp\000"
 812 0443 02       		.byte	0x2
 813 0444 34       		.byte	0x34
 814 0445 44020000 		.4byte	0x244
 815 0449 10       		.uleb128 0x10
 816 044a 74717000 		.ascii	"tqp\000"
 817 044e 02       		.byte	0x2
 818 044f 34       		.byte	0x34
 819 0450 55040000 		.4byte	0x455
 820 0454 00       		.byte	0
 821 0455 09       		.uleb128 0x9
 822 0456 04       		.byte	0x4
 823 0457 4A020000 		.4byte	0x24a
 824 045b 11       		.uleb128 0x11
 825 045c 35020000 		.4byte	.LASF69
 826 0460 02       		.byte	0x2
 827 0461 3B       		.byte	0x3b
 828 0462 01       		.byte	0x1
 829 0463 44020000 		.4byte	0x244
 830 0467 03       		.byte	0x3
 831 0468 82040000 		.4byte	0x482
 832 046c 10       		.uleb128 0x10
 833 046d 74717000 		.ascii	"tqp\000"
 834 0471 02       		.byte	0x2
 835 0472 3B       		.byte	0x3b
 836 0473 55040000 		.4byte	0x455
 837 0477 12       		.uleb128 0x12
 838 0478 747000   		.ascii	"tp\000"
 839 047b 02       		.byte	0x2
 840 047c 3C       		.byte	0x3c
 841 047d 44020000 		.4byte	0x244
 842 0481 00       		.byte	0
 843 0482 13       		.uleb128 0x13
 844 0483 01       		.byte	0x1
 845 0484 7E000000 		.4byte	.LASF63
 846 0488 01       		.byte	0x1
 847 0489 4B       		.byte	0x4b
 848 048a 01       		.byte	0x1
 849 048b CE000000 		.4byte	0xce
 850 048f 00000000 		.4byte	.LFB7
 851 0493 38000000 		.4byte	.LFE7
 852 0497 00000000 		.4byte	.LLST0
ARM GAS  C:\Users\3130\AppData\Local\Temp\cc1rLQl5.s 			page 16


 853 049b 01       		.byte	0x1
 854 049c 0F050000 		.4byte	0x50f
 855 04a0 14       		.uleb128 0x14
 856 04a1 747000   		.ascii	"tp\000"
 857 04a4 01       		.byte	0x1
 858 04a5 4B       		.byte	0x4b
 859 04a6 44020000 		.4byte	0x244
 860 04aa 20000000 		.4byte	.LLST1
 861 04ae 14       		.uleb128 0x14
 862 04af 6D736700 		.ascii	"msg\000"
 863 04b3 01       		.byte	0x1
 864 04b4 4B       		.byte	0x4b
 865 04b5 CE000000 		.4byte	0xce
 866 04b9 5A000000 		.4byte	.LLST2
 867 04bd 15       		.uleb128 0x15
 868 04be 63747000 		.ascii	"ctp\000"
 869 04c2 01       		.byte	0x1
 870 04c3 4C       		.byte	0x4c
 871 04c4 44020000 		.4byte	0x244
 872 04c8 AC000000 		.4byte	.LLST3
 873 04cc 16       		.uleb128 0x16
 874 04cd 32040000 		.4byte	0x432
 875 04d1 10000000 		.4byte	.LBB6
 876 04d5 1A000000 		.4byte	.LBE6
 877 04d9 01       		.byte	0x1
 878 04da 53       		.byte	0x53
 879 04db F2040000 		.4byte	0x4f2
 880 04df 17       		.uleb128 0x17
 881 04e0 49040000 		.4byte	0x449
 882 04e4 CA000000 		.4byte	.LLST4
 883 04e8 17       		.uleb128 0x17
 884 04e9 3F040000 		.4byte	0x43f
 885 04ed 08010000 		.4byte	.LLST5
 886 04f1 00       		.byte	0
 887 04f2 18       		.uleb128 0x18
 888 04f3 26000000 		.4byte	.LVL5
 889 04f7 D0050000 		.4byte	0x5d0
 890 04fb 05050000 		.4byte	0x505
 891 04ff 19       		.uleb128 0x19
 892 0500 01       		.byte	0x1
 893 0501 50       		.byte	0x50
 894 0502 01       		.byte	0x1
 895 0503 3A       		.byte	0x3a
 896 0504 00       		.byte	0
 897 0505 1A       		.uleb128 0x1a
 898 0506 30000000 		.4byte	.LVL9
 899 050a E4050000 		.4byte	0x5e4
 900 050e 00       		.byte	0
 901 050f 13       		.uleb128 0x13
 902 0510 01       		.byte	0x1
 903 0511 B8020000 		.4byte	.LASF64
 904 0515 01       		.byte	0x1
 905 0516 6A       		.byte	0x6a
 906 0517 01       		.byte	0x1
 907 0518 44020000 		.4byte	0x244
 908 051c 00000000 		.4byte	.LFB8
 909 0520 34000000 		.4byte	.LFE8
ARM GAS  C:\Users\3130\AppData\Local\Temp\cc1rLQl5.s 			page 17


 910 0524 26010000 		.4byte	.LLST6
 911 0528 01       		.byte	0x1
 912 0529 73050000 		.4byte	0x573
 913 052d 12       		.uleb128 0x12
 914 052e 747000   		.ascii	"tp\000"
 915 0531 01       		.byte	0x1
 916 0532 6B       		.byte	0x6b
 917 0533 44020000 		.4byte	0x244
 918 0537 1B       		.uleb128 0x1b
 919 0538 5B040000 		.4byte	0x45b
 920 053c 12000000 		.4byte	.LBB8
 921 0540 00000000 		.4byte	.Ldebug_ranges0+0
 922 0544 01       		.byte	0x1
 923 0545 70       		.byte	0x70
 924 0546 63050000 		.4byte	0x563
 925 054a 17       		.uleb128 0x17
 926 054b 6C040000 		.4byte	0x46c
 927 054f 46010000 		.4byte	.LLST7
 928 0553 1C       		.uleb128 0x1c
 929 0554 18000000 		.4byte	.Ldebug_ranges0+0x18
 930 0558 1D       		.uleb128 0x1d
 931 0559 77040000 		.4byte	0x477
 932 055d 5B010000 		.4byte	.LLST8
 933 0561 00       		.byte	0
 934 0562 00       		.byte	0
 935 0563 1E       		.uleb128 0x1e
 936 0564 26000000 		.4byte	.LVL12
 937 0568 D0050000 		.4byte	0x5d0
 938 056c 19       		.uleb128 0x19
 939 056d 01       		.byte	0x1
 940 056e 50       		.byte	0x50
 941 056f 01       		.byte	0x1
 942 0570 3C       		.byte	0x3c
 943 0571 00       		.byte	0
 944 0572 00       		.byte	0
 945 0573 1F       		.uleb128 0x1f
 946 0574 01       		.byte	0x1
 947 0575 ED010000 		.4byte	.LASF70
 948 0579 01       		.byte	0x1
 949 057a 80       		.byte	0x80
 950 057b 01       		.byte	0x1
 951 057c 00000000 		.4byte	.LFB9
 952 0580 0C000000 		.4byte	.LFE9
 953 0584 6E010000 		.4byte	.LLST9
 954 0588 01       		.byte	0x1
 955 0589 C3050000 		.4byte	0x5c3
 956 058d 14       		.uleb128 0x14
 957 058e 747000   		.ascii	"tp\000"
 958 0591 01       		.byte	0x1
 959 0592 80       		.byte	0x80
 960 0593 44020000 		.4byte	0x244
 961 0597 8E010000 		.4byte	.LLST10
 962 059b 14       		.uleb128 0x14
 963 059c 6D736700 		.ascii	"msg\000"
 964 05a0 01       		.byte	0x1
 965 05a1 80       		.byte	0x80
 966 05a2 CE000000 		.4byte	0xce
ARM GAS  C:\Users\3130\AppData\Local\Temp\cc1rLQl5.s 			page 18


 967 05a6 AF010000 		.4byte	.LLST11
 968 05aa 1E       		.uleb128 0x1e
 969 05ab 08000000 		.4byte	.LVL14
 970 05af FC050000 		.4byte	0x5fc
 971 05b3 19       		.uleb128 0x19
 972 05b4 01       		.byte	0x1
 973 05b5 51       		.byte	0x51
 974 05b6 03       		.byte	0x3
 975 05b7 F3       		.byte	0xf3
 976 05b8 01       		.uleb128 0x1
 977 05b9 51       		.byte	0x51
 978 05ba 19       		.uleb128 0x19
 979 05bb 01       		.byte	0x1
 980 05bc 50       		.byte	0x50
 981 05bd 03       		.byte	0x3
 982 05be F3       		.byte	0xf3
 983 05bf 01       		.uleb128 0x1
 984 05c0 50       		.byte	0x50
 985 05c1 00       		.byte	0
 986 05c2 00       		.byte	0
 987 05c3 20       		.uleb128 0x20
 988 05c4 D3020000 		.4byte	.LASF71
 989 05c8 08       		.byte	0x8
 990 05c9 6F       		.byte	0x6f
 991 05ca 92030000 		.4byte	0x392
 992 05ce 01       		.byte	0x1
 993 05cf 01       		.byte	0x1
 994 05d0 21       		.uleb128 0x21
 995 05d1 01       		.byte	0x1
 996 05d2 FA010000 		.4byte	.LASF72
 997 05d6 08       		.byte	0x8
 998 05d7 93       		.byte	0x93
 999 05d8 01       		.byte	0x1
 1000 05d9 01       		.byte	0x1
 1001 05da E4050000 		.4byte	0x5e4
 1002 05de 22       		.uleb128 0x22
 1003 05df A2000000 		.4byte	0xa2
 1004 05e3 00       		.byte	0
 1005 05e4 23       		.uleb128 0x23
 1006 05e5 01       		.byte	0x1
 1007 05e6 24020000 		.4byte	.LASF73
 1008 05ea 08       		.byte	0x8
 1009 05eb 90       		.byte	0x90
 1010 05ec 01       		.byte	0x1
 1011 05ed 44020000 		.4byte	0x244
 1012 05f1 01       		.byte	0x1
 1013 05f2 FC050000 		.4byte	0x5fc
 1014 05f6 22       		.uleb128 0x22
 1015 05f7 44020000 		.4byte	0x244
 1016 05fb 00       		.byte	0
 1017 05fc 24       		.uleb128 0x24
 1018 05fd 01       		.byte	0x1
 1019 05fe AB020000 		.4byte	.LASF74
 1020 0602 08       		.byte	0x8
 1021 0603 99       		.byte	0x99
 1022 0604 01       		.byte	0x1
 1023 0605 01       		.byte	0x1
ARM GAS  C:\Users\3130\AppData\Local\Temp\cc1rLQl5.s 			page 19


 1024 0606 22       		.uleb128 0x22
 1025 0607 44020000 		.4byte	0x244
 1026 060b 22       		.uleb128 0x22
 1027 060c CE000000 		.4byte	0xce
 1028 0610 00       		.byte	0
 1029 0611 00       		.byte	0
 1030              		.section	.debug_abbrev,"",%progbits
 1031              	.Ldebug_abbrev0:
 1032 0000 01       		.uleb128 0x1
 1033 0001 11       		.uleb128 0x11
 1034 0002 01       		.byte	0x1
 1035 0003 25       		.uleb128 0x25
 1036 0004 0E       		.uleb128 0xe
 1037 0005 13       		.uleb128 0x13
 1038 0006 0B       		.uleb128 0xb
 1039 0007 03       		.uleb128 0x3
 1040 0008 0E       		.uleb128 0xe
 1041 0009 1B       		.uleb128 0x1b
 1042 000a 0E       		.uleb128 0xe
 1043 000b 55       		.uleb128 0x55
 1044 000c 06       		.uleb128 0x6
 1045 000d 11       		.uleb128 0x11
 1046 000e 01       		.uleb128 0x1
 1047 000f 52       		.uleb128 0x52
 1048 0010 01       		.uleb128 0x1
 1049 0011 10       		.uleb128 0x10
 1050 0012 06       		.uleb128 0x6
 1051 0013 00       		.byte	0
 1052 0014 00       		.byte	0
 1053 0015 02       		.uleb128 0x2
 1054 0016 24       		.uleb128 0x24
 1055 0017 00       		.byte	0
 1056 0018 0B       		.uleb128 0xb
 1057 0019 0B       		.uleb128 0xb
 1058 001a 3E       		.uleb128 0x3e
 1059 001b 0B       		.uleb128 0xb
 1060 001c 03       		.uleb128 0x3
 1061 001d 08       		.uleb128 0x8
 1062 001e 00       		.byte	0
 1063 001f 00       		.byte	0
 1064 0020 03       		.uleb128 0x3
 1065 0021 24       		.uleb128 0x24
 1066 0022 00       		.byte	0
 1067 0023 0B       		.uleb128 0xb
 1068 0024 0B       		.uleb128 0xb
 1069 0025 3E       		.uleb128 0x3e
 1070 0026 0B       		.uleb128 0xb
 1071 0027 03       		.uleb128 0x3
 1072 0028 0E       		.uleb128 0xe
 1073 0029 00       		.byte	0
 1074 002a 00       		.byte	0
 1075 002b 04       		.uleb128 0x4
 1076 002c 16       		.uleb128 0x16
 1077 002d 00       		.byte	0
 1078 002e 03       		.uleb128 0x3
 1079 002f 0E       		.uleb128 0xe
 1080 0030 3A       		.uleb128 0x3a
ARM GAS  C:\Users\3130\AppData\Local\Temp\cc1rLQl5.s 			page 20


 1081 0031 0B       		.uleb128 0xb
 1082 0032 3B       		.uleb128 0x3b
 1083 0033 0B       		.uleb128 0xb
 1084 0034 49       		.uleb128 0x49
 1085 0035 13       		.uleb128 0x13
 1086 0036 00       		.byte	0
 1087 0037 00       		.byte	0
 1088 0038 05       		.uleb128 0x5
 1089 0039 13       		.uleb128 0x13
 1090 003a 01       		.byte	0x1
 1091 003b 03       		.uleb128 0x3
 1092 003c 0E       		.uleb128 0xe
 1093 003d 0B       		.uleb128 0xb
 1094 003e 0B       		.uleb128 0xb
 1095 003f 3A       		.uleb128 0x3a
 1096 0040 0B       		.uleb128 0xb
 1097 0041 3B       		.uleb128 0x3b
 1098 0042 0B       		.uleb128 0xb
 1099 0043 01       		.uleb128 0x1
 1100 0044 13       		.uleb128 0x13
 1101 0045 00       		.byte	0
 1102 0046 00       		.byte	0
 1103 0047 06       		.uleb128 0x6
 1104 0048 0D       		.uleb128 0xd
 1105 0049 00       		.byte	0
 1106 004a 03       		.uleb128 0x3
 1107 004b 0E       		.uleb128 0xe
 1108 004c 3A       		.uleb128 0x3a
 1109 004d 0B       		.uleb128 0xb
 1110 004e 3B       		.uleb128 0x3b
 1111 004f 0B       		.uleb128 0xb
 1112 0050 49       		.uleb128 0x49
 1113 0051 13       		.uleb128 0x13
 1114 0052 38       		.uleb128 0x38
 1115 0053 0A       		.uleb128 0xa
 1116 0054 00       		.byte	0
 1117 0055 00       		.byte	0
 1118 0056 07       		.uleb128 0x7
 1119 0057 0D       		.uleb128 0xd
 1120 0058 00       		.byte	0
 1121 0059 03       		.uleb128 0x3
 1122 005a 08       		.uleb128 0x8
 1123 005b 3A       		.uleb128 0x3a
 1124 005c 0B       		.uleb128 0xb
 1125 005d 3B       		.uleb128 0x3b
 1126 005e 0B       		.uleb128 0xb
 1127 005f 49       		.uleb128 0x49
 1128 0060 13       		.uleb128 0x13
 1129 0061 38       		.uleb128 0x38
 1130 0062 0A       		.uleb128 0xa
 1131 0063 00       		.byte	0
 1132 0064 00       		.byte	0
 1133 0065 08       		.uleb128 0x8
 1134 0066 13       		.uleb128 0x13
 1135 0067 01       		.byte	0x1
 1136 0068 0B       		.uleb128 0xb
 1137 0069 0B       		.uleb128 0xb
ARM GAS  C:\Users\3130\AppData\Local\Temp\cc1rLQl5.s 			page 21


 1138 006a 3A       		.uleb128 0x3a
 1139 006b 0B       		.uleb128 0xb
 1140 006c 3B       		.uleb128 0x3b
 1141 006d 0B       		.uleb128 0xb
 1142 006e 01       		.uleb128 0x1
 1143 006f 13       		.uleb128 0x13
 1144 0070 00       		.byte	0
 1145 0071 00       		.byte	0
 1146 0072 09       		.uleb128 0x9
 1147 0073 0F       		.uleb128 0xf
 1148 0074 00       		.byte	0
 1149 0075 0B       		.uleb128 0xb
 1150 0076 0B       		.uleb128 0xb
 1151 0077 49       		.uleb128 0x49
 1152 0078 13       		.uleb128 0x13
 1153 0079 00       		.byte	0
 1154 007a 00       		.byte	0
 1155 007b 0A       		.uleb128 0xa
 1156 007c 0F       		.uleb128 0xf
 1157 007d 00       		.byte	0
 1158 007e 0B       		.uleb128 0xb
 1159 007f 0B       		.uleb128 0xb
 1160 0080 00       		.byte	0
 1161 0081 00       		.byte	0
 1162 0082 0B       		.uleb128 0xb
 1163 0083 35       		.uleb128 0x35
 1164 0084 00       		.byte	0
 1165 0085 49       		.uleb128 0x49
 1166 0086 13       		.uleb128 0x13
 1167 0087 00       		.byte	0
 1168 0088 00       		.byte	0
 1169 0089 0C       		.uleb128 0xc
 1170 008a 17       		.uleb128 0x17
 1171 008b 01       		.byte	0x1
 1172 008c 0B       		.uleb128 0xb
 1173 008d 0B       		.uleb128 0xb
 1174 008e 3A       		.uleb128 0x3a
 1175 008f 0B       		.uleb128 0xb
 1176 0090 3B       		.uleb128 0x3b
 1177 0091 0B       		.uleb128 0xb
 1178 0092 01       		.uleb128 0x1
 1179 0093 13       		.uleb128 0x13
 1180 0094 00       		.byte	0
 1181 0095 00       		.byte	0
 1182 0096 0D       		.uleb128 0xd
 1183 0097 0D       		.uleb128 0xd
 1184 0098 00       		.byte	0
 1185 0099 03       		.uleb128 0x3
 1186 009a 0E       		.uleb128 0xe
 1187 009b 3A       		.uleb128 0x3a
 1188 009c 0B       		.uleb128 0xb
 1189 009d 3B       		.uleb128 0x3b
 1190 009e 0B       		.uleb128 0xb
 1191 009f 49       		.uleb128 0x49
 1192 00a0 13       		.uleb128 0x13
 1193 00a1 00       		.byte	0
 1194 00a2 00       		.byte	0
ARM GAS  C:\Users\3130\AppData\Local\Temp\cc1rLQl5.s 			page 22


 1195 00a3 0E       		.uleb128 0xe
 1196 00a4 26       		.uleb128 0x26
 1197 00a5 00       		.byte	0
 1198 00a6 49       		.uleb128 0x49
 1199 00a7 13       		.uleb128 0x13
 1200 00a8 00       		.byte	0
 1201 00a9 00       		.byte	0
 1202 00aa 0F       		.uleb128 0xf
 1203 00ab 2E       		.uleb128 0x2e
 1204 00ac 01       		.byte	0x1
 1205 00ad 03       		.uleb128 0x3
 1206 00ae 0E       		.uleb128 0xe
 1207 00af 3A       		.uleb128 0x3a
 1208 00b0 0B       		.uleb128 0xb
 1209 00b1 3B       		.uleb128 0x3b
 1210 00b2 0B       		.uleb128 0xb
 1211 00b3 27       		.uleb128 0x27
 1212 00b4 0C       		.uleb128 0xc
 1213 00b5 20       		.uleb128 0x20
 1214 00b6 0B       		.uleb128 0xb
 1215 00b7 01       		.uleb128 0x1
 1216 00b8 13       		.uleb128 0x13
 1217 00b9 00       		.byte	0
 1218 00ba 00       		.byte	0
 1219 00bb 10       		.uleb128 0x10
 1220 00bc 05       		.uleb128 0x5
 1221 00bd 00       		.byte	0
 1222 00be 03       		.uleb128 0x3
 1223 00bf 08       		.uleb128 0x8
 1224 00c0 3A       		.uleb128 0x3a
 1225 00c1 0B       		.uleb128 0xb
 1226 00c2 3B       		.uleb128 0x3b
 1227 00c3 0B       		.uleb128 0xb
 1228 00c4 49       		.uleb128 0x49
 1229 00c5 13       		.uleb128 0x13
 1230 00c6 00       		.byte	0
 1231 00c7 00       		.byte	0
 1232 00c8 11       		.uleb128 0x11
 1233 00c9 2E       		.uleb128 0x2e
 1234 00ca 01       		.byte	0x1
 1235 00cb 03       		.uleb128 0x3
 1236 00cc 0E       		.uleb128 0xe
 1237 00cd 3A       		.uleb128 0x3a
 1238 00ce 0B       		.uleb128 0xb
 1239 00cf 3B       		.uleb128 0x3b
 1240 00d0 0B       		.uleb128 0xb
 1241 00d1 27       		.uleb128 0x27
 1242 00d2 0C       		.uleb128 0xc
 1243 00d3 49       		.uleb128 0x49
 1244 00d4 13       		.uleb128 0x13
 1245 00d5 20       		.uleb128 0x20
 1246 00d6 0B       		.uleb128 0xb
 1247 00d7 01       		.uleb128 0x1
 1248 00d8 13       		.uleb128 0x13
 1249 00d9 00       		.byte	0
 1250 00da 00       		.byte	0
 1251 00db 12       		.uleb128 0x12
ARM GAS  C:\Users\3130\AppData\Local\Temp\cc1rLQl5.s 			page 23


 1252 00dc 34       		.uleb128 0x34
 1253 00dd 00       		.byte	0
 1254 00de 03       		.uleb128 0x3
 1255 00df 08       		.uleb128 0x8
 1256 00e0 3A       		.uleb128 0x3a
 1257 00e1 0B       		.uleb128 0xb
 1258 00e2 3B       		.uleb128 0x3b
 1259 00e3 0B       		.uleb128 0xb
 1260 00e4 49       		.uleb128 0x49
 1261 00e5 13       		.uleb128 0x13
 1262 00e6 00       		.byte	0
 1263 00e7 00       		.byte	0
 1264 00e8 13       		.uleb128 0x13
 1265 00e9 2E       		.uleb128 0x2e
 1266 00ea 01       		.byte	0x1
 1267 00eb 3F       		.uleb128 0x3f
 1268 00ec 0C       		.uleb128 0xc
 1269 00ed 03       		.uleb128 0x3
 1270 00ee 0E       		.uleb128 0xe
 1271 00ef 3A       		.uleb128 0x3a
 1272 00f0 0B       		.uleb128 0xb
 1273 00f1 3B       		.uleb128 0x3b
 1274 00f2 0B       		.uleb128 0xb
 1275 00f3 27       		.uleb128 0x27
 1276 00f4 0C       		.uleb128 0xc
 1277 00f5 49       		.uleb128 0x49
 1278 00f6 13       		.uleb128 0x13
 1279 00f7 11       		.uleb128 0x11
 1280 00f8 01       		.uleb128 0x1
 1281 00f9 12       		.uleb128 0x12
 1282 00fa 01       		.uleb128 0x1
 1283 00fb 40       		.uleb128 0x40
 1284 00fc 06       		.uleb128 0x6
 1285 00fd 9742     		.uleb128 0x2117
 1286 00ff 0C       		.uleb128 0xc
 1287 0100 01       		.uleb128 0x1
 1288 0101 13       		.uleb128 0x13
 1289 0102 00       		.byte	0
 1290 0103 00       		.byte	0
 1291 0104 14       		.uleb128 0x14
 1292 0105 05       		.uleb128 0x5
 1293 0106 00       		.byte	0
 1294 0107 03       		.uleb128 0x3
 1295 0108 08       		.uleb128 0x8
 1296 0109 3A       		.uleb128 0x3a
 1297 010a 0B       		.uleb128 0xb
 1298 010b 3B       		.uleb128 0x3b
 1299 010c 0B       		.uleb128 0xb
 1300 010d 49       		.uleb128 0x49
 1301 010e 13       		.uleb128 0x13
 1302 010f 02       		.uleb128 0x2
 1303 0110 06       		.uleb128 0x6
 1304 0111 00       		.byte	0
 1305 0112 00       		.byte	0
 1306 0113 15       		.uleb128 0x15
 1307 0114 34       		.uleb128 0x34
 1308 0115 00       		.byte	0
ARM GAS  C:\Users\3130\AppData\Local\Temp\cc1rLQl5.s 			page 24


 1309 0116 03       		.uleb128 0x3
 1310 0117 08       		.uleb128 0x8
 1311 0118 3A       		.uleb128 0x3a
 1312 0119 0B       		.uleb128 0xb
 1313 011a 3B       		.uleb128 0x3b
 1314 011b 0B       		.uleb128 0xb
 1315 011c 49       		.uleb128 0x49
 1316 011d 13       		.uleb128 0x13
 1317 011e 02       		.uleb128 0x2
 1318 011f 06       		.uleb128 0x6
 1319 0120 00       		.byte	0
 1320 0121 00       		.byte	0
 1321 0122 16       		.uleb128 0x16
 1322 0123 1D       		.uleb128 0x1d
 1323 0124 01       		.byte	0x1
 1324 0125 31       		.uleb128 0x31
 1325 0126 13       		.uleb128 0x13
 1326 0127 11       		.uleb128 0x11
 1327 0128 01       		.uleb128 0x1
 1328 0129 12       		.uleb128 0x12
 1329 012a 01       		.uleb128 0x1
 1330 012b 58       		.uleb128 0x58
 1331 012c 0B       		.uleb128 0xb
 1332 012d 59       		.uleb128 0x59
 1333 012e 0B       		.uleb128 0xb
 1334 012f 01       		.uleb128 0x1
 1335 0130 13       		.uleb128 0x13
 1336 0131 00       		.byte	0
 1337 0132 00       		.byte	0
 1338 0133 17       		.uleb128 0x17
 1339 0134 05       		.uleb128 0x5
 1340 0135 00       		.byte	0
 1341 0136 31       		.uleb128 0x31
 1342 0137 13       		.uleb128 0x13
 1343 0138 02       		.uleb128 0x2
 1344 0139 06       		.uleb128 0x6
 1345 013a 00       		.byte	0
 1346 013b 00       		.byte	0
 1347 013c 18       		.uleb128 0x18
 1348 013d 898201   		.uleb128 0x4109
 1349 0140 01       		.byte	0x1
 1350 0141 11       		.uleb128 0x11
 1351 0142 01       		.uleb128 0x1
 1352 0143 31       		.uleb128 0x31
 1353 0144 13       		.uleb128 0x13
 1354 0145 01       		.uleb128 0x1
 1355 0146 13       		.uleb128 0x13
 1356 0147 00       		.byte	0
 1357 0148 00       		.byte	0
 1358 0149 19       		.uleb128 0x19
 1359 014a 8A8201   		.uleb128 0x410a
 1360 014d 00       		.byte	0
 1361 014e 02       		.uleb128 0x2
 1362 014f 0A       		.uleb128 0xa
 1363 0150 9142     		.uleb128 0x2111
 1364 0152 0A       		.uleb128 0xa
 1365 0153 00       		.byte	0
ARM GAS  C:\Users\3130\AppData\Local\Temp\cc1rLQl5.s 			page 25


 1366 0154 00       		.byte	0
 1367 0155 1A       		.uleb128 0x1a
 1368 0156 898201   		.uleb128 0x4109
 1369 0159 00       		.byte	0
 1370 015a 11       		.uleb128 0x11
 1371 015b 01       		.uleb128 0x1
 1372 015c 31       		.uleb128 0x31
 1373 015d 13       		.uleb128 0x13
 1374 015e 00       		.byte	0
 1375 015f 00       		.byte	0
 1376 0160 1B       		.uleb128 0x1b
 1377 0161 1D       		.uleb128 0x1d
 1378 0162 01       		.byte	0x1
 1379 0163 31       		.uleb128 0x31
 1380 0164 13       		.uleb128 0x13
 1381 0165 52       		.uleb128 0x52
 1382 0166 01       		.uleb128 0x1
 1383 0167 55       		.uleb128 0x55
 1384 0168 06       		.uleb128 0x6
 1385 0169 58       		.uleb128 0x58
 1386 016a 0B       		.uleb128 0xb
 1387 016b 59       		.uleb128 0x59
 1388 016c 0B       		.uleb128 0xb
 1389 016d 01       		.uleb128 0x1
 1390 016e 13       		.uleb128 0x13
 1391 016f 00       		.byte	0
 1392 0170 00       		.byte	0
 1393 0171 1C       		.uleb128 0x1c
 1394 0172 0B       		.uleb128 0xb
 1395 0173 01       		.byte	0x1
 1396 0174 55       		.uleb128 0x55
 1397 0175 06       		.uleb128 0x6
 1398 0176 00       		.byte	0
 1399 0177 00       		.byte	0
 1400 0178 1D       		.uleb128 0x1d
 1401 0179 34       		.uleb128 0x34
 1402 017a 00       		.byte	0
 1403 017b 31       		.uleb128 0x31
 1404 017c 13       		.uleb128 0x13
 1405 017d 02       		.uleb128 0x2
 1406 017e 06       		.uleb128 0x6
 1407 017f 00       		.byte	0
 1408 0180 00       		.byte	0
 1409 0181 1E       		.uleb128 0x1e
 1410 0182 898201   		.uleb128 0x4109
 1411 0185 01       		.byte	0x1
 1412 0186 11       		.uleb128 0x11
 1413 0187 01       		.uleb128 0x1
 1414 0188 31       		.uleb128 0x31
 1415 0189 13       		.uleb128 0x13
 1416 018a 00       		.byte	0
 1417 018b 00       		.byte	0
 1418 018c 1F       		.uleb128 0x1f
 1419 018d 2E       		.uleb128 0x2e
 1420 018e 01       		.byte	0x1
 1421 018f 3F       		.uleb128 0x3f
 1422 0190 0C       		.uleb128 0xc
ARM GAS  C:\Users\3130\AppData\Local\Temp\cc1rLQl5.s 			page 26


 1423 0191 03       		.uleb128 0x3
 1424 0192 0E       		.uleb128 0xe
 1425 0193 3A       		.uleb128 0x3a
 1426 0194 0B       		.uleb128 0xb
 1427 0195 3B       		.uleb128 0x3b
 1428 0196 0B       		.uleb128 0xb
 1429 0197 27       		.uleb128 0x27
 1430 0198 0C       		.uleb128 0xc
 1431 0199 11       		.uleb128 0x11
 1432 019a 01       		.uleb128 0x1
 1433 019b 12       		.uleb128 0x12
 1434 019c 01       		.uleb128 0x1
 1435 019d 40       		.uleb128 0x40
 1436 019e 06       		.uleb128 0x6
 1437 019f 9742     		.uleb128 0x2117
 1438 01a1 0C       		.uleb128 0xc
 1439 01a2 01       		.uleb128 0x1
 1440 01a3 13       		.uleb128 0x13
 1441 01a4 00       		.byte	0
 1442 01a5 00       		.byte	0
 1443 01a6 20       		.uleb128 0x20
 1444 01a7 34       		.uleb128 0x34
 1445 01a8 00       		.byte	0
 1446 01a9 03       		.uleb128 0x3
 1447 01aa 0E       		.uleb128 0xe
 1448 01ab 3A       		.uleb128 0x3a
 1449 01ac 0B       		.uleb128 0xb
 1450 01ad 3B       		.uleb128 0x3b
 1451 01ae 0B       		.uleb128 0xb
 1452 01af 49       		.uleb128 0x49
 1453 01b0 13       		.uleb128 0x13
 1454 01b1 3F       		.uleb128 0x3f
 1455 01b2 0C       		.uleb128 0xc
 1456 01b3 3C       		.uleb128 0x3c
 1457 01b4 0C       		.uleb128 0xc
 1458 01b5 00       		.byte	0
 1459 01b6 00       		.byte	0
 1460 01b7 21       		.uleb128 0x21
 1461 01b8 2E       		.uleb128 0x2e
 1462 01b9 01       		.byte	0x1
 1463 01ba 3F       		.uleb128 0x3f
 1464 01bb 0C       		.uleb128 0xc
 1465 01bc 03       		.uleb128 0x3
 1466 01bd 0E       		.uleb128 0xe
 1467 01be 3A       		.uleb128 0x3a
 1468 01bf 0B       		.uleb128 0xb
 1469 01c0 3B       		.uleb128 0x3b
 1470 01c1 0B       		.uleb128 0xb
 1471 01c2 27       		.uleb128 0x27
 1472 01c3 0C       		.uleb128 0xc
 1473 01c4 3C       		.uleb128 0x3c
 1474 01c5 0C       		.uleb128 0xc
 1475 01c6 01       		.uleb128 0x1
 1476 01c7 13       		.uleb128 0x13
 1477 01c8 00       		.byte	0
 1478 01c9 00       		.byte	0
 1479 01ca 22       		.uleb128 0x22
ARM GAS  C:\Users\3130\AppData\Local\Temp\cc1rLQl5.s 			page 27


 1480 01cb 05       		.uleb128 0x5
 1481 01cc 00       		.byte	0
 1482 01cd 49       		.uleb128 0x49
 1483 01ce 13       		.uleb128 0x13
 1484 01cf 00       		.byte	0
 1485 01d0 00       		.byte	0
 1486 01d1 23       		.uleb128 0x23
 1487 01d2 2E       		.uleb128 0x2e
 1488 01d3 01       		.byte	0x1
 1489 01d4 3F       		.uleb128 0x3f
 1490 01d5 0C       		.uleb128 0xc
 1491 01d6 03       		.uleb128 0x3
 1492 01d7 0E       		.uleb128 0xe
 1493 01d8 3A       		.uleb128 0x3a
 1494 01d9 0B       		.uleb128 0xb
 1495 01da 3B       		.uleb128 0x3b
 1496 01db 0B       		.uleb128 0xb
 1497 01dc 27       		.uleb128 0x27
 1498 01dd 0C       		.uleb128 0xc
 1499 01de 49       		.uleb128 0x49
 1500 01df 13       		.uleb128 0x13
 1501 01e0 3C       		.uleb128 0x3c
 1502 01e1 0C       		.uleb128 0xc
 1503 01e2 01       		.uleb128 0x1
 1504 01e3 13       		.uleb128 0x13
 1505 01e4 00       		.byte	0
 1506 01e5 00       		.byte	0
 1507 01e6 24       		.uleb128 0x24
 1508 01e7 2E       		.uleb128 0x2e
 1509 01e8 01       		.byte	0x1
 1510 01e9 3F       		.uleb128 0x3f
 1511 01ea 0C       		.uleb128 0xc
 1512 01eb 03       		.uleb128 0x3
 1513 01ec 0E       		.uleb128 0xe
 1514 01ed 3A       		.uleb128 0x3a
 1515 01ee 0B       		.uleb128 0xb
 1516 01ef 3B       		.uleb128 0x3b
 1517 01f0 0B       		.uleb128 0xb
 1518 01f1 27       		.uleb128 0x27
 1519 01f2 0C       		.uleb128 0xc
 1520 01f3 3C       		.uleb128 0x3c
 1521 01f4 0C       		.uleb128 0xc
 1522 01f5 00       		.byte	0
 1523 01f6 00       		.byte	0
 1524 01f7 00       		.byte	0
 1525              		.section	.debug_loc,"",%progbits
 1526              	.Ldebug_loc0:
 1527              	.LLST0:
 1528 0000 00000000 		.4byte	.LFB7
 1529 0004 04000000 		.4byte	.LCFI0
 1530 0008 0200     		.2byte	0x2
 1531 000a 7D       		.byte	0x7d
 1532 000b 00       		.sleb128 0
 1533 000c 04000000 		.4byte	.LCFI0
 1534 0010 38000000 		.4byte	.LFE7
 1535 0014 0200     		.2byte	0x2
 1536 0016 7D       		.byte	0x7d
ARM GAS  C:\Users\3130\AppData\Local\Temp\cc1rLQl5.s 			page 28


 1537 0017 08       		.sleb128 8
 1538 0018 00000000 		.4byte	0
 1539 001c 00000000 		.4byte	0
 1540              	.LLST1:
 1541 0020 00000000 		.4byte	.LVL0
 1542 0024 20000000 		.4byte	.LVL4
 1543 0028 0100     		.2byte	0x1
 1544 002a 50       		.byte	0x50
 1545 002b 20000000 		.4byte	.LVL4
 1546 002f 2C000000 		.4byte	.LVL8
 1547 0033 0400     		.2byte	0x4
 1548 0035 F3       		.byte	0xf3
 1549 0036 01       		.uleb128 0x1
 1550 0037 50       		.byte	0x50
 1551 0038 9F       		.byte	0x9f
 1552 0039 2C000000 		.4byte	.LVL8
 1553 003d 2F000000 		.4byte	.LVL9-1
 1554 0041 0100     		.2byte	0x1
 1555 0043 50       		.byte	0x50
 1556 0044 2F000000 		.4byte	.LVL9-1
 1557 0048 38000000 		.4byte	.LFE7
 1558 004c 0400     		.2byte	0x4
 1559 004e F3       		.byte	0xf3
 1560 004f 01       		.uleb128 0x1
 1561 0050 50       		.byte	0x50
 1562 0051 9F       		.byte	0x9f
 1563 0052 00000000 		.4byte	0
 1564 0056 00000000 		.4byte	0
 1565              	.LLST2:
 1566 005a 00000000 		.4byte	.LVL0
 1567 005e 0C000000 		.4byte	.LVL2
 1568 0062 0100     		.2byte	0x1
 1569 0064 51       		.byte	0x51
 1570 0065 0C000000 		.4byte	.LVL2
 1571 0069 20000000 		.4byte	.LVL4
 1572 006d 0200     		.2byte	0x2
 1573 006f 74       		.byte	0x74
 1574 0070 34       		.sleb128 52
 1575 0071 20000000 		.4byte	.LVL4
 1576 0075 28000000 		.4byte	.LVL6
 1577 0079 0400     		.2byte	0x4
 1578 007b F3       		.byte	0xf3
 1579 007c 01       		.uleb128 0x1
 1580 007d 51       		.byte	0x51
 1581 007e 9F       		.byte	0x9f
 1582 007f 28000000 		.4byte	.LVL6
 1583 0083 2C000000 		.4byte	.LVL8
 1584 0087 0100     		.2byte	0x1
 1585 0089 50       		.byte	0x50
 1586 008a 2C000000 		.4byte	.LVL8
 1587 008e 2F000000 		.4byte	.LVL9-1
 1588 0092 0200     		.2byte	0x2
 1589 0094 74       		.byte	0x74
 1590 0095 34       		.sleb128 52
 1591 0096 2F000000 		.4byte	.LVL9-1
 1592 009a 38000000 		.4byte	.LFE7
 1593 009e 0400     		.2byte	0x4
ARM GAS  C:\Users\3130\AppData\Local\Temp\cc1rLQl5.s 			page 29


 1594 00a0 F3       		.byte	0xf3
 1595 00a1 01       		.uleb128 0x1
 1596 00a2 51       		.byte	0x51
 1597 00a3 9F       		.byte	0x9f
 1598 00a4 00000000 		.4byte	0
 1599 00a8 00000000 		.4byte	0
 1600              	.LLST3:
 1601 00ac 06000000 		.4byte	.LVL1
 1602 00b0 2A000000 		.4byte	.LVL7
 1603 00b4 0100     		.2byte	0x1
 1604 00b6 54       		.byte	0x54
 1605 00b7 2C000000 		.4byte	.LVL8
 1606 00bb 38000000 		.4byte	.LFE7
 1607 00bf 0100     		.2byte	0x1
 1608 00c1 54       		.byte	0x54
 1609 00c2 00000000 		.4byte	0
 1610 00c6 00000000 		.4byte	0
 1611              	.LLST4:
 1612 00ca 10000000 		.4byte	.LVL3
 1613 00ce 20000000 		.4byte	.LVL4
 1614 00d2 0100     		.2byte	0x1
 1615 00d4 51       		.byte	0x51
 1616 00d5 20000000 		.4byte	.LVL4
 1617 00d9 2C000000 		.4byte	.LVL8
 1618 00dd 0600     		.2byte	0x6
 1619 00df F3       		.byte	0xf3
 1620 00e0 01       		.uleb128 0x1
 1621 00e1 50       		.byte	0x50
 1622 00e2 23       		.byte	0x23
 1623 00e3 2C       		.uleb128 0x2c
 1624 00e4 9F       		.byte	0x9f
 1625 00e5 2C000000 		.4byte	.LVL8
 1626 00e9 2F000000 		.4byte	.LVL9-1
 1627 00ed 0100     		.2byte	0x1
 1628 00ef 51       		.byte	0x51
 1629 00f0 2F000000 		.4byte	.LVL9-1
 1630 00f4 38000000 		.4byte	.LFE7
 1631 00f8 0600     		.2byte	0x6
 1632 00fa F3       		.byte	0xf3
 1633 00fb 01       		.uleb128 0x1
 1634 00fc 50       		.byte	0x50
 1635 00fd 23       		.byte	0x23
 1636 00fe 2C       		.uleb128 0x2c
 1637 00ff 9F       		.byte	0x9f
 1638 0100 00000000 		.4byte	0
 1639 0104 00000000 		.4byte	0
 1640              	.LLST5:
 1641 0108 10000000 		.4byte	.LVL3
 1642 010c 2A000000 		.4byte	.LVL7
 1643 0110 0100     		.2byte	0x1
 1644 0112 54       		.byte	0x54
 1645 0113 2C000000 		.4byte	.LVL8
 1646 0117 38000000 		.4byte	.LFE7
 1647 011b 0100     		.2byte	0x1
 1648 011d 54       		.byte	0x54
 1649 011e 00000000 		.4byte	0
 1650 0122 00000000 		.4byte	0
ARM GAS  C:\Users\3130\AppData\Local\Temp\cc1rLQl5.s 			page 30


 1651              	.LLST6:
 1652 0126 00000000 		.4byte	.LFB8
 1653 012a 02000000 		.4byte	.LCFI1
 1654 012e 0200     		.2byte	0x2
 1655 0130 7D       		.byte	0x7d
 1656 0131 00       		.sleb128 0
 1657 0132 02000000 		.4byte	.LCFI1
 1658 0136 34000000 		.4byte	.LFE8
 1659 013a 0200     		.2byte	0x2
 1660 013c 7D       		.byte	0x7d
 1661 013d 08       		.sleb128 8
 1662 013e 00000000 		.4byte	0
 1663 0142 00000000 		.4byte	0
 1664              	.LLST7:
 1665 0146 12000000 		.4byte	.LVL10
 1666 014a 20000000 		.4byte	.LVL11
 1667 014e 0300     		.2byte	0x3
 1668 0150 73       		.byte	0x73
 1669 0151 2C       		.sleb128 44
 1670 0152 9F       		.byte	0x9f
 1671 0153 00000000 		.4byte	0
 1672 0157 00000000 		.4byte	0
 1673              	.LLST8:
 1674 015b 12000000 		.4byte	.LVL10
 1675 015f 20000000 		.4byte	.LVL11
 1676 0163 0100     		.2byte	0x1
 1677 0165 50       		.byte	0x50
 1678 0166 00000000 		.4byte	0
 1679 016a 00000000 		.4byte	0
 1680              	.LLST9:
 1681 016e 00000000 		.4byte	.LFB9
 1682 0172 02000000 		.4byte	.LCFI2
 1683 0176 0200     		.2byte	0x2
 1684 0178 7D       		.byte	0x7d
 1685 0179 00       		.sleb128 0
 1686 017a 02000000 		.4byte	.LCFI2
 1687 017e 0C000000 		.4byte	.LFE9
 1688 0182 0200     		.2byte	0x2
 1689 0184 7D       		.byte	0x7d
 1690 0185 08       		.sleb128 8
 1691 0186 00000000 		.4byte	0
 1692 018a 00000000 		.4byte	0
 1693              	.LLST10:
 1694 018e 00000000 		.4byte	.LVL13
 1695 0192 07000000 		.4byte	.LVL14-1
 1696 0196 0100     		.2byte	0x1
 1697 0198 50       		.byte	0x50
 1698 0199 07000000 		.4byte	.LVL14-1
 1699 019d 0C000000 		.4byte	.LFE9
 1700 01a1 0400     		.2byte	0x4
 1701 01a3 F3       		.byte	0xf3
 1702 01a4 01       		.uleb128 0x1
 1703 01a5 50       		.byte	0x50
 1704 01a6 9F       		.byte	0x9f
 1705 01a7 00000000 		.4byte	0
 1706 01ab 00000000 		.4byte	0
 1707              	.LLST11:
ARM GAS  C:\Users\3130\AppData\Local\Temp\cc1rLQl5.s 			page 31


 1708 01af 00000000 		.4byte	.LVL13
 1709 01b3 07000000 		.4byte	.LVL14-1
 1710 01b7 0100     		.2byte	0x1
 1711 01b9 51       		.byte	0x51
 1712 01ba 07000000 		.4byte	.LVL14-1
 1713 01be 0C000000 		.4byte	.LFE9
 1714 01c2 0400     		.2byte	0x4
 1715 01c4 F3       		.byte	0xf3
 1716 01c5 01       		.uleb128 0x1
 1717 01c6 51       		.byte	0x51
 1718 01c7 9F       		.byte	0x9f
 1719 01c8 00000000 		.4byte	0
 1720 01cc 00000000 		.4byte	0
 1721              		.section	.debug_aranges,"",%progbits
 1722 0000 2C000000 		.4byte	0x2c
 1723 0004 0200     		.2byte	0x2
 1724 0006 00000000 		.4byte	.Ldebug_info0
 1725 000a 04       		.byte	0x4
 1726 000b 00       		.byte	0
 1727 000c 0000     		.2byte	0
 1728 000e 0000     		.2byte	0
 1729 0010 00000000 		.4byte	.LFB7
 1730 0014 38000000 		.4byte	.LFE7-.LFB7
 1731 0018 00000000 		.4byte	.LFB8
 1732 001c 34000000 		.4byte	.LFE8-.LFB8
 1733 0020 00000000 		.4byte	.LFB9
 1734 0024 0C000000 		.4byte	.LFE9-.LFB9
 1735 0028 00000000 		.4byte	0
 1736 002c 00000000 		.4byte	0
 1737              		.section	.debug_ranges,"",%progbits
 1738              	.Ldebug_ranges0:
 1739 0000 12000000 		.4byte	.LBB8
 1740 0004 14000000 		.4byte	.LBE8
 1741 0008 16000000 		.4byte	.LBB11
 1742 000c 1A000000 		.4byte	.LBE11
 1743 0010 00000000 		.4byte	0
 1744 0014 00000000 		.4byte	0
 1745 0018 12000000 		.4byte	.LBB9
 1746 001c 14000000 		.4byte	.LBE9
 1747 0020 16000000 		.4byte	.LBB10
 1748 0024 1A000000 		.4byte	.LBE10
 1749 0028 00000000 		.4byte	0
 1750 002c 00000000 		.4byte	0
 1751 0030 00000000 		.4byte	.LFB7
 1752 0034 38000000 		.4byte	.LFE7
 1753 0038 00000000 		.4byte	.LFB8
 1754 003c 34000000 		.4byte	.LFE8
 1755 0040 00000000 		.4byte	.LFB9
 1756 0044 0C000000 		.4byte	.LFE9
 1757 0048 00000000 		.4byte	0
 1758 004c 00000000 		.4byte	0
 1759              		.section	.debug_line,"",%progbits
 1760              	.Ldebug_line0:
 1761 0000 D5010000 		.section	.debug_str,"MS",%progbits,1
 1761      02006A01 
 1761      00000201 
 1761      FB0E0D00 
ARM GAS  C:\Users\3130\AppData\Local\Temp\cc1rLQl5.s 			page 32


 1761      01010101 
 1762              	.LASF36:
 1763 0000 705F6D73 		.ascii	"p_msg\000"
 1763      6700
 1764              	.LASF68:
 1765 0006 71756575 		.ascii	"queue_insert\000"
 1765      655F696E 
 1765      73657274 
 1765      00
 1766              	.LASF58:
 1767 0013 7264796D 		.ascii	"rdymsg\000"
 1767      736700
 1768              	.LASF11:
 1769 001a 6C6F6E67 		.ascii	"long long unsigned int\000"
 1769      206C6F6E 
 1769      6720756E 
 1769      7369676E 
 1769      65642069 
 1770              	.LASF59:
 1771 0031 65786974 		.ascii	"exitcode\000"
 1771      636F6465 
 1771      00
 1772              	.LASF24:
 1773 003a 705F7072 		.ascii	"p_prio\000"
 1773      696F00
 1774              	.LASF10:
 1775 0041 6C6F6E67 		.ascii	"long long int\000"
 1775      206C6F6E 
 1775      6720696E 
 1775      7400
 1776              	.LASF1:
 1777 004f 7369676E 		.ascii	"signed char\000"
 1777      65642063 
 1777      68617200 
 1778              	.LASF40:
 1779 005b 705F6D70 		.ascii	"p_mpool\000"
 1779      6F6F6C00 
 1780              	.LASF55:
 1781 0063 6D5F7175 		.ascii	"m_queue\000"
 1781      65756500 
 1782              	.LASF16:
 1783 006b 74736C69 		.ascii	"tslices_t\000"
 1783      6365735F 
 1783      7400
 1784              	.LASF7:
 1785 0075 6C6F6E67 		.ascii	"long int\000"
 1785      20696E74 
 1785      00
 1786              	.LASF63:
 1787 007e 63684D73 		.ascii	"chMsgSend\000"
 1787      6753656E 
 1787      6400
 1788              	.LASF14:
 1789 0088 74737461 		.ascii	"tstate_t\000"
 1789      74655F74 
 1789      00
 1790              	.LASF26:
ARM GAS  C:\Users\3130\AppData\Local\Temp\cc1rLQl5.s 			page 33


 1791 0091 705F6E65 		.ascii	"p_newer\000"
 1791      77657200 
 1792              	.LASF50:
 1793 0099 725F6E65 		.ascii	"r_newer\000"
 1793      77657200 
 1794              	.LASF43:
 1795 00a1 72656761 		.ascii	"regarm_t\000"
 1795      726D5F74 
 1795      00
 1796              	.LASF0:
 1797 00aa 756E7369 		.ascii	"unsigned int\000"
 1797      676E6564 
 1797      20696E74 
 1797      00
 1798              	.LASF9:
 1799 00b7 6C6F6E67 		.ascii	"long unsigned int\000"
 1799      20756E73 
 1799      69676E65 
 1799      6420696E 
 1799      7400
 1800              	.LASF45:
 1801 00c9 636F6E74 		.ascii	"context\000"
 1801      65787400 
 1802              	.LASF4:
 1803 00d1 73686F72 		.ascii	"short unsigned int\000"
 1803      7420756E 
 1803      7369676E 
 1803      65642069 
 1803      6E7400
 1804              	.LASF18:
 1805 00e4 6D73675F 		.ascii	"msg_t\000"
 1805      7400
 1806              	.LASF13:
 1807 00ea 746D6F64 		.ascii	"tmode_t\000"
 1807      655F7400 
 1808              	.LASF42:
 1809 00f2 54687265 		.ascii	"ThreadsList\000"
 1809      6164734C 
 1809      69737400 
 1810              	.LASF19:
 1811 00fe 6576656E 		.ascii	"eventmask_t\000"
 1811      746D6173 
 1811      6B5F7400 
 1812              	.LASF54:
 1813 010a 4D757465 		.ascii	"Mutex\000"
 1813      7800
 1814              	.LASF46:
 1815 0110 73697A65 		.ascii	"sizetype\000"
 1815      74797065 
 1815      00
 1816              	.LASF27:
 1817 0119 705F6F6C 		.ascii	"p_older\000"
 1817      64657200 
 1818              	.LASF49:
 1819 0121 725F6374 		.ascii	"r_ctx\000"
 1819      7800
 1820              	.LASF41:
ARM GAS  C:\Users\3130\AppData\Local\Temp\cc1rLQl5.s 			page 34


 1821 0127 54687265 		.ascii	"ThreadsQueue\000"
 1821      61647351 
 1821      75657565 
 1821      00
 1822              	.LASF52:
 1823 0134 725F6375 		.ascii	"r_current\000"
 1823      7272656E 
 1823      7400
 1824              	.LASF51:
 1825 013e 725F6F6C 		.ascii	"r_older\000"
 1825      64657200 
 1826              	.LASF32:
 1827 0146 705F7072 		.ascii	"p_preempt\000"
 1827      65656D70 
 1827      7400
 1828              	.LASF15:
 1829 0150 74726566 		.ascii	"trefs_t\000"
 1829      735F7400 
 1830              	.LASF23:
 1831 0158 705F7072 		.ascii	"p_prev\000"
 1831      657600
 1832              	.LASF17:
 1833 015f 74707269 		.ascii	"tprio_t\000"
 1833      6F5F7400 
 1834              	.LASF12:
 1835 0167 5F426F6F 		.ascii	"_Bool\000"
 1835      6C00
 1836              	.LASF6:
 1837 016d 696E7433 		.ascii	"int32_t\000"
 1837      325F7400 
 1838              	.LASF2:
 1839 0175 756E7369 		.ascii	"unsigned char\000"
 1839      676E6564 
 1839      20636861 
 1839      7200
 1840              	.LASF38:
 1841 0183 705F6D74 		.ascii	"p_mtxlist\000"
 1841      786C6973 
 1841      7400
 1842              	.LASF3:
 1843 018d 73686F72 		.ascii	"short int\000"
 1843      7420696E 
 1843      7400
 1844              	.LASF29:
 1845 0197 705F7374 		.ascii	"p_state\000"
 1845      61746500 
 1846              	.LASF66:
 1847 019f 2E2E2F2E 		.ascii	"../../ChibiOS_2.6.1/os/kernel/src/chmsg.c\000"
 1847      2E2F4368 
 1847      6962694F 
 1847      535F322E 
 1847      362E312F 
 1848              	.LASF48:
 1849 01c9 725F7072 		.ascii	"r_prio\000"
 1849      696F00
 1850              	.LASF61:
 1851 01d0 65776D61 		.ascii	"ewmask\000"
ARM GAS  C:\Users\3130\AppData\Local\Temp\cc1rLQl5.s 			page 35


 1851      736B00
 1852              	.LASF22:
 1853 01d7 705F6E65 		.ascii	"p_next\000"
 1853      787400
 1854              	.LASF30:
 1855 01de 705F666C 		.ascii	"p_flags\000"
 1855      61677300 
 1856              	.LASF21:
 1857 01e6 54687265 		.ascii	"Thread\000"
 1857      616400
 1858              	.LASF70:
 1859 01ed 63684D73 		.ascii	"chMsgRelease\000"
 1859      6752656C 
 1859      65617365 
 1859      00
 1860              	.LASF72:
 1861 01fa 63685363 		.ascii	"chSchGoSleepS\000"
 1861      68476F53 
 1861      6C656570 
 1861      5300
 1862              	.LASF37:
 1863 0208 705F6570 		.ascii	"p_epending\000"
 1863      656E6469 
 1863      6E6700
 1864              	.LASF8:
 1865 0213 75696E74 		.ascii	"uint32_t\000"
 1865      33325F74 
 1865      00
 1866              	.LASF47:
 1867 021c 725F7175 		.ascii	"r_queue\000"
 1867      65756500 
 1868              	.LASF73:
 1869 0224 63685363 		.ascii	"chSchReadyI\000"
 1869      68526561 
 1869      64794900 
 1870              	.LASF62:
 1871 0230 63686172 		.ascii	"char\000"
 1871      00
 1872              	.LASF69:
 1873 0235 6669666F 		.ascii	"fifo_remove\000"
 1873      5F72656D 
 1873      6F766500 
 1874              	.LASF57:
 1875 0241 6D5F6E65 		.ascii	"m_next\000"
 1875      787400
 1876              	.LASF20:
 1877 0248 73797374 		.ascii	"systime_t\000"
 1877      696D655F 
 1877      7400
 1878              	.LASF39:
 1879 0252 705F7265 		.ascii	"p_realprio\000"
 1879      616C7072 
 1879      696F00
 1880              	.LASF33:
 1881 025d 705F7469 		.ascii	"p_time\000"
 1881      6D6500
 1882              	.LASF67:
ARM GAS  C:\Users\3130\AppData\Local\Temp\cc1rLQl5.s 			page 36


 1883 0264 433A5C73 		.ascii	"C:\\stm32f0-Discovery_Tools\\Projects\\ChibiOS_Temp"
 1883      746D3332 
 1883      66302D44 
 1883      6973636F 
 1883      76657279 
 1884 0294 6C617465 		.ascii	"late\000"
 1884      00
 1885              	.LASF44:
 1886 0299 696E7463 		.ascii	"intctx\000"
 1886      747800
 1887              	.LASF35:
 1888 02a0 705F6D73 		.ascii	"p_msgqueue\000"
 1888      67717565 
 1888      756500
 1889              	.LASF74:
 1890 02ab 63685363 		.ascii	"chSchWakeupS\000"
 1890      6857616B 
 1890      65757053 
 1890      00
 1891              	.LASF64:
 1892 02b8 63684D73 		.ascii	"chMsgWait\000"
 1892      67576169 
 1892      7400
 1893              	.LASF31:
 1894 02c2 705F7265 		.ascii	"p_refs\000"
 1894      667300
 1895              	.LASF53:
 1896 02c9 52656164 		.ascii	"ReadyList\000"
 1896      794C6973 
 1896      7400
 1897              	.LASF71:
 1898 02d3 726C6973 		.ascii	"rlist\000"
 1898      7400
 1899              	.LASF5:
 1900 02d9 75696E74 		.ascii	"uint8_t\000"
 1900      385F7400 
 1901              	.LASF65:
 1902 02e1 474E5520 		.ascii	"GNU C 4.7.4 20130913 (prerelease)\000"
 1902      4320342E 
 1902      372E3420 
 1902      32303133 
 1902      30393133 
 1903              	.LASF60:
 1904 0303 77746F62 		.ascii	"wtobjp\000"
 1904      6A7000
 1905              	.LASF28:
 1906 030a 705F6E61 		.ascii	"p_name\000"
 1906      6D6500
 1907              	.LASF56:
 1908 0311 6D5F6F77 		.ascii	"m_owner\000"
 1908      6E657200 
 1909              	.LASF25:
 1910 0319 705F6374 		.ascii	"p_ctx\000"
 1910      7800
 1911              	.LASF34:
 1912 031f 705F7761 		.ascii	"p_waiting\000"
 1912      6974696E 
ARM GAS  C:\Users\3130\AppData\Local\Temp\cc1rLQl5.s 			page 37


 1912      6700
 1913              		.ident	"GCC: (GNU Tools for ARM Embedded Processors / bleeding-edge-toolchain-131005) 4.7.4 201309
ARM GAS  C:\Users\3130\AppData\Local\Temp\cc1rLQl5.s 			page 38


DEFINED SYMBOLS
                            *ABS*:00000000 chmsg.c
C:\Users\3130\AppData\Local\Temp\cc1rLQl5.s:18     .text.chMsgSend:00000000 $t
C:\Users\3130\AppData\Local\Temp\cc1rLQl5.s:24     .text.chMsgSend:00000000 chMsgSend
C:\Users\3130\AppData\Local\Temp\cc1rLQl5.s:99     .text.chMsgSend:00000034 $d
C:\Users\3130\AppData\Local\Temp\cc1rLQl5.s:104    .text.chMsgWait:00000000 $t
C:\Users\3130\AppData\Local\Temp\cc1rLQl5.s:110    .text.chMsgWait:00000000 chMsgWait
C:\Users\3130\AppData\Local\Temp\cc1rLQl5.s:173    .text.chMsgWait:00000030 $d
C:\Users\3130\AppData\Local\Temp\cc1rLQl5.s:178    .text.chMsgRelease:00000000 $t
C:\Users\3130\AppData\Local\Temp\cc1rLQl5.s:184    .text.chMsgRelease:00000000 chMsgRelease
                     .debug_frame:00000010 $d
C:\Users\3130\AppData\Local\Temp\cc1rLQl5.s:103    .text.chMsgSend:00000038 $t
C:\Users\3130\AppData\Local\Temp\cc1rLQl5.s:177    .text.chMsgWait:00000034 $t

UNDEFINED SYMBOLS
chSchGoSleepS
chSchReadyI
rlist
chSchWakeupS
